[1.542s] Invoking command in '/home/rodrigo/Proyecto_III/g05_prii3/g05_prii3_WS/build/eurobot_real': PYTHONPATH=/home/rodrigo/Proyecto_III/g05_prii3/g05_prii3_WS/build/eurobot_real/prefix_override:/usr/lib/python3/dist-packages/colcon_core/task/python/colcon_distutils_commands:/home/rodrigo/Proyecto_III/g05_prii3/g05_prii3_WS/install/eurobot_real/lib/python3.8/site-packages:${PYTHONPATH} /usr/bin/python3 -W ignore:setup.py install is deprecated -W ignore:easy_install command is deprecated setup.py develop --uninstall --editable --build-directory /home/rodrigo/Proyecto_III/g05_prii3/g05_prii3_WS/build/eurobot_real/build
[1.858s] running develop
[2.046s] Removing /home/rodrigo/Proyecto_III/g05_prii3/g05_prii3_WS/install/eurobot_real/lib/python3.8/site-packages/eurobot-real.egg-link (link to .)
[2.071s] Invoked command in '/home/rodrigo/Proyecto_III/g05_prii3/g05_prii3_WS/build/eurobot_real' returned '0': PYTHONPATH=/home/rodrigo/Proyecto_III/g05_prii3/g05_prii3_WS/build/eurobot_real/prefix_override:/usr/lib/python3/dist-packages/colcon_core/task/python/colcon_distutils_commands:/home/rodrigo/Proyecto_III/g05_prii3/g05_prii3_WS/install/eurobot_real/lib/python3.8/site-packages:${PYTHONPATH} /usr/bin/python3 -W ignore:setup.py install is deprecated -W ignore:easy_install command is deprecated setup.py develop --uninstall --editable --build-directory /home/rodrigo/Proyecto_III/g05_prii3/g05_prii3_WS/build/eurobot_real/build
[2.072s] Invoking command in '/home/rodrigo/Proyecto_III/g05_prii3/g05_prii3_WS/src/eurobot_real': PYTHONPATH=/home/rodrigo/Proyecto_III/g05_prii3/g05_prii3_WS/build/eurobot_real/prefix_override:/usr/lib/python3/dist-packages/colcon_core/task/python/colcon_distutils_commands:/home/rodrigo/Proyecto_III/g05_prii3/g05_prii3_WS/install/eurobot_real/lib/python3.8/site-packages:${PYTHONPATH} /usr/bin/python3 -W ignore:setup.py install is deprecated -W ignore:easy_install command is deprecated setup.py egg_info --egg-base ../../build/eurobot_real build --build-base /home/rodrigo/Proyecto_III/g05_prii3/g05_prii3_WS/build/eurobot_real/build install --record /home/rodrigo/Proyecto_III/g05_prii3/g05_prii3_WS/build/eurobot_real/install.log --single-version-externally-managed install_data --force
[2.371s] running egg_info
[2.371s] writing ../../build/eurobot_real/eurobot_real.egg-info/PKG-INFO
[2.372s] writing dependency_links to ../../build/eurobot_real/eurobot_real.egg-info/dependency_links.txt
[2.372s] writing entry points to ../../build/eurobot_real/eurobot_real.egg-info/entry_points.txt
[2.372s] writing requirements to ../../build/eurobot_real/eurobot_real.egg-info/requires.txt
[2.373s] writing top-level names to ../../build/eurobot_real/eurobot_real.egg-info/top_level.txt
[2.416s] reading manifest file '../../build/eurobot_real/eurobot_real.egg-info/SOURCES.txt'
[2.418s] writing manifest file '../../build/eurobot_real/eurobot_real.egg-info/SOURCES.txt'
[2.419s] running build
[2.419s] running build_py
[2.419s] creating /home/rodrigo/Proyecto_III/g05_prii3/g05_prii3_WS/build/eurobot_real/build
[2.419s] creating /home/rodrigo/Proyecto_III/g05_prii3/g05_prii3_WS/build/eurobot_real/build/lib
[2.419s] creating /home/rodrigo/Proyecto_III/g05_prii3/g05_prii3_WS/build/eurobot_real/build/lib/eurobot_real
[2.419s] copying eurobot_real/real_vision_node.py -> /home/rodrigo/Proyecto_III/g05_prii3/g05_prii3_WS/build/eurobot_real/build/lib/eurobot_real
[2.419s] copying eurobot_real/__init__.py -> /home/rodrigo/Proyecto_III/g05_prii3/g05_prii3_WS/build/eurobot_real/build/lib/eurobot_real
[2.420s] copying eurobot_real/real_navigator.py -> /home/rodrigo/Proyecto_III/g05_prii3/g05_prii3_WS/build/eurobot_real/build/lib/eurobot_real
[2.420s] running install
[2.420s] running install_lib
[2.422s] creating /home/rodrigo/Proyecto_III/g05_prii3/g05_prii3_WS/install/eurobot_real/lib/python3.8/site-packages/eurobot_real
[2.422s] copying /home/rodrigo/Proyecto_III/g05_prii3/g05_prii3_WS/build/eurobot_real/build/lib/eurobot_real/real_vision_node.py -> /home/rodrigo/Proyecto_III/g05_prii3/g05_prii3_WS/install/eurobot_real/lib/python3.8/site-packages/eurobot_real
[2.422s] copying /home/rodrigo/Proyecto_III/g05_prii3/g05_prii3_WS/build/eurobot_real/build/lib/eurobot_real/__init__.py -> /home/rodrigo/Proyecto_III/g05_prii3/g05_prii3_WS/install/eurobot_real/lib/python3.8/site-packages/eurobot_real
[2.423s] copying /home/rodrigo/Proyecto_III/g05_prii3/g05_prii3_WS/build/eurobot_real/build/lib/eurobot_real/real_navigator.py -> /home/rodrigo/Proyecto_III/g05_prii3/g05_prii3_WS/install/eurobot_real/lib/python3.8/site-packages/eurobot_real
[2.423s] byte-compiling /home/rodrigo/Proyecto_III/g05_prii3/g05_prii3_WS/install/eurobot_real/lib/python3.8/site-packages/eurobot_real/real_vision_node.py to real_vision_node.cpython-38.pyc
[2.425s] byte-compiling /home/rodrigo/Proyecto_III/g05_prii3/g05_prii3_WS/install/eurobot_real/lib/python3.8/site-packages/eurobot_real/__init__.py to __init__.cpython-38.pyc
[2.426s] byte-compiling /home/rodrigo/Proyecto_III/g05_prii3/g05_prii3_WS/install/eurobot_real/lib/python3.8/site-packages/eurobot_real/real_navigator.py to real_navigator.cpython-38.pyc
[2.427s] running install_data
[2.427s] copying resource/eurobot_real -> /home/rodrigo/Proyecto_III/g05_prii3/g05_prii3_WS/install/eurobot_real/share/ament_index/resource_index/packages
[2.428s] copying package.xml -> /home/rodrigo/Proyecto_III/g05_prii3/g05_prii3_WS/install/eurobot_real/share/eurobot_real
[2.428s] copying launch/real_launch.py -> /home/rodrigo/Proyecto_III/g05_prii3/g05_prii3_WS/install/eurobot_real/share/eurobot_real/launch
[2.428s] copying rviz/real_view.rviz -> /home/rodrigo/Proyecto_III/g05_prii3/g05_prii3_WS/install/eurobot_real/share/eurobot_real/rviz
[2.428s] running install_egg_info
[2.429s] Copying ../../build/eurobot_real/eurobot_real.egg-info to /home/rodrigo/Proyecto_III/g05_prii3/g05_prii3_WS/install/eurobot_real/lib/python3.8/site-packages/eurobot_real-0.0.0-py3.8.egg-info
[2.431s] running install_scripts
[2.453s] Installing real_navigator script to /home/rodrigo/Proyecto_III/g05_prii3/g05_prii3_WS/install/eurobot_real/bin
[2.453s] Installing real_vision_node script to /home/rodrigo/Proyecto_III/g05_prii3/g05_prii3_WS/install/eurobot_real/bin
[2.454s] writing list of installed files to '/home/rodrigo/Proyecto_III/g05_prii3/g05_prii3_WS/build/eurobot_real/install.log'
[2.478s] Invoked command in '/home/rodrigo/Proyecto_III/g05_prii3/g05_prii3_WS/src/eurobot_real' returned '0': PYTHONPATH=/home/rodrigo/Proyecto_III/g05_prii3/g05_prii3_WS/build/eurobot_real/prefix_override:/usr/lib/python3/dist-packages/colcon_core/task/python/colcon_distutils_commands:/home/rodrigo/Proyecto_III/g05_prii3/g05_prii3_WS/install/eurobot_real/lib/python3.8/site-packages:${PYTHONPATH} /usr/bin/python3 -W ignore:setup.py install is deprecated -W ignore:easy_install command is deprecated setup.py egg_info --egg-base ../../build/eurobot_real build --build-base /home/rodrigo/Proyecto_III/g05_prii3/g05_prii3_WS/build/eurobot_real/build install --record /home/rodrigo/Proyecto_III/g05_prii3/g05_prii3_WS/build/eurobot_real/install.log --single-version-externally-managed install_data --force
