[0.280s] DEBUG:colcon:Command line arguments: ['/usr/bin/colcon', 'build', '--symlink-install']
[0.280s] DEBUG:colcon:Parsed command line arguments: Namespace(allow_overriding=[], ament_cmake_args=None, base_paths=['.'], build_base='build', catkin_cmake_args=None, catkin_skip_building_tests=False, cmake_args=None, cmake_clean_cache=False, cmake_clean_first=False, cmake_force_configure=False, cmake_target=None, cmake_target_skip_unavailable=False, continue_on_error=False, event_handlers=None, executor='parallel', ignore_user_meta=False, install_base='install', log_base=None, log_level=None, main=<bound method BuildVerb.main of <colcon_core.verb.build.BuildVerb object at 0x7f1eada79d60>>, merge_install=False, metas=['./colcon.meta'], packages_above=None, packages_above_and_dependencies=None, packages_above_depth=None, packages_end=None, packages_ignore=None, packages_ignore_regex=None, packages_select=None, packages_select_build_failed=False, packages_select_by_dep=None, packages_select_regex=None, packages_select_test_failures=False, packages_skip=None, packages_skip_build_finished=False, packages_skip_by_dep=None, packages_skip_regex=None, packages_skip_test_passed=False, packages_skip_up_to=None, packages_start=None, packages_up_to=None, packages_up_to_regex=None, parallel_workers=12, paths=None, symlink_install=True, test_result_base=None, verb_extension=<colcon_core.verb.build.BuildVerb object at 0x7f1eada79d60>, verb_name='build', verb_parser=<colcon_defaults.argument_parser.defaults.DefaultArgumentsDecorator object at 0x7f1eada83310>)
[0.544s] Level 1:colcon.colcon_core.package_discovery:discover_packages(colcon_meta) check parameters
[0.544s] Level 1:colcon.colcon_core.package_discovery:discover_packages(recursive) check parameters
[0.544s] Level 1:colcon.colcon_core.package_discovery:discover_packages(ignore) check parameters
[0.544s] Level 1:colcon.colcon_core.package_discovery:discover_packages(path) check parameters
[0.544s] Level 1:colcon.colcon_core.package_discovery:discover_packages(colcon_meta) discover
[0.544s] Level 1:colcon.colcon_core.package_discovery:discover_packages(recursive) discover
[0.544s] INFO:colcon.colcon_core.package_discovery:Crawling recursively for packages in '/home/rodrigo/Proyecto_III/g05_prii3/g05_prii3_WS'
[0.545s] Level 1:colcon.colcon_core.package_identification:_identify(.) by extensions ['ignore', 'ignore_ament_install']
[0.545s] Level 1:colcon.colcon_core.package_identification:_identify(.) by extension 'ignore'
[0.545s] Level 1:colcon.colcon_core.package_identification:_identify(.) by extension 'ignore_ament_install'
[0.545s] Level 1:colcon.colcon_core.package_identification:_identify(.) by extensions ['colcon_pkg']
[0.545s] Level 1:colcon.colcon_core.package_identification:_identify(.) by extension 'colcon_pkg'
[0.545s] Level 1:colcon.colcon_core.package_identification:_identify(.) by extensions ['colcon_meta']
[0.545s] Level 1:colcon.colcon_core.package_identification:_identify(.) by extension 'colcon_meta'
[0.545s] Level 1:colcon.colcon_core.package_identification:_identify(.) by extensions ['ros']
[0.545s] Level 1:colcon.colcon_core.package_identification:_identify(.) by extension 'ros'
[0.564s] Level 1:colcon.colcon_core.package_identification:_identify(.) by extensions ['cmake', 'python']
[0.564s] Level 1:colcon.colcon_core.package_identification:_identify(.) by extension 'cmake'
[0.564s] Level 1:colcon.colcon_core.package_identification:_identify(.) by extension 'python'
[0.564s] Level 1:colcon.colcon_core.package_identification:_identify(.) by extensions ['python_setup_py']
[0.564s] Level 1:colcon.colcon_core.package_identification:_identify(.) by extension 'python_setup_py'
[0.564s] Level 1:colcon.colcon_core.package_identification:_identify(build) by extensions ['ignore', 'ignore_ament_install']
[0.565s] Level 1:colcon.colcon_core.package_identification:_identify(build) by extension 'ignore'
[0.565s] Level 1:colcon.colcon_core.package_identification:_identify(build) ignored
[0.565s] Level 1:colcon.colcon_core.package_identification:_identify(install) by extensions ['ignore', 'ignore_ament_install']
[0.565s] Level 1:colcon.colcon_core.package_identification:_identify(install) by extension 'ignore'
[0.565s] Level 1:colcon.colcon_core.package_identification:_identify(install) ignored
[0.565s] Level 1:colcon.colcon_core.package_identification:_identify(log) by extensions ['ignore', 'ignore_ament_install']
[0.565s] Level 1:colcon.colcon_core.package_identification:_identify(log) by extension 'ignore'
[0.565s] Level 1:colcon.colcon_core.package_identification:_identify(log) ignored
[0.566s] Level 1:colcon.colcon_core.package_identification:_identify(src) by extensions ['ignore', 'ignore_ament_install']
[0.566s] Level 1:colcon.colcon_core.package_identification:_identify(src) by extension 'ignore'
[0.566s] Level 1:colcon.colcon_core.package_identification:_identify(src) by extension 'ignore_ament_install'
[0.566s] Level 1:colcon.colcon_core.package_identification:_identify(src) by extensions ['colcon_pkg']
[0.566s] Level 1:colcon.colcon_core.package_identification:_identify(src) by extension 'colcon_pkg'
[0.566s] Level 1:colcon.colcon_core.package_identification:_identify(src) by extensions ['colcon_meta']
[0.566s] Level 1:colcon.colcon_core.package_identification:_identify(src) by extension 'colcon_meta'
[0.566s] Level 1:colcon.colcon_core.package_identification:_identify(src) by extensions ['ros']
[0.566s] Level 1:colcon.colcon_core.package_identification:_identify(src) by extension 'ros'
[0.566s] Level 1:colcon.colcon_core.package_identification:_identify(src) by extensions ['cmake', 'python']
[0.566s] Level 1:colcon.colcon_core.package_identification:_identify(src) by extension 'cmake'
[0.566s] Level 1:colcon.colcon_core.package_identification:_identify(src) by extension 'python'
[0.567s] Level 1:colcon.colcon_core.package_identification:_identify(src) by extensions ['python_setup_py']
[0.567s] Level 1:colcon.colcon_core.package_identification:_identify(src) by extension 'python_setup_py'
[0.567s] Level 1:colcon.colcon_core.package_identification:_identify(src/build) by extensions ['ignore', 'ignore_ament_install']
[0.567s] Level 1:colcon.colcon_core.package_identification:_identify(src/build) by extension 'ignore'
[0.567s] Level 1:colcon.colcon_core.package_identification:_identify(src/build) ignored
[0.567s] Level 1:colcon.colcon_core.package_identification:_identify(src/eurobot_real) by extensions ['ignore', 'ignore_ament_install']
[0.567s] Level 1:colcon.colcon_core.package_identification:_identify(src/eurobot_real) by extension 'ignore'
[0.567s] Level 1:colcon.colcon_core.package_identification:_identify(src/eurobot_real) by extension 'ignore_ament_install'
[0.567s] Level 1:colcon.colcon_core.package_identification:_identify(src/eurobot_real) by extensions ['colcon_pkg']
[0.567s] Level 1:colcon.colcon_core.package_identification:_identify(src/eurobot_real) by extension 'colcon_pkg'
[0.568s] Level 1:colcon.colcon_core.package_identification:_identify(src/eurobot_real) by extensions ['colcon_meta']
[0.568s] Level 1:colcon.colcon_core.package_identification:_identify(src/eurobot_real) by extension 'colcon_meta'
[0.568s] Level 1:colcon.colcon_core.package_identification:_identify(src/eurobot_real) by extensions ['ros']
[0.568s] Level 1:colcon.colcon_core.package_identification:_identify(src/eurobot_real) by extension 'ros'
[0.573s] DEBUG:colcon.colcon_core.package_identification:Package 'src/eurobot_real' with type 'ros.ament_python' and name 'eurobot_real'
[0.573s] Level 1:colcon.colcon_core.package_identification:_identify(src/install) by extensions ['ignore', 'ignore_ament_install']
[0.573s] Level 1:colcon.colcon_core.package_identification:_identify(src/install) by extension 'ignore'
[0.573s] Level 1:colcon.colcon_core.package_identification:_identify(src/install) ignored
[0.573s] Level 1:colcon.colcon_core.package_identification:_identify(src/log) by extensions ['ignore', 'ignore_ament_install']
[0.573s] Level 1:colcon.colcon_core.package_identification:_identify(src/log) by extension 'ignore'
[0.574s] Level 1:colcon.colcon_core.package_identification:_identify(src/log) ignored
[0.574s] Level 1:colcon.colcon_core.package_identification:_identify(src/sprint4_eurobot) by extensions ['ignore', 'ignore_ament_install']
[0.574s] Level 1:colcon.colcon_core.package_identification:_identify(src/sprint4_eurobot) by extension 'ignore'
[0.574s] Level 1:colcon.colcon_core.package_identification:_identify(src/sprint4_eurobot) by extension 'ignore_ament_install'
[0.574s] Level 1:colcon.colcon_core.package_identification:_identify(src/sprint4_eurobot) by extensions ['colcon_pkg']
[0.574s] Level 1:colcon.colcon_core.package_identification:_identify(src/sprint4_eurobot) by extension 'colcon_pkg'
[0.574s] Level 1:colcon.colcon_core.package_identification:_identify(src/sprint4_eurobot) by extensions ['colcon_meta']
[0.574s] Level 1:colcon.colcon_core.package_identification:_identify(src/sprint4_eurobot) by extension 'colcon_meta'
[0.574s] Level 1:colcon.colcon_core.package_identification:_identify(src/sprint4_eurobot) by extensions ['ros']
[0.574s] Level 1:colcon.colcon_core.package_identification:_identify(src/sprint4_eurobot) by extension 'ros'
[0.575s] DEBUG:colcon.colcon_core.package_identification:Package 'src/sprint4_eurobot' with type 'ros.ament_python' and name 'sprint4_eurobot'
[0.576s] Level 1:colcon.colcon_core.package_identification:_identify(src/sprint5_eurobot) by extensions ['ignore', 'ignore_ament_install']
[0.576s] Level 1:colcon.colcon_core.package_identification:_identify(src/sprint5_eurobot) by extension 'ignore'
[0.576s] Level 1:colcon.colcon_core.package_identification:_identify(src/sprint5_eurobot) by extension 'ignore_ament_install'
[0.576s] Level 1:colcon.colcon_core.package_identification:_identify(src/sprint5_eurobot) by extensions ['colcon_pkg']
[0.576s] Level 1:colcon.colcon_core.package_identification:_identify(src/sprint5_eurobot) by extension 'colcon_pkg'
[0.576s] Level 1:colcon.colcon_core.package_identification:_identify(src/sprint5_eurobot) by extensions ['colcon_meta']
[0.576s] Level 1:colcon.colcon_core.package_identification:_identify(src/sprint5_eurobot) by extension 'colcon_meta'
[0.576s] Level 1:colcon.colcon_core.package_identification:_identify(src/sprint5_eurobot) by extensions ['ros']
[0.576s] Level 1:colcon.colcon_core.package_identification:_identify(src/sprint5_eurobot) by extension 'ros'
[0.577s] DEBUG:colcon.colcon_core.package_identification:Package 'src/sprint5_eurobot' with type 'ros.ament_python' and name 'sprint5_eurobot'
[0.578s] Level 1:colcon.colcon_core.package_discovery:discover_packages(recursive) using defaults
[0.578s] Level 1:colcon.colcon_core.package_discovery:discover_packages(ignore) discover
[0.578s] Level 1:colcon.colcon_core.package_discovery:discover_packages(ignore) using defaults
[0.578s] Level 1:colcon.colcon_core.package_discovery:discover_packages(path) discover
[0.578s] Level 1:colcon.colcon_core.package_discovery:discover_packages(path) using defaults
[0.607s] Level 1:colcon.colcon_core.package_discovery:discover_packages(prefix_path) check parameters
[0.607s] Level 1:colcon.colcon_core.package_discovery:discover_packages(prefix_path) discover
[0.611s] DEBUG:colcon.colcon_installed_package_information.package_discovery:Found 3 installed packages in /home/rodrigo/Proyecto_III/g05_prii3/g05_prii3_WS/install
[0.615s] DEBUG:colcon.colcon_installed_package_information.package_discovery:Found 371 installed packages in /opt/ros/foxy
[0.632s] Level 1:colcon.colcon_core.package_discovery:discover_packages(prefix_path) using defaults
[0.772s] Level 5:colcon.colcon_core.verb:set package 'eurobot_real' build argument 'cmake_args' from command line to 'None'
[0.773s] Level 5:colcon.colcon_core.verb:set package 'eurobot_real' build argument 'cmake_target' from command line to 'None'
[0.773s] Level 5:colcon.colcon_core.verb:set package 'eurobot_real' build argument 'cmake_target_skip_unavailable' from command line to 'False'
[0.773s] Level 5:colcon.colcon_core.verb:set package 'eurobot_real' build argument 'cmake_clean_cache' from command line to 'False'
[0.773s] Level 5:colcon.colcon_core.verb:set package 'eurobot_real' build argument 'cmake_clean_first' from command line to 'False'
[0.773s] Level 5:colcon.colcon_core.verb:set package 'eurobot_real' build argument 'cmake_force_configure' from command line to 'False'
[0.773s] Level 5:colcon.colcon_core.verb:set package 'eurobot_real' build argument 'ament_cmake_args' from command line to 'None'
[0.773s] Level 5:colcon.colcon_core.verb:set package 'eurobot_real' build argument 'catkin_cmake_args' from command line to 'None'
[0.773s] Level 5:colcon.colcon_core.verb:set package 'eurobot_real' build argument 'catkin_skip_building_tests' from command line to 'False'
[0.773s] DEBUG:colcon.colcon_core.verb:Building package 'eurobot_real' with the following arguments: {'ament_cmake_args': None, 'build_base': '/home/rodrigo/Proyecto_III/g05_prii3/g05_prii3_WS/build/eurobot_real', 'catkin_cmake_args': None, 'catkin_skip_building_tests': False, 'cmake_args': None, 'cmake_clean_cache': False, 'cmake_clean_first': False, 'cmake_force_configure': False, 'cmake_target': None, 'cmake_target_skip_unavailable': False, 'install_base': '/home/rodrigo/Proyecto_III/g05_prii3/g05_prii3_WS/install/eurobot_real', 'merge_install': False, 'path': '/home/rodrigo/Proyecto_III/g05_prii3/g05_prii3_WS/src/eurobot_real', 'symlink_install': True, 'test_result_base': None}
[0.774s] Level 5:colcon.colcon_core.verb:set package 'sprint4_eurobot' build argument 'cmake_args' from command line to 'None'
[0.774s] Level 5:colcon.colcon_core.verb:set package 'sprint4_eurobot' build argument 'cmake_target' from command line to 'None'
[0.774s] Level 5:colcon.colcon_core.verb:set package 'sprint4_eurobot' build argument 'cmake_target_skip_unavailable' from command line to 'False'
[0.774s] Level 5:colcon.colcon_core.verb:set package 'sprint4_eurobot' build argument 'cmake_clean_cache' from command line to 'False'
[0.774s] Level 5:colcon.colcon_core.verb:set package 'sprint4_eurobot' build argument 'cmake_clean_first' from command line to 'False'
[0.774s] Level 5:colcon.colcon_core.verb:set package 'sprint4_eurobot' build argument 'cmake_force_configure' from command line to 'False'
[0.774s] Level 5:colcon.colcon_core.verb:set package 'sprint4_eurobot' build argument 'ament_cmake_args' from command line to 'None'
[0.774s] Level 5:colcon.colcon_core.verb:set package 'sprint4_eurobot' build argument 'catkin_cmake_args' from command line to 'None'
[0.774s] Level 5:colcon.colcon_core.verb:set package 'sprint4_eurobot' build argument 'catkin_skip_building_tests' from command line to 'False'
[0.774s] DEBUG:colcon.colcon_core.verb:Building package 'sprint4_eurobot' with the following arguments: {'ament_cmake_args': None, 'build_base': '/home/rodrigo/Proyecto_III/g05_prii3/g05_prii3_WS/build/sprint4_eurobot', 'catkin_cmake_args': None, 'catkin_skip_building_tests': False, 'cmake_args': None, 'cmake_clean_cache': False, 'cmake_clean_first': False, 'cmake_force_configure': False, 'cmake_target': None, 'cmake_target_skip_unavailable': False, 'install_base': '/home/rodrigo/Proyecto_III/g05_prii3/g05_prii3_WS/install/sprint4_eurobot', 'merge_install': False, 'path': '/home/rodrigo/Proyecto_III/g05_prii3/g05_prii3_WS/src/sprint4_eurobot', 'symlink_install': True, 'test_result_base': None}
[0.775s] Level 5:colcon.colcon_core.verb:set package 'sprint5_eurobot' build argument 'cmake_args' from command line to 'None'
[0.775s] Level 5:colcon.colcon_core.verb:set package 'sprint5_eurobot' build argument 'cmake_target' from command line to 'None'
[0.775s] Level 5:colcon.colcon_core.verb:set package 'sprint5_eurobot' build argument 'cmake_target_skip_unavailable' from command line to 'False'
[0.775s] Level 5:colcon.colcon_core.verb:set package 'sprint5_eurobot' build argument 'cmake_clean_cache' from command line to 'False'
[0.775s] Level 5:colcon.colcon_core.verb:set package 'sprint5_eurobot' build argument 'cmake_clean_first' from command line to 'False'
[0.775s] Level 5:colcon.colcon_core.verb:set package 'sprint5_eurobot' build argument 'cmake_force_configure' from command line to 'False'
[0.775s] Level 5:colcon.colcon_core.verb:set package 'sprint5_eurobot' build argument 'ament_cmake_args' from command line to 'None'
[0.775s] Level 5:colcon.colcon_core.verb:set package 'sprint5_eurobot' build argument 'catkin_cmake_args' from command line to 'None'
[0.775s] Level 5:colcon.colcon_core.verb:set package 'sprint5_eurobot' build argument 'catkin_skip_building_tests' from command line to 'False'
[0.776s] DEBUG:colcon.colcon_core.verb:Building package 'sprint5_eurobot' with the following arguments: {'ament_cmake_args': None, 'build_base': '/home/rodrigo/Proyecto_III/g05_prii3/g05_prii3_WS/build/sprint5_eurobot', 'catkin_cmake_args': None, 'catkin_skip_building_tests': False, 'cmake_args': None, 'cmake_clean_cache': False, 'cmake_clean_first': False, 'cmake_force_configure': False, 'cmake_target': None, 'cmake_target_skip_unavailable': False, 'install_base': '/home/rodrigo/Proyecto_III/g05_prii3/g05_prii3_WS/install/sprint5_eurobot', 'merge_install': False, 'path': '/home/rodrigo/Proyecto_III/g05_prii3/g05_prii3_WS/src/sprint5_eurobot', 'symlink_install': True, 'test_result_base': None}
[0.776s] INFO:colcon.colcon_core.executor:Executing jobs using 'parallel' executor
[0.777s] DEBUG:colcon.colcon_parallel_executor.executor.parallel:run_until_complete
[0.778s] INFO:colcon.colcon_ros.task.ament_python.build:Building ROS package in '/home/rodrigo/Proyecto_III/g05_prii3/g05_prii3_WS/src/eurobot_real' with build type 'ament_python'
[0.778s] Level 1:colcon.colcon_core.shell:create_environment_hook('eurobot_real', 'ament_prefix_path')
[0.781s] INFO:colcon.colcon_core.plugin_system:Skipping extension 'colcon_core.shell.bat': Not used on non-Windows systems
[0.782s] INFO:colcon.colcon_core.shell:Creating environment hook '/home/rodrigo/Proyecto_III/g05_prii3/g05_prii3_WS/install/eurobot_real/share/eurobot_real/hook/ament_prefix_path.ps1'
[0.783s] INFO:colcon.colcon_core.shell:Creating environment descriptor '/home/rodrigo/Proyecto_III/g05_prii3/g05_prii3_WS/install/eurobot_real/share/eurobot_real/hook/ament_prefix_path.dsv'
[0.783s] INFO:colcon.colcon_core.shell:Creating environment hook '/home/rodrigo/Proyecto_III/g05_prii3/g05_prii3_WS/install/eurobot_real/share/eurobot_real/hook/ament_prefix_path.sh'
[0.785s] INFO:colcon.colcon_core.shell:Skip shell extension 'powershell' for command environment: Not usable outside of PowerShell
[0.785s] DEBUG:colcon.colcon_core.shell:Skip shell extension 'dsv' for command environment
[0.795s] INFO:colcon.colcon_ros.task.ament_python.build:Building ROS package in '/home/rodrigo/Proyecto_III/g05_prii3/g05_prii3_WS/src/sprint4_eurobot' with build type 'ament_python'
[0.796s] Level 1:colcon.colcon_core.shell:create_environment_hook('sprint4_eurobot', 'ament_prefix_path')
[0.796s] INFO:colcon.colcon_core.shell:Creating environment hook '/home/rodrigo/Proyecto_III/g05_prii3/g05_prii3_WS/install/sprint4_eurobot/share/sprint4_eurobot/hook/ament_prefix_path.ps1'
[0.801s] INFO:colcon.colcon_core.shell:Creating environment descriptor '/home/rodrigo/Proyecto_III/g05_prii3/g05_prii3_WS/install/sprint4_eurobot/share/sprint4_eurobot/hook/ament_prefix_path.dsv'
[0.801s] INFO:colcon.colcon_core.shell:Creating environment hook '/home/rodrigo/Proyecto_III/g05_prii3/g05_prii3_WS/install/sprint4_eurobot/share/sprint4_eurobot/hook/ament_prefix_path.sh'
[0.802s] INFO:colcon.colcon_core.shell:Skip shell extension 'powershell' for command environment: Not usable outside of PowerShell
[0.802s] DEBUG:colcon.colcon_core.shell:Skip shell extension 'dsv' for command environment
[0.811s] INFO:colcon.colcon_ros.task.ament_python.build:Building ROS package in '/home/rodrigo/Proyecto_III/g05_prii3/g05_prii3_WS/src/sprint5_eurobot' with build type 'ament_python'
[0.812s] Level 1:colcon.colcon_core.shell:create_environment_hook('sprint5_eurobot', 'ament_prefix_path')
[0.813s] INFO:colcon.colcon_core.shell:Creating environment hook '/home/rodrigo/Proyecto_III/g05_prii3/g05_prii3_WS/install/sprint5_eurobot/share/sprint5_eurobot/hook/ament_prefix_path.ps1'
[0.814s] INFO:colcon.colcon_core.shell:Creating environment descriptor '/home/rodrigo/Proyecto_III/g05_prii3/g05_prii3_WS/install/sprint5_eurobot/share/sprint5_eurobot/hook/ament_prefix_path.dsv'
[0.815s] INFO:colcon.colcon_core.shell:Creating environment hook '/home/rodrigo/Proyecto_III/g05_prii3/g05_prii3_WS/install/sprint5_eurobot/share/sprint5_eurobot/hook/ament_prefix_path.sh'
[0.816s] INFO:colcon.colcon_core.shell:Skip shell extension 'powershell' for command environment: Not usable outside of PowerShell
[0.816s] DEBUG:colcon.colcon_core.shell:Skip shell extension 'dsv' for command environment
[1.296s] INFO:colcon.colcon_core.task.python.build:Building Python package in '/home/rodrigo/Proyecto_III/g05_prii3/g05_prii3_WS/src/eurobot_real'
[1.297s] INFO:colcon.colcon_core.shell:Skip shell extension 'powershell' for command environment: Not usable outside of PowerShell
[1.297s] DEBUG:colcon.colcon_core.shell:Skip shell extension 'dsv' for command environment
[1.788s] INFO:colcon.colcon_core.task.python.build:Building Python package in '/home/rodrigo/Proyecto_III/g05_prii3/g05_prii3_WS/src/sprint4_eurobot'
[1.790s] INFO:colcon.colcon_core.shell:Skip shell extension 'powershell' for command environment: Not usable outside of PowerShell
[1.790s] DEBUG:colcon.colcon_core.shell:Skip shell extension 'dsv' for command environment
[2.254s] INFO:colcon.colcon_core.task.python.build:Building Python package in '/home/rodrigo/Proyecto_III/g05_prii3/g05_prii3_WS/src/sprint5_eurobot'
[2.255s] INFO:colcon.colcon_core.shell:Skip shell extension 'powershell' for command environment: Not usable outside of PowerShell
[2.256s] DEBUG:colcon.colcon_core.shell:Skip shell extension 'dsv' for command environment
[3.174s] DEBUG:colcon.colcon_core.event_handler.log_command:Invoking command in '/home/rodrigo/Proyecto_III/g05_prii3/g05_prii3_WS/build/eurobot_real': PYTHONPATH=/home/rodrigo/Proyecto_III/g05_prii3/g05_prii3_WS/build/eurobot_real/prefix_override:/usr/lib/python3/dist-packages/colcon_core/task/python/colcon_distutils_commands:/home/rodrigo/Proyecto_III/g05_prii3/g05_prii3_WS/install/eurobot_real/lib/python3.8/site-packages:${PYTHONPATH} /usr/bin/python3 -W ignore:setup.py install is deprecated -W ignore:easy_install command is deprecated setup.py develop --editable --build-directory /home/rodrigo/Proyecto_III/g05_prii3/g05_prii3_WS/build/eurobot_real/build --no-deps symlink_data
[3.186s] DEBUG:colcon.colcon_core.event_handler.log_command:Invoking command in '/home/rodrigo/Proyecto_III/g05_prii3/g05_prii3_WS/build/sprint4_eurobot': PYTHONPATH=/home/rodrigo/Proyecto_III/g05_prii3/g05_prii3_WS/build/sprint4_eurobot/prefix_override:/usr/lib/python3/dist-packages/colcon_core/task/python/colcon_distutils_commands:/home/rodrigo/Proyecto_III/g05_prii3/g05_prii3_WS/install/sprint4_eurobot/lib/python3.8/site-packages:${PYTHONPATH} /usr/bin/python3 -W ignore:setup.py install is deprecated -W ignore:easy_install command is deprecated setup.py develop --editable --build-directory /home/rodrigo/Proyecto_III/g05_prii3/g05_prii3_WS/build/sprint4_eurobot/build --no-deps symlink_data
[3.196s] DEBUG:colcon.colcon_core.event_handler.log_command:Invoking command in '/home/rodrigo/Proyecto_III/g05_prii3/g05_prii3_WS/build/sprint5_eurobot': PYTHONPATH=/home/rodrigo/Proyecto_III/g05_prii3/g05_prii3_WS/build/sprint5_eurobot/prefix_override:/usr/lib/python3/dist-packages/colcon_core/task/python/colcon_distutils_commands:/home/rodrigo/Proyecto_III/g05_prii3/g05_prii3_WS/install/sprint5_eurobot/lib/python3.8/site-packages:${PYTHONPATH} /usr/bin/python3 -W ignore:setup.py install is deprecated -W ignore:easy_install command is deprecated setup.py develop --editable --build-directory /home/rodrigo/Proyecto_III/g05_prii3/g05_prii3_WS/build/sprint5_eurobot/build --no-deps symlink_data
[4.295s] Level 1:colcon.colcon_core.shell:create_environment_hook('eurobot_real', 'pythonpath_develop')
[4.296s] INFO:colcon.colcon_core.shell:Creating environment hook '/home/rodrigo/Proyecto_III/g05_prii3/g05_prii3_WS/build/eurobot_real/share/eurobot_real/hook/pythonpath_develop.ps1'
[4.297s] INFO:colcon.colcon_core.shell:Creating environment descriptor '/home/rodrigo/Proyecto_III/g05_prii3/g05_prii3_WS/build/eurobot_real/share/eurobot_real/hook/pythonpath_develop.dsv'
[4.298s] INFO:colcon.colcon_core.shell:Creating environment hook '/home/rodrigo/Proyecto_III/g05_prii3/g05_prii3_WS/build/eurobot_real/share/eurobot_real/hook/pythonpath_develop.sh'
[4.302s] DEBUG:colcon.colcon_core.event_handler.log_command:Invoked command in '/home/rodrigo/Proyecto_III/g05_prii3/g05_prii3_WS/build/eurobot_real' returned '0': PYTHONPATH=/home/rodrigo/Proyecto_III/g05_prii3/g05_prii3_WS/build/eurobot_real/prefix_override:/usr/lib/python3/dist-packages/colcon_core/task/python/colcon_distutils_commands:/home/rodrigo/Proyecto_III/g05_prii3/g05_prii3_WS/install/eurobot_real/lib/python3.8/site-packages:${PYTHONPATH} /usr/bin/python3 -W ignore:setup.py install is deprecated -W ignore:easy_install command is deprecated setup.py develop --editable --build-directory /home/rodrigo/Proyecto_III/g05_prii3/g05_prii3_WS/build/eurobot_real/build --no-deps symlink_data
[4.306s] Level 1:colcon.colcon_core.environment:checking '/home/rodrigo/Proyecto_III/g05_prii3/g05_prii3_WS/install/eurobot_real' for CMake module files
[4.307s] Level 1:colcon.colcon_core.environment:checking '/home/rodrigo/Proyecto_III/g05_prii3/g05_prii3_WS/install/eurobot_real' for CMake config files
[4.309s] Level 1:colcon.colcon_core.environment:checking '/home/rodrigo/Proyecto_III/g05_prii3/g05_prii3_WS/install/eurobot_real/lib'
[4.310s] Level 1:colcon.colcon_core.environment:checking '/home/rodrigo/Proyecto_III/g05_prii3/g05_prii3_WS/install/eurobot_real/bin'
[4.310s] Level 1:colcon.colcon_core.shell:create_environment_hook('eurobot_real', 'path')
[4.310s] INFO:colcon.colcon_core.shell:Creating environment hook '/home/rodrigo/Proyecto_III/g05_prii3/g05_prii3_WS/install/eurobot_real/share/eurobot_real/hook/path.ps1'
[4.311s] INFO:colcon.colcon_core.shell:Creating environment descriptor '/home/rodrigo/Proyecto_III/g05_prii3/g05_prii3_WS/install/eurobot_real/share/eurobot_real/hook/path.dsv'
[4.312s] INFO:colcon.colcon_core.shell:Creating environment hook '/home/rodrigo/Proyecto_III/g05_prii3/g05_prii3_WS/install/eurobot_real/share/eurobot_real/hook/path.sh'
[4.313s] Level 1:colcon.colcon_core.environment:checking '/home/rodrigo/Proyecto_III/g05_prii3/g05_prii3_WS/install/eurobot_real/lib/pkgconfig/eurobot_real.pc'
[4.314s] Level 1:colcon.colcon_core.environment:checking '/home/rodrigo/Proyecto_III/g05_prii3/g05_prii3_WS/install/eurobot_real/lib/python3.8/site-packages'
[4.314s] Level 1:colcon.colcon_core.shell:create_environment_hook('eurobot_real', 'pythonpath')
[4.315s] INFO:colcon.colcon_core.shell:Creating environment hook '/home/rodrigo/Proyecto_III/g05_prii3/g05_prii3_WS/install/eurobot_real/share/eurobot_real/hook/pythonpath.ps1'
[4.315s] INFO:colcon.colcon_core.shell:Creating environment descriptor '/home/rodrigo/Proyecto_III/g05_prii3/g05_prii3_WS/install/eurobot_real/share/eurobot_real/hook/pythonpath.dsv'
[4.316s] INFO:colcon.colcon_core.shell:Creating environment hook '/home/rodrigo/Proyecto_III/g05_prii3/g05_prii3_WS/install/eurobot_real/share/eurobot_real/hook/pythonpath.sh'
[4.318s] Level 1:colcon.colcon_core.environment:checking '/home/rodrigo/Proyecto_III/g05_prii3/g05_prii3_WS/install/eurobot_real/bin'
[4.318s] Level 1:colcon.colcon_core.shell:create_environment_hook('eurobot_real', 'pythonscriptspath')
[4.320s] INFO:colcon.colcon_core.shell:Creating environment hook '/home/rodrigo/Proyecto_III/g05_prii3/g05_prii3_WS/install/eurobot_real/share/eurobot_real/hook/pythonscriptspath.ps1'
[4.321s] INFO:colcon.colcon_core.shell:Creating environment descriptor '/home/rodrigo/Proyecto_III/g05_prii3/g05_prii3_WS/install/eurobot_real/share/eurobot_real/hook/pythonscriptspath.dsv'
[4.322s] INFO:colcon.colcon_core.shell:Creating environment hook '/home/rodrigo/Proyecto_III/g05_prii3/g05_prii3_WS/install/eurobot_real/share/eurobot_real/hook/pythonscriptspath.sh'
[4.323s] Level 1:colcon.colcon_core.environment:create_environment_scripts_only(eurobot_real)
[4.324s] INFO:colcon.colcon_core.shell:Creating package script '/home/rodrigo/Proyecto_III/g05_prii3/g05_prii3_WS/install/eurobot_real/share/eurobot_real/package.ps1'
[4.327s] INFO:colcon.colcon_core.shell:Creating package descriptor '/home/rodrigo/Proyecto_III/g05_prii3/g05_prii3_WS/install/eurobot_real/share/eurobot_real/package.dsv'
[4.328s] INFO:colcon.colcon_core.shell:Creating package script '/home/rodrigo/Proyecto_III/g05_prii3/g05_prii3_WS/install/eurobot_real/share/eurobot_real/package.sh'
[4.330s] INFO:colcon.colcon_core.shell:Creating package script '/home/rodrigo/Proyecto_III/g05_prii3/g05_prii3_WS/install/eurobot_real/share/eurobot_real/package.bash'
[4.332s] INFO:colcon.colcon_core.shell:Creating package script '/home/rodrigo/Proyecto_III/g05_prii3/g05_prii3_WS/install/eurobot_real/share/eurobot_real/package.zsh'
[4.334s] Level 1:colcon.colcon_core.environment:create_file_with_runtime_dependencies(/home/rodrigo/Proyecto_III/g05_prii3/g05_prii3_WS/install/eurobot_real/share/colcon-core/packages/eurobot_real)
[4.341s] Level 1:colcon.colcon_core.shell:create_environment_hook('sprint4_eurobot', 'pythonpath_develop')
[4.342s] INFO:colcon.colcon_core.shell:Creating environment hook '/home/rodrigo/Proyecto_III/g05_prii3/g05_prii3_WS/build/sprint4_eurobot/share/sprint4_eurobot/hook/pythonpath_develop.ps1'
[4.343s] DEBUG:colcon.colcon_core.event_handler.log_command:Invoked command in '/home/rodrigo/Proyecto_III/g05_prii3/g05_prii3_WS/build/sprint4_eurobot' returned '0': PYTHONPATH=/home/rodrigo/Proyecto_III/g05_prii3/g05_prii3_WS/build/sprint4_eurobot/prefix_override:/usr/lib/python3/dist-packages/colcon_core/task/python/colcon_distutils_commands:/home/rodrigo/Proyecto_III/g05_prii3/g05_prii3_WS/install/sprint4_eurobot/lib/python3.8/site-packages:${PYTHONPATH} /usr/bin/python3 -W ignore:setup.py install is deprecated -W ignore:easy_install command is deprecated setup.py develop --editable --build-directory /home/rodrigo/Proyecto_III/g05_prii3/g05_prii3_WS/build/sprint4_eurobot/build --no-deps symlink_data
[4.344s] INFO:colcon.colcon_core.shell:Creating environment descriptor '/home/rodrigo/Proyecto_III/g05_prii3/g05_prii3_WS/build/sprint4_eurobot/share/sprint4_eurobot/hook/pythonpath_develop.dsv'
[4.344s] INFO:colcon.colcon_core.shell:Creating environment hook '/home/rodrigo/Proyecto_III/g05_prii3/g05_prii3_WS/build/sprint4_eurobot/share/sprint4_eurobot/hook/pythonpath_develop.sh'
[4.347s] Level 1:colcon.colcon_core.environment:checking '/home/rodrigo/Proyecto_III/g05_prii3/g05_prii3_WS/install/sprint4_eurobot' for CMake module files
[4.348s] Level 1:colcon.colcon_core.environment:checking '/home/rodrigo/Proyecto_III/g05_prii3/g05_prii3_WS/install/sprint4_eurobot' for CMake config files
[4.350s] Level 1:colcon.colcon_core.environment:checking '/home/rodrigo/Proyecto_III/g05_prii3/g05_prii3_WS/install/sprint4_eurobot/lib'
[4.350s] Level 1:colcon.colcon_core.environment:checking '/home/rodrigo/Proyecto_III/g05_prii3/g05_prii3_WS/install/sprint4_eurobot/bin'
[4.350s] Level 1:colcon.colcon_core.environment:checking '/home/rodrigo/Proyecto_III/g05_prii3/g05_prii3_WS/install/sprint4_eurobot/lib/pkgconfig/sprint4_eurobot.pc'
[4.350s] Level 1:colcon.colcon_core.environment:checking '/home/rodrigo/Proyecto_III/g05_prii3/g05_prii3_WS/install/sprint4_eurobot/lib/python3.8/site-packages'
[4.351s] Level 1:colcon.colcon_core.shell:create_environment_hook('sprint4_eurobot', 'pythonpath')
[4.351s] INFO:colcon.colcon_core.shell:Creating environment hook '/home/rodrigo/Proyecto_III/g05_prii3/g05_prii3_WS/install/sprint4_eurobot/share/sprint4_eurobot/hook/pythonpath.ps1'
[4.354s] INFO:colcon.colcon_core.shell:Creating environment descriptor '/home/rodrigo/Proyecto_III/g05_prii3/g05_prii3_WS/install/sprint4_eurobot/share/sprint4_eurobot/hook/pythonpath.dsv'
[4.355s] INFO:colcon.colcon_core.shell:Creating environment hook '/home/rodrigo/Proyecto_III/g05_prii3/g05_prii3_WS/install/sprint4_eurobot/share/sprint4_eurobot/hook/pythonpath.sh'
[4.356s] Level 1:colcon.colcon_core.environment:checking '/home/rodrigo/Proyecto_III/g05_prii3/g05_prii3_WS/install/sprint4_eurobot/bin'
[4.356s] Level 1:colcon.colcon_core.environment:create_environment_scripts_only(sprint4_eurobot)
[4.357s] INFO:colcon.colcon_core.shell:Creating package script '/home/rodrigo/Proyecto_III/g05_prii3/g05_prii3_WS/install/sprint4_eurobot/share/sprint4_eurobot/package.ps1'
[4.359s] INFO:colcon.colcon_core.shell:Creating package descriptor '/home/rodrigo/Proyecto_III/g05_prii3/g05_prii3_WS/install/sprint4_eurobot/share/sprint4_eurobot/package.dsv'
[4.360s] INFO:colcon.colcon_core.shell:Creating package script '/home/rodrigo/Proyecto_III/g05_prii3/g05_prii3_WS/install/sprint4_eurobot/share/sprint4_eurobot/package.sh'
[4.361s] INFO:colcon.colcon_core.shell:Creating package script '/home/rodrigo/Proyecto_III/g05_prii3/g05_prii3_WS/install/sprint4_eurobot/share/sprint4_eurobot/package.bash'
[4.362s] INFO:colcon.colcon_core.shell:Creating package script '/home/rodrigo/Proyecto_III/g05_prii3/g05_prii3_WS/install/sprint4_eurobot/share/sprint4_eurobot/package.zsh'
[4.362s] Level 1:colcon.colcon_core.environment:create_file_with_runtime_dependencies(/home/rodrigo/Proyecto_III/g05_prii3/g05_prii3_WS/install/sprint4_eurobot/share/colcon-core/packages/sprint4_eurobot)
[4.364s] Level 1:colcon.colcon_core.shell:create_environment_hook('sprint5_eurobot', 'pythonpath_develop')
[4.365s] INFO:colcon.colcon_core.shell:Creating environment hook '/home/rodrigo/Proyecto_III/g05_prii3/g05_prii3_WS/build/sprint5_eurobot/share/sprint5_eurobot/hook/pythonpath_develop.ps1'
[4.366s] DEBUG:colcon.colcon_core.event_handler.log_command:Invoked command in '/home/rodrigo/Proyecto_III/g05_prii3/g05_prii3_WS/build/sprint5_eurobot' returned '0': PYTHONPATH=/home/rodrigo/Proyecto_III/g05_prii3/g05_prii3_WS/build/sprint5_eurobot/prefix_override:/usr/lib/python3/dist-packages/colcon_core/task/python/colcon_distutils_commands:/home/rodrigo/Proyecto_III/g05_prii3/g05_prii3_WS/install/sprint5_eurobot/lib/python3.8/site-packages:${PYTHONPATH} /usr/bin/python3 -W ignore:setup.py install is deprecated -W ignore:easy_install command is deprecated setup.py develop --editable --build-directory /home/rodrigo/Proyecto_III/g05_prii3/g05_prii3_WS/build/sprint5_eurobot/build --no-deps symlink_data
[4.367s] INFO:colcon.colcon_core.shell:Creating environment descriptor '/home/rodrigo/Proyecto_III/g05_prii3/g05_prii3_WS/build/sprint5_eurobot/share/sprint5_eurobot/hook/pythonpath_develop.dsv'
[4.368s] INFO:colcon.colcon_core.shell:Creating environment hook '/home/rodrigo/Proyecto_III/g05_prii3/g05_prii3_WS/build/sprint5_eurobot/share/sprint5_eurobot/hook/pythonpath_develop.sh'
[4.369s] Level 1:colcon.colcon_core.environment:checking '/home/rodrigo/Proyecto_III/g05_prii3/g05_prii3_WS/install/sprint5_eurobot' for CMake module files
[4.370s] Level 1:colcon.colcon_core.environment:checking '/home/rodrigo/Proyecto_III/g05_prii3/g05_prii3_WS/install/sprint5_eurobot' for CMake config files
[4.372s] Level 1:colcon.colcon_core.environment:checking '/home/rodrigo/Proyecto_III/g05_prii3/g05_prii3_WS/install/sprint5_eurobot/lib'
[4.372s] Level 1:colcon.colcon_core.environment:checking '/home/rodrigo/Proyecto_III/g05_prii3/g05_prii3_WS/install/sprint5_eurobot/bin'
[4.372s] Level 1:colcon.colcon_core.environment:checking '/home/rodrigo/Proyecto_III/g05_prii3/g05_prii3_WS/install/sprint5_eurobot/lib/pkgconfig/sprint5_eurobot.pc'
[4.373s] Level 1:colcon.colcon_core.environment:checking '/home/rodrigo/Proyecto_III/g05_prii3/g05_prii3_WS/install/sprint5_eurobot/lib/python3.8/site-packages'
[4.373s] Level 1:colcon.colcon_core.shell:create_environment_hook('sprint5_eurobot', 'pythonpath')
[4.373s] INFO:colcon.colcon_core.shell:Creating environment hook '/home/rodrigo/Proyecto_III/g05_prii3/g05_prii3_WS/install/sprint5_eurobot/share/sprint5_eurobot/hook/pythonpath.ps1'
[4.374s] INFO:colcon.colcon_core.shell:Creating environment descriptor '/home/rodrigo/Proyecto_III/g05_prii3/g05_prii3_WS/install/sprint5_eurobot/share/sprint5_eurobot/hook/pythonpath.dsv'
[4.375s] INFO:colcon.colcon_core.shell:Creating environment hook '/home/rodrigo/Proyecto_III/g05_prii3/g05_prii3_WS/install/sprint5_eurobot/share/sprint5_eurobot/hook/pythonpath.sh'
[4.376s] Level 1:colcon.colcon_core.environment:checking '/home/rodrigo/Proyecto_III/g05_prii3/g05_prii3_WS/install/sprint5_eurobot/bin'
[4.377s] Level 1:colcon.colcon_core.environment:create_environment_scripts_only(sprint5_eurobot)
[4.378s] INFO:colcon.colcon_core.shell:Creating package script '/home/rodrigo/Proyecto_III/g05_prii3/g05_prii3_WS/install/sprint5_eurobot/share/sprint5_eurobot/package.ps1'
[4.379s] INFO:colcon.colcon_core.shell:Creating package descriptor '/home/rodrigo/Proyecto_III/g05_prii3/g05_prii3_WS/install/sprint5_eurobot/share/sprint5_eurobot/package.dsv'
[4.380s] INFO:colcon.colcon_core.shell:Creating package script '/home/rodrigo/Proyecto_III/g05_prii3/g05_prii3_WS/install/sprint5_eurobot/share/sprint5_eurobot/package.sh'
[4.381s] INFO:colcon.colcon_core.shell:Creating package script '/home/rodrigo/Proyecto_III/g05_prii3/g05_prii3_WS/install/sprint5_eurobot/share/sprint5_eurobot/package.bash'
[4.382s] INFO:colcon.colcon_core.shell:Creating package script '/home/rodrigo/Proyecto_III/g05_prii3/g05_prii3_WS/install/sprint5_eurobot/share/sprint5_eurobot/package.zsh'
[4.383s] Level 1:colcon.colcon_core.environment:create_file_with_runtime_dependencies(/home/rodrigo/Proyecto_III/g05_prii3/g05_prii3_WS/install/sprint5_eurobot/share/colcon-core/packages/sprint5_eurobot)
[4.383s] DEBUG:colcon.colcon_parallel_executor.executor.parallel:closing loop
[4.384s] DEBUG:colcon.colcon_parallel_executor.executor.parallel:loop closed
[4.384s] DEBUG:colcon.colcon_parallel_executor.executor.parallel:run_until_complete finished with '0'
[4.384s] DEBUG:colcon.colcon_core.event_reactor:joining thread
[4.395s] INFO:colcon.colcon_core.plugin_system:Skipping extension 'colcon_notification.desktop_notification.terminal_notifier': Not used on non-Darwin systems
[4.396s] INFO:colcon.colcon_core.plugin_system:Skipping extension 'colcon_notification.desktop_notification.win32': Not used on non-Windows systems
[4.396s] INFO:colcon.colcon_notification.desktop_notification:Sending desktop notification using 'notify2'
[4.426s] DEBUG:colcon.colcon_core.event_reactor:joined thread
[4.427s] INFO:colcon.colcon_core.shell:Creating prefix script '/home/rodrigo/Proyecto_III/g05_prii3/g05_prii3_WS/install/local_setup.ps1'
[4.429s] INFO:colcon.colcon_core.shell:Creating prefix util module '/home/rodrigo/Proyecto_III/g05_prii3/g05_prii3_WS/install/_local_setup_util_ps1.py'
[4.433s] INFO:colcon.colcon_core.shell:Creating prefix chain script '/home/rodrigo/Proyecto_III/g05_prii3/g05_prii3_WS/install/setup.ps1'
[4.436s] INFO:colcon.colcon_core.shell:Creating prefix script '/home/rodrigo/Proyecto_III/g05_prii3/g05_prii3_WS/install/local_setup.sh'
[4.438s] INFO:colcon.colcon_core.shell:Creating prefix util module '/home/rodrigo/Proyecto_III/g05_prii3/g05_prii3_WS/install/_local_setup_util_sh.py'
[4.439s] INFO:colcon.colcon_core.shell:Creating prefix chain script '/home/rodrigo/Proyecto_III/g05_prii3/g05_prii3_WS/install/setup.sh'
[4.441s] INFO:colcon.colcon_core.shell:Creating prefix script '/home/rodrigo/Proyecto_III/g05_prii3/g05_prii3_WS/install/local_setup.bash'
[4.442s] INFO:colcon.colcon_core.shell:Creating prefix chain script '/home/rodrigo/Proyecto_III/g05_prii3/g05_prii3_WS/install/setup.bash'
[4.444s] INFO:colcon.colcon_core.shell:Creating prefix script '/home/rodrigo/Proyecto_III/g05_prii3/g05_prii3_WS/install/local_setup.zsh'
[4.445s] INFO:colcon.colcon_core.shell:Creating prefix chain script '/home/rodrigo/Proyecto_III/g05_prii3/g05_prii3_WS/install/setup.zsh'
