[1.535s] Invoking command in '/home/rodrigo/Proyecto_III/g05_prii3/g05_prii3_WS/build/sprint5_eurobot': PYTHONPATH=/home/rodrigo/Proyecto_III/g05_prii3/g05_prii3_WS/build/sprint5_eurobot/prefix_override:/usr/lib/python3/dist-packages/colcon_core/task/python/colcon_distutils_commands:/home/rodrigo/Proyecto_III/g05_prii3/g05_prii3_WS/install/sprint5_eurobot/lib/python3.8/site-packages:${PYTHONPATH} /usr/bin/python3 -W ignore:setup.py install is deprecated -W ignore:easy_install command is deprecated setup.py develop --uninstall --editable --build-directory /home/rodrigo/Proyecto_III/g05_prii3/g05_prii3_WS/build/sprint5_eurobot/build
[1.845s] running develop
[2.031s] Removing /home/rodrigo/Proyecto_III/g05_prii3/g05_prii3_WS/install/sprint5_eurobot/lib/python3.8/site-packages/sprint5-eurobot.egg-link (link to .)
[2.061s] Invoked command in '/home/rodrigo/Proyecto_III/g05_prii3/g05_prii3_WS/build/sprint5_eurobot' returned '0': PYTHONPATH=/home/rodrigo/Proyecto_III/g05_prii3/g05_prii3_WS/build/sprint5_eurobot/prefix_override:/usr/lib/python3/dist-packages/colcon_core/task/python/colcon_distutils_commands:/home/rodrigo/Proyecto_III/g05_prii3/g05_prii3_WS/install/sprint5_eurobot/lib/python3.8/site-packages:${PYTHONPATH} /usr/bin/python3 -W ignore:setup.py install is deprecated -W ignore:easy_install command is deprecated setup.py develop --uninstall --editable --build-directory /home/rodrigo/Proyecto_III/g05_prii3/g05_prii3_WS/build/sprint5_eurobot/build
[2.065s] Invoking command in '/home/rodrigo/Proyecto_III/g05_prii3/g05_prii3_WS/src/sprint5_eurobot': PYTHONPATH=/home/rodrigo/Proyecto_III/g05_prii3/g05_prii3_WS/build/sprint5_eurobot/prefix_override:/usr/lib/python3/dist-packages/colcon_core/task/python/colcon_distutils_commands:/home/rodrigo/Proyecto_III/g05_prii3/g05_prii3_WS/install/sprint5_eurobot/lib/python3.8/site-packages:${PYTHONPATH} /usr/bin/python3 -W ignore:setup.py install is deprecated -W ignore:easy_install command is deprecated setup.py egg_info --egg-base ../../build/sprint5_eurobot build --build-base /home/rodrigo/Proyecto_III/g05_prii3/g05_prii3_WS/build/sprint5_eurobot/build install --record /home/rodrigo/Proyecto_III/g05_prii3/g05_prii3_WS/build/sprint5_eurobot/install.log --install-scripts $base/lib/sprint5_eurobot --single-version-externally-managed install_data --force
[2.356s] running egg_info
[2.357s] writing ../../build/sprint5_eurobot/sprint5_eurobot.egg-info/PKG-INFO
[2.358s] writing dependency_links to ../../build/sprint5_eurobot/sprint5_eurobot.egg-info/dependency_links.txt
[2.358s] writing entry points to ../../build/sprint5_eurobot/sprint5_eurobot.egg-info/entry_points.txt
[2.358s] writing requirements to ../../build/sprint5_eurobot/sprint5_eurobot.egg-info/requires.txt
[2.359s] writing top-level names to ../../build/sprint5_eurobot/sprint5_eurobot.egg-info/top_level.txt
[2.411s] reading manifest file '../../build/sprint5_eurobot/sprint5_eurobot.egg-info/SOURCES.txt'
[2.413s] writing manifest file '../../build/sprint5_eurobot/sprint5_eurobot.egg-info/SOURCES.txt'
[2.413s] running build
[2.413s] running build_py
[2.414s] creating /home/rodrigo/Proyecto_III/g05_prii3/g05_prii3_WS/build/sprint5_eurobot/build
[2.414s] creating /home/rodrigo/Proyecto_III/g05_prii3/g05_prii3_WS/build/sprint5_eurobot/build/lib
[2.414s] creating /home/rodrigo/Proyecto_III/g05_prii3/g05_prii3_WS/build/sprint5_eurobot/build/lib/sprint5_eurobot
[2.414s] copying sprint5_eurobot/__init__.py -> /home/rodrigo/Proyecto_III/g05_prii3/g05_prii3_WS/build/sprint5_eurobot/build/lib/sprint5_eurobot
[2.414s] copying sprint5_eurobot/pattern_matching.py -> /home/rodrigo/Proyecto_III/g05_prii3/g05_prii3_WS/build/sprint5_eurobot/build/lib/sprint5_eurobot
[2.414s] copying sprint5_eurobot/real_navigator.py -> /home/rodrigo/Proyecto_III/g05_prii3/g05_prii3_WS/build/sprint5_eurobot/build/lib/sprint5_eurobot
[2.415s] running install
[2.416s] running install_lib
[2.417s] creating /home/rodrigo/Proyecto_III/g05_prii3/g05_prii3_WS/install/sprint5_eurobot/lib/python3.8/site-packages/sprint5_eurobot
[2.418s] copying /home/rodrigo/Proyecto_III/g05_prii3/g05_prii3_WS/build/sprint5_eurobot/build/lib/sprint5_eurobot/__init__.py -> /home/rodrigo/Proyecto_III/g05_prii3/g05_prii3_WS/install/sprint5_eurobot/lib/python3.8/site-packages/sprint5_eurobot
[2.418s] copying /home/rodrigo/Proyecto_III/g05_prii3/g05_prii3_WS/build/sprint5_eurobot/build/lib/sprint5_eurobot/pattern_matching.py -> /home/rodrigo/Proyecto_III/g05_prii3/g05_prii3_WS/install/sprint5_eurobot/lib/python3.8/site-packages/sprint5_eurobot
[2.418s] copying /home/rodrigo/Proyecto_III/g05_prii3/g05_prii3_WS/build/sprint5_eurobot/build/lib/sprint5_eurobot/real_navigator.py -> /home/rodrigo/Proyecto_III/g05_prii3/g05_prii3_WS/install/sprint5_eurobot/lib/python3.8/site-packages/sprint5_eurobot
[2.419s] byte-compiling /home/rodrigo/Proyecto_III/g05_prii3/g05_prii3_WS/install/sprint5_eurobot/lib/python3.8/site-packages/sprint5_eurobot/__init__.py to __init__.cpython-38.pyc
[2.421s] byte-compiling /home/rodrigo/Proyecto_III/g05_prii3/g05_prii3_WS/install/sprint5_eurobot/lib/python3.8/site-packages/sprint5_eurobot/pattern_matching.py to pattern_matching.cpython-38.pyc
[2.424s] byte-compiling /home/rodrigo/Proyecto_III/g05_prii3/g05_prii3_WS/install/sprint5_eurobot/lib/python3.8/site-packages/sprint5_eurobot/real_navigator.py to real_navigator.cpython-38.pyc
[2.426s] running install_data
[2.427s] copying resource/sprint5_eurobot -> /home/rodrigo/Proyecto_III/g05_prii3/g05_prii3_WS/install/sprint5_eurobot/share/ament_index/resource_index/packages
[2.427s] copying package.xml -> /home/rodrigo/Proyecto_III/g05_prii3/g05_prii3_WS/install/sprint5_eurobot/share/sprint5_eurobot
[2.427s] copying launch/pattern_matching_simulation_launch.py -> /home/rodrigo/Proyecto_III/g05_prii3/g05_prii3_WS/install/sprint5_eurobot/share/sprint5_eurobot/launch
[2.427s] copying launch/real_robot.launch.py -> /home/rodrigo/Proyecto_III/g05_prii3/g05_prii3_WS/install/sprint5_eurobot/share/sprint5_eurobot/launch
[2.427s] running install_egg_info
[2.430s] Copying ../../build/sprint5_eurobot/sprint5_eurobot.egg-info to /home/rodrigo/Proyecto_III/g05_prii3/g05_prii3_WS/install/sprint5_eurobot/lib/python3.8/site-packages/sprint5_eurobot-0.0.0-py3.8.egg-info
[2.432s] running install_scripts
[2.459s] Installing pattern_matching script to /home/rodrigo/Proyecto_III/g05_prii3/g05_prii3_WS/install/sprint5_eurobot/lib/sprint5_eurobot
[2.459s] Installing real_navigator script to /home/rodrigo/Proyecto_III/g05_prii3/g05_prii3_WS/install/sprint5_eurobot/lib/sprint5_eurobot
[2.459s] writing list of installed files to '/home/rodrigo/Proyecto_III/g05_prii3/g05_prii3_WS/build/sprint5_eurobot/install.log'
[2.499s] Invoked command in '/home/rodrigo/Proyecto_III/g05_prii3/g05_prii3_WS/src/sprint5_eurobot' returned '0': PYTHONPATH=/home/rodrigo/Proyecto_III/g05_prii3/g05_prii3_WS/build/sprint5_eurobot/prefix_override:/usr/lib/python3/dist-packages/colcon_core/task/python/colcon_distutils_commands:/home/rodrigo/Proyecto_III/g05_prii3/g05_prii3_WS/install/sprint5_eurobot/lib/python3.8/site-packages:${PYTHONPATH} /usr/bin/python3 -W ignore:setup.py install is deprecated -W ignore:easy_install command is deprecated setup.py egg_info --egg-base ../../build/sprint5_eurobot build --build-base /home/rodrigo/Proyecto_III/g05_prii3/g05_prii3_WS/build/sprint5_eurobot/build install --record /home/rodrigo/Proyecto_III/g05_prii3/g05_prii3_WS/build/sprint5_eurobot/install.log --install-scripts $base/lib/sprint5_eurobot --single-version-externally-managed install_data --force
