[0.863s] Invoking command in '/home/rodrigo/Proyecto_III/g05_prii3/g05_prii3_WS/src/sprint4_eurobot': PYTHONPATH=/home/rodrigo/Proyecto_III/g05_prii3/g05_prii3_WS/build/sprint4_eurobot/prefix_override:/usr/lib/python3/dist-packages/colcon_core/task/python/colcon_distutils_commands:/home/rodrigo/Proyecto_III/g05_prii3/g05_prii3_WS/install/sprint4_eurobot/lib/python3.8/site-packages:${PYTHONPATH} /usr/bin/python3 -W ignore:setup.py install is deprecated -W ignore:easy_install command is deprecated setup.py egg_info --egg-base ../../build/sprint4_eurobot build --build-base /home/rodrigo/Proyecto_III/g05_prii3/g05_prii3_WS/build/sprint4_eurobot/build install --record /home/rodrigo/Proyecto_III/g05_prii3/g05_prii3_WS/build/sprint4_eurobot/install.log --install-scripts $base/lib/sprint4_eurobot --single-version-externally-managed install_data
[1.149s] running egg_info
[1.150s] writing ../../build/sprint4_eurobot/sprint4_eurobot.egg-info/PKG-INFO
[1.150s] writing dependency_links to ../../build/sprint4_eurobot/sprint4_eurobot.egg-info/dependency_links.txt
[1.151s] writing entry points to ../../build/sprint4_eurobot/sprint4_eurobot.egg-info/entry_points.txt
[1.151s] writing requirements to ../../build/sprint4_eurobot/sprint4_eurobot.egg-info/requires.txt
[1.151s] writing top-level names to ../../build/sprint4_eurobot/sprint4_eurobot.egg-info/top_level.txt
[1.193s] reading manifest file '../../build/sprint4_eurobot/sprint4_eurobot.egg-info/SOURCES.txt'
[1.194s] writing manifest file '../../build/sprint4_eurobot/sprint4_eurobot.egg-info/SOURCES.txt'
[1.195s] running build
[1.195s] running build_py
[1.195s] running install
[1.196s] running install_lib
[1.198s] running install_data
[1.198s] running install_egg_info
[1.200s] removing '/home/rodrigo/Proyecto_III/g05_prii3/g05_prii3_WS/install/sprint4_eurobot/lib/python3.8/site-packages/sprint4_eurobot-0.0.0-py3.8.egg-info' (and everything under it)
[1.201s] Copying ../../build/sprint4_eurobot/sprint4_eurobot.egg-info to /home/rodrigo/Proyecto_III/g05_prii3/g05_prii3_WS/install/sprint4_eurobot/lib/python3.8/site-packages/sprint4_eurobot-0.0.0-py3.8.egg-info
[1.202s] running install_scripts
[1.223s] writing list of installed files to '/home/rodrigo/Proyecto_III/g05_prii3/g05_prii3_WS/build/sprint4_eurobot/install.log'
[1.245s] Invoked command in '/home/rodrigo/Proyecto_III/g05_prii3/g05_prii3_WS/src/sprint4_eurobot' returned '0': PYTHONPATH=/home/rodrigo/Proyecto_III/g05_prii3/g05_prii3_WS/build/sprint4_eurobot/prefix_override:/usr/lib/python3/dist-packages/colcon_core/task/python/colcon_distutils_commands:/home/rodrigo/Proyecto_III/g05_prii3/g05_prii3_WS/install/sprint4_eurobot/lib/python3.8/site-packages:${PYTHONPATH} /usr/bin/python3 -W ignore:setup.py install is deprecated -W ignore:easy_install command is deprecated setup.py egg_info --egg-base ../../build/sprint4_eurobot build --build-base /home/rodrigo/Proyecto_III/g05_prii3/g05_prii3_WS/build/sprint4_eurobot/build install --record /home/rodrigo/Proyecto_III/g05_prii3/g05_prii3_WS/build/sprint4_eurobot/install.log --install-scripts $base/lib/sprint4_eurobot --single-version-externally-managed install_data
