running egg_info
creating ../../build/sprint4_eurobot/sprint4_eurobot.egg-info
writing ../../build/sprint4_eurobot/sprint4_eurobot.egg-info/PKG-INFO
writing dependency_links to ../../build/sprint4_eurobot/sprint4_eurobot.egg-info/dependency_links.txt
writing entry points to ../../build/sprint4_eurobot/sprint4_eurobot.egg-info/entry_points.txt
writing requirements to ../../build/sprint4_eurobot/sprint4_eurobot.egg-info/requires.txt
writing top-level names to ../../build/sprint4_eurobot/sprint4_eurobot.egg-info/top_level.txt
writing manifest file '../../build/sprint4_eurobot/sprint4_eurobot.egg-info/SOURCES.txt'
reading manifest file '../../build/sprint4_eurobot/sprint4_eurobot.egg-info/SOURCES.txt'
writing manifest file '../../build/sprint4_eurobot/sprint4_eurobot.egg-info/SOURCES.txt'
running build
running build_py
creating /home/jgomper/Escritorio/UPV/proyecto_3/g05_prii3/g05_prii3_WS/build/sprint4_eurobot/build
creating /home/jgomper/Escritorio/UPV/proyecto_3/g05_prii3/g05_prii3_WS/build/sprint4_eurobot/build/lib
creating /home/jgomper/Escritorio/UPV/proyecto_3/g05_prii3/g05_prii3_WS/build/sprint4_eurobot/build/lib/sprint4_eurobot
copying sprint4_eurobot/__init__.py -> /home/jgomper/Escritorio/UPV/proyecto_3/g05_prii3/g05_prii3_WS/build/sprint4_eurobot/build/lib/sprint4_eurobot
copying sprint4_eurobot/cenital_node.py -> /home/jgomper/Escritorio/UPV/proyecto_3/g05_prii3/g05_prii3_WS/build/sprint4_eurobot/build/lib/sprint4_eurobot
running install
running install_lib
creating /home/jgomper/Escritorio/UPV/proyecto_3/g05_prii3/g05_prii3_WS/install/sprint4_eurobot/lib/python3.8/site-packages/sprint4_eurobot
copying /home/jgomper/Escritorio/UPV/proyecto_3/g05_prii3/g05_prii3_WS/build/sprint4_eurobot/build/lib/sprint4_eurobot/__init__.py -> /home/jgomper/Escritorio/UPV/proyecto_3/g05_prii3/g05_prii3_WS/install/sprint4_eurobot/lib/python3.8/site-packages/sprint4_eurobot
copying /home/jgomper/Escritorio/UPV/proyecto_3/g05_prii3/g05_prii3_WS/build/sprint4_eurobot/build/lib/sprint4_eurobot/cenital_node.py -> /home/jgomper/Escritorio/UPV/proyecto_3/g05_prii3/g05_prii3_WS/install/sprint4_eurobot/lib/python3.8/site-packages/sprint4_eurobot
byte-compiling /home/jgomper/Escritorio/UPV/proyecto_3/g05_prii3/g05_prii3_WS/install/sprint4_eurobot/lib/python3.8/site-packages/sprint4_eurobot/__init__.py to __init__.cpython-38.pyc
byte-compiling /home/jgomper/Escritorio/UPV/proyecto_3/g05_prii3/g05_prii3_WS/install/sprint4_eurobot/lib/python3.8/site-packages/sprint4_eurobot/cenital_node.py to cenital_node.cpython-38.pyc
running install_data
creating /home/jgomper/Escritorio/UPV/proyecto_3/g05_prii3/g05_prii3_WS/install/sprint4_eurobot/share/ament_index
creating /home/jgomper/Escritorio/UPV/proyecto_3/g05_prii3/g05_prii3_WS/install/sprint4_eurobot/share/ament_index/resource_index
creating /home/jgomper/Escritorio/UPV/proyecto_3/g05_prii3/g05_prii3_WS/install/sprint4_eurobot/share/ament_index/resource_index/packages
copying resource/sprint4_eurobot -> /home/jgomper/Escritorio/UPV/proyecto_3/g05_prii3/g05_prii3_WS/install/sprint4_eurobot/share/ament_index/resource_index/packages
copying package.xml -> /home/jgomper/Escritorio/UPV/proyecto_3/g05_prii3/g05_prii3_WS/install/sprint4_eurobot/share/sprint4_eurobot
creating /home/jgomper/Escritorio/UPV/proyecto_3/g05_prii3/g05_prii3_WS/install/sprint4_eurobot/share/sprint4_eurobot/launch
copying launch/eurobot_rviz_launch.py -> /home/jgomper/Escritorio/UPV/proyecto_3/g05_prii3/g05_prii3_WS/install/sprint4_eurobot/share/sprint4_eurobot/launch
copying launch/eurobot_launch.py -> /home/jgomper/Escritorio/UPV/proyecto_3/g05_prii3/g05_prii3_WS/install/sprint4_eurobot/share/sprint4_eurobot/launch
creating /home/jgomper/Escritorio/UPV/proyecto_3/g05_prii3/g05_prii3_WS/install/sprint4_eurobot/share/sprint4_eurobot/world
copying world/eurobot.world -> /home/jgomper/Escritorio/UPV/proyecto_3/g05_prii3/g05_prii3_WS/install/sprint4_eurobot/share/sprint4_eurobot/world
creating /home/jgomper/Escritorio/UPV/proyecto_3/g05_prii3/g05_prii3_WS/install/sprint4_eurobot/share/sprint4_eurobot/rviz
copying rviz/eurobot.rviz -> /home/jgomper/Escritorio/UPV/proyecto_3/g05_prii3/g05_prii3_WS/install/sprint4_eurobot/share/sprint4_eurobot/rviz
creating /home/jgomper/Escritorio/UPV/proyecto_3/g05_prii3/g05_prii3_WS/install/sprint4_eurobot/share/sprint4_eurobot/materials
creating /home/jgomper/Escritorio/UPV/proyecto_3/g05_prii3/g05_prii3_WS/install/sprint4_eurobot/share/sprint4_eurobot/materials/scripts
copying materials/scripts/eurobot.material -> /home/jgomper/Escritorio/UPV/proyecto_3/g05_prii3/g05_prii3_WS/install/sprint4_eurobot/share/sprint4_eurobot/materials/scripts
creating /home/jgomper/Escritorio/UPV/proyecto_3/g05_prii3/g05_prii3_WS/install/sprint4_eurobot/share/sprint4_eurobot/materials/textures
copying materials/textures/aruco_origin.png -> /home/jgomper/Escritorio/UPV/proyecto_3/g05_prii3/g05_prii3_WS/install/sprint4_eurobot/share/sprint4_eurobot/materials/textures
copying materials/textures/aruco_robot.png -> /home/jgomper/Escritorio/UPV/proyecto_3/g05_prii3/g05_prii3_WS/install/sprint4_eurobot/share/sprint4_eurobot/materials/textures
copying materials/textures/mapa_eurobot_rotated.png -> /home/jgomper/Escritorio/UPV/proyecto_3/g05_prii3/g05_prii3_WS/install/sprint4_eurobot/share/sprint4_eurobot/materials/textures
creating /home/jgomper/Escritorio/UPV/proyecto_3/g05_prii3/g05_prii3_WS/install/sprint4_eurobot/share/sprint4_eurobot/models
creating /home/jgomper/Escritorio/UPV/proyecto_3/g05_prii3/g05_prii3_WS/install/sprint4_eurobot/share/sprint4_eurobot/models/waffle_aruco
copying models/waffle_aruco/model.sdf -> /home/jgomper/Escritorio/UPV/proyecto_3/g05_prii3/g05_prii3_WS/install/sprint4_eurobot/share/sprint4_eurobot/models/waffle_aruco
copying models/waffle_aruco/model.config -> /home/jgomper/Escritorio/UPV/proyecto_3/g05_prii3/g05_prii3_WS/install/sprint4_eurobot/share/sprint4_eurobot/models/waffle_aruco
running install_egg_info
Copying ../../build/sprint4_eurobot/sprint4_eurobot.egg-info to /home/jgomper/Escritorio/UPV/proyecto_3/g05_prii3/g05_prii3_WS/install/sprint4_eurobot/lib/python3.8/site-packages/sprint4_eurobot-0.0.0-py3.8.egg-info
running install_scripts
Installing cenital_node script to /home/jgomper/Escritorio/UPV/proyecto_3/g05_prii3/g05_prii3_WS/install/sprint4_eurobot/lib/sprint4_eurobot
writing list of installed files to '/home/jgomper/Escritorio/UPV/proyecto_3/g05_prii3/g05_prii3_WS/build/sprint4_eurobot/install.log'
