[0.620s] Invoking command in '/home/rodrigo/Proyecto_III/g05_prii3/g05_prii3_WS/src/sprint6_eurobot': PYTHONPATH=/home/rodrigo/Proyecto_III/g05_prii3/g05_prii3_WS/build/sprint6_eurobot/prefix_override:/usr/lib/python3/dist-packages/colcon_core/task/python/colcon_distutils_commands:/home/rodrigo/Proyecto_III/g05_prii3/g05_prii3_WS/install/sprint6_eurobot/lib/python3.8/site-packages:${PYTHONPATH} /usr/bin/python3 -W ignore:setup.py install is deprecated -W ignore:easy_install command is deprecated setup.py egg_info --egg-base ../../build/sprint6_eurobot build --build-base /home/rodrigo/Proyecto_III/g05_prii3/g05_prii3_WS/build/sprint6_eurobot/build install --record /home/rodrigo/Proyecto_III/g05_prii3/g05_prii3_WS/build/sprint6_eurobot/install.log --single-version-externally-managed install_data
[0.794s] running egg_info
[0.795s] writing ../../build/sprint6_eurobot/sprint6_eurobot.egg-info/PKG-INFO
[0.795s] writing dependency_links to ../../build/sprint6_eurobot/sprint6_eurobot.egg-info/dependency_links.txt
[0.795s] writing entry points to ../../build/sprint6_eurobot/sprint6_eurobot.egg-info/entry_points.txt
[0.795s] writing requirements to ../../build/sprint6_eurobot/sprint6_eurobot.egg-info/requires.txt
[0.795s] writing top-level names to ../../build/sprint6_eurobot/sprint6_eurobot.egg-info/top_level.txt
[0.822s] reading manifest file '../../build/sprint6_eurobot/sprint6_eurobot.egg-info/SOURCES.txt'
[0.823s] writing manifest file '../../build/sprint6_eurobot/sprint6_eurobot.egg-info/SOURCES.txt'
[0.823s] running build
[0.824s] running build_py
[0.824s] copying sprint6_eurobot/fsm_aruco_navigator.py -> /home/rodrigo/Proyecto_III/g05_prii3/g05_prii3_WS/build/sprint6_eurobot/build/lib/sprint6_eurobot
[0.824s] running install
[0.824s] running install_lib
[0.825s] copying /home/rodrigo/Proyecto_III/g05_prii3/g05_prii3_WS/build/sprint6_eurobot/build/lib/sprint6_eurobot/fsm_aruco_navigator.py -> /home/rodrigo/Proyecto_III/g05_prii3/g05_prii3_WS/install/sprint6_eurobot/lib/python3.8/site-packages/sprint6_eurobot
[0.825s] byte-compiling /home/rodrigo/Proyecto_III/g05_prii3/g05_prii3_WS/install/sprint6_eurobot/lib/python3.8/site-packages/sprint6_eurobot/fsm_aruco_navigator.py to fsm_aruco_navigator.cpython-38.pyc
[0.828s] running install_data
[0.829s] running install_egg_info
[0.830s] removing '/home/rodrigo/Proyecto_III/g05_prii3/g05_prii3_WS/install/sprint6_eurobot/lib/python3.8/site-packages/sprint6_eurobot-0.0.0-py3.8.egg-info' (and everything under it)
[0.830s] Copying ../../build/sprint6_eurobot/sprint6_eurobot.egg-info to /home/rodrigo/Proyecto_III/g05_prii3/g05_prii3_WS/install/sprint6_eurobot/lib/python3.8/site-packages/sprint6_eurobot-0.0.0-py3.8.egg-info
[0.831s] running install_scripts
[0.845s] Installing fsm_aruco_navigator script to /home/rodrigo/Proyecto_III/g05_prii3/g05_prii3_WS/install/sprint6_eurobot/lib/sprint6_eurobot
[0.845s] Installing fsm_navigator script to /home/rodrigo/Proyecto_III/g05_prii3/g05_prii3_WS/install/sprint6_eurobot/lib/sprint6_eurobot
[0.846s] writing list of installed files to '/home/rodrigo/Proyecto_III/g05_prii3/g05_prii3_WS/build/sprint6_eurobot/install.log'
[0.860s] Invoked command in '/home/rodrigo/Proyecto_III/g05_prii3/g05_prii3_WS/src/sprint6_eurobot' returned '0': PYTHONPATH=/home/rodrigo/Proyecto_III/g05_prii3/g05_prii3_WS/build/sprint6_eurobot/prefix_override:/usr/lib/python3/dist-packages/colcon_core/task/python/colcon_distutils_commands:/home/rodrigo/Proyecto_III/g05_prii3/g05_prii3_WS/install/sprint6_eurobot/lib/python3.8/site-packages:${PYTHONPATH} /usr/bin/python3 -W ignore:setup.py install is deprecated -W ignore:easy_install command is deprecated setup.py egg_info --egg-base ../../build/sprint6_eurobot build --build-base /home/rodrigo/Proyecto_III/g05_prii3/g05_prii3_WS/build/sprint6_eurobot/build install --record /home/rodrigo/Proyecto_III/g05_prii3/g05_prii3_WS/build/sprint6_eurobot/install.log --single-version-externally-managed install_data
