[0.606s] Invoking command in '/home/rodrigo/Proyecto_III/g05_prii3/g05_prii3_WS/build/sprint6_eurobot': PYTHONPATH=/home/rodrigo/Proyecto_III/g05_prii3/g05_prii3_WS/build/sprint6_eurobot/prefix_override:/usr/lib/python3/dist-packages/colcon_core/task/python/colcon_distutils_commands:/home/rodrigo/Proyecto_III/g05_prii3/g05_prii3_WS/install/sprint6_eurobot/lib/python3.8/site-packages:${PYTHONPATH} /usr/bin/python3 -W ignore:setup.py install is deprecated -W ignore:easy_install command is deprecated setup.py develop --uninstall --editable --build-directory /home/rodrigo/Proyecto_III/g05_prii3/g05_prii3_WS/build/sprint6_eurobot/build
[0.792s] running develop
[0.902s] Removing /home/rodrigo/Proyecto_III/g05_prii3/g05_prii3_WS/install/sprint6_eurobot/lib/python3.8/site-packages/sprint6-eurobot.egg-link (link to .)
[0.916s] Invoked command in '/home/rodrigo/Proyecto_III/g05_prii3/g05_prii3_WS/build/sprint6_eurobot' returned '0': PYTHONPATH=/home/rodrigo/Proyecto_III/g05_prii3/g05_prii3_WS/build/sprint6_eurobot/prefix_override:/usr/lib/python3/dist-packages/colcon_core/task/python/colcon_distutils_commands:/home/rodrigo/Proyecto_III/g05_prii3/g05_prii3_WS/install/sprint6_eurobot/lib/python3.8/site-packages:${PYTHONPATH} /usr/bin/python3 -W ignore:setup.py install is deprecated -W ignore:easy_install command is deprecated setup.py develop --uninstall --editable --build-directory /home/rodrigo/Proyecto_III/g05_prii3/g05_prii3_WS/build/sprint6_eurobot/build
[0.917s] Invoking command in '/home/rodrigo/Proyecto_III/g05_prii3/g05_prii3_WS/src/sprint6_eurobot': PYTHONPATH=/home/rodrigo/Proyecto_III/g05_prii3/g05_prii3_WS/build/sprint6_eurobot/prefix_override:/usr/lib/python3/dist-packages/colcon_core/task/python/colcon_distutils_commands:/home/rodrigo/Proyecto_III/g05_prii3/g05_prii3_WS/install/sprint6_eurobot/lib/python3.8/site-packages:${PYTHONPATH} /usr/bin/python3 -W ignore:setup.py install is deprecated -W ignore:easy_install command is deprecated setup.py egg_info --egg-base ../../build/sprint6_eurobot build --build-base /home/rodrigo/Proyecto_III/g05_prii3/g05_prii3_WS/build/sprint6_eurobot/build install --record /home/rodrigo/Proyecto_III/g05_prii3/g05_prii3_WS/build/sprint6_eurobot/install.log --single-version-externally-managed install_data --force
[1.094s] running egg_info
[1.094s] writing ../../build/sprint6_eurobot/sprint6_eurobot.egg-info/PKG-INFO
[1.095s] writing dependency_links to ../../build/sprint6_eurobot/sprint6_eurobot.egg-info/dependency_links.txt
[1.095s] writing entry points to ../../build/sprint6_eurobot/sprint6_eurobot.egg-info/entry_points.txt
[1.095s] writing requirements to ../../build/sprint6_eurobot/sprint6_eurobot.egg-info/requires.txt
[1.095s] writing top-level names to ../../build/sprint6_eurobot/sprint6_eurobot.egg-info/top_level.txt
[1.130s] reading manifest file '../../build/sprint6_eurobot/sprint6_eurobot.egg-info/SOURCES.txt'
[1.131s] writing manifest file '../../build/sprint6_eurobot/sprint6_eurobot.egg-info/SOURCES.txt'
[1.131s] running build
[1.131s] running build_py
[1.131s] creating /home/rodrigo/Proyecto_III/g05_prii3/g05_prii3_WS/build/sprint6_eurobot/build
[1.132s] creating /home/rodrigo/Proyecto_III/g05_prii3/g05_prii3_WS/build/sprint6_eurobot/build/lib
[1.132s] creating /home/rodrigo/Proyecto_III/g05_prii3/g05_prii3_WS/build/sprint6_eurobot/build/lib/sprint6_eurobot
[1.132s] copying sprint6_eurobot/fsm_navigator.py -> /home/rodrigo/Proyecto_III/g05_prii3/g05_prii3_WS/build/sprint6_eurobot/build/lib/sprint6_eurobot
[1.132s] copying sprint6_eurobot/__init__.py -> /home/rodrigo/Proyecto_III/g05_prii3/g05_prii3_WS/build/sprint6_eurobot/build/lib/sprint6_eurobot
[1.132s] copying sprint6_eurobot/fsm_aruco_navigator.py -> /home/rodrigo/Proyecto_III/g05_prii3/g05_prii3_WS/build/sprint6_eurobot/build/lib/sprint6_eurobot
[1.132s] running install
[1.132s] running install_lib
[1.133s] creating /home/rodrigo/Proyecto_III/g05_prii3/g05_prii3_WS/install/sprint6_eurobot/lib/python3.8/site-packages/sprint6_eurobot
[1.133s] copying /home/rodrigo/Proyecto_III/g05_prii3/g05_prii3_WS/build/sprint6_eurobot/build/lib/sprint6_eurobot/fsm_navigator.py -> /home/rodrigo/Proyecto_III/g05_prii3/g05_prii3_WS/install/sprint6_eurobot/lib/python3.8/site-packages/sprint6_eurobot
[1.133s] copying /home/rodrigo/Proyecto_III/g05_prii3/g05_prii3_WS/build/sprint6_eurobot/build/lib/sprint6_eurobot/__init__.py -> /home/rodrigo/Proyecto_III/g05_prii3/g05_prii3_WS/install/sprint6_eurobot/lib/python3.8/site-packages/sprint6_eurobot
[1.134s] copying /home/rodrigo/Proyecto_III/g05_prii3/g05_prii3_WS/build/sprint6_eurobot/build/lib/sprint6_eurobot/fsm_aruco_navigator.py -> /home/rodrigo/Proyecto_III/g05_prii3/g05_prii3_WS/install/sprint6_eurobot/lib/python3.8/site-packages/sprint6_eurobot
[1.134s] byte-compiling /home/rodrigo/Proyecto_III/g05_prii3/g05_prii3_WS/install/sprint6_eurobot/lib/python3.8/site-packages/sprint6_eurobot/fsm_navigator.py to fsm_navigator.cpython-38.pyc
[1.136s] byte-compiling /home/rodrigo/Proyecto_III/g05_prii3/g05_prii3_WS/install/sprint6_eurobot/lib/python3.8/site-packages/sprint6_eurobot/__init__.py to __init__.cpython-38.pyc
[1.136s] byte-compiling /home/rodrigo/Proyecto_III/g05_prii3/g05_prii3_WS/install/sprint6_eurobot/lib/python3.8/site-packages/sprint6_eurobot/fsm_aruco_navigator.py to fsm_aruco_navigator.cpython-38.pyc
[1.138s] running install_data
[1.138s] copying resource/sprint6_eurobot -> /home/rodrigo/Proyecto_III/g05_prii3/g05_prii3_WS/install/sprint6_eurobot/share/ament_index/resource_index/packages
[1.139s] copying package.xml -> /home/rodrigo/Proyecto_III/g05_prii3/g05_prii3_WS/install/sprint6_eurobot/share/sprint6_eurobot
[1.140s] copying launch/real_robot.launch.py -> /home/rodrigo/Proyecto_III/g05_prii3/g05_prii3_WS/install/sprint6_eurobot/share/sprint6_eurobot/launch
[1.140s] running install_egg_info
[1.142s] Copying ../../build/sprint6_eurobot/sprint6_eurobot.egg-info to /home/rodrigo/Proyecto_III/g05_prii3/g05_prii3_WS/install/sprint6_eurobot/lib/python3.8/site-packages/sprint6_eurobot-0.0.0-py3.8.egg-info
[1.143s] running install_scripts
[1.162s] Installing fsm_aruco_navigator script to /home/rodrigo/Proyecto_III/g05_prii3/g05_prii3_WS/install/sprint6_eurobot/lib/sprint6_eurobot
[1.162s] Installing fsm_navigator script to /home/rodrigo/Proyecto_III/g05_prii3/g05_prii3_WS/install/sprint6_eurobot/lib/sprint6_eurobot
[1.162s] writing list of installed files to '/home/rodrigo/Proyecto_III/g05_prii3/g05_prii3_WS/build/sprint6_eurobot/install.log'
[1.184s] Invoked command in '/home/rodrigo/Proyecto_III/g05_prii3/g05_prii3_WS/src/sprint6_eurobot' returned '0': PYTHONPATH=/home/rodrigo/Proyecto_III/g05_prii3/g05_prii3_WS/build/sprint6_eurobot/prefix_override:/usr/lib/python3/dist-packages/colcon_core/task/python/colcon_distutils_commands:/home/rodrigo/Proyecto_III/g05_prii3/g05_prii3_WS/install/sprint6_eurobot/lib/python3.8/site-packages:${PYTHONPATH} /usr/bin/python3 -W ignore:setup.py install is deprecated -W ignore:easy_install command is deprecated setup.py egg_info --egg-base ../../build/sprint6_eurobot build --build-base /home/rodrigo/Proyecto_III/g05_prii3/g05_prii3_WS/build/sprint6_eurobot/build install --record /home/rodrigo/Proyecto_III/g05_prii3/g05_prii3_WS/build/sprint6_eurobot/install.log --single-version-externally-managed install_data --force
