[1.505s] Invoking command in '/home/rodrigo/Proyecto_III/g05_prii3/g05_prii3_WS/src/build/sprint4_eurobot': PYTHONPATH=/home/rodrigo/Proyecto_III/g05_prii3/g05_prii3_WS/src/build/sprint4_eurobot/prefix_override:/usr/lib/python3/dist-packages/colcon_core/task/python/colcon_distutils_commands:/home/rodrigo/Proyecto_III/g05_prii3/g05_prii3_WS/src/install/sprint4_eurobot/lib/python3.8/site-packages:${PYTHONPATH} /usr/bin/python3 -W ignore:setup.py install is deprecated -W ignore:easy_install command is deprecated setup.py develop --editable --build-directory /home/rodrigo/Proyecto_III/g05_prii3/g05_prii3_WS/src/build/sprint4_eurobot/build --no-deps symlink_data
[1.814s] running develop
[2.003s] running egg_info
[2.003s] creating sprint4_eurobot.egg-info
[2.003s] writing sprint4_eurobot.egg-info/PKG-INFO
[2.004s] writing dependency_links to sprint4_eurobot.egg-info/dependency_links.txt
[2.004s] writing entry points to sprint4_eurobot.egg-info/entry_points.txt
[2.004s] writing requirements to sprint4_eurobot.egg-info/requires.txt
[2.004s] writing top-level names to sprint4_eurobot.egg-info/top_level.txt
[2.006s] writing manifest file 'sprint4_eurobot.egg-info/SOURCES.txt'
[2.049s] reading manifest file 'sprint4_eurobot.egg-info/SOURCES.txt'
[2.050s] writing manifest file 'sprint4_eurobot.egg-info/SOURCES.txt'
[2.107s] running build_ext
[2.108s] Creating /home/rodrigo/Proyecto_III/g05_prii3/g05_prii3_WS/src/install/sprint4_eurobot/lib/python3.8/site-packages/site.py
[2.109s] Creating /home/rodrigo/Proyecto_III/g05_prii3/g05_prii3_WS/src/install/sprint4_eurobot/lib/python3.8/site-packages/sprint4-eurobot.egg-link (link to .)
[2.110s] Installing cenital_node script to /home/rodrigo/Proyecto_III/g05_prii3/g05_prii3_WS/src/install/sprint4_eurobot/lib/sprint4_eurobot
[2.110s] Installing real_navigator script to /home/rodrigo/Proyecto_III/g05_prii3/g05_prii3_WS/src/install/sprint4_eurobot/lib/sprint4_eurobot
[2.110s] 
[2.111s] Installed /home/rodrigo/Proyecto_III/g05_prii3/g05_prii3_WS/src/build/sprint4_eurobot
[2.111s] running symlink_data
[2.111s] creating /home/rodrigo/Proyecto_III/g05_prii3/g05_prii3_WS/src/install/sprint4_eurobot/share/ament_index
[2.111s] creating /home/rodrigo/Proyecto_III/g05_prii3/g05_prii3_WS/src/install/sprint4_eurobot/share/ament_index/resource_index
[2.111s] creating /home/rodrigo/Proyecto_III/g05_prii3/g05_prii3_WS/src/install/sprint4_eurobot/share/ament_index/resource_index/packages
[2.111s] symbolically linking /home/rodrigo/Proyecto_III/g05_prii3/g05_prii3_WS/src/build/sprint4_eurobot/resource/sprint4_eurobot -> /home/rodrigo/Proyecto_III/g05_prii3/g05_prii3_WS/src/install/sprint4_eurobot/share/ament_index/resource_index/packages
[2.112s] symbolically linking /home/rodrigo/Proyecto_III/g05_prii3/g05_prii3_WS/src/build/sprint4_eurobot/package.xml -> /home/rodrigo/Proyecto_III/g05_prii3/g05_prii3_WS/src/install/sprint4_eurobot/share/sprint4_eurobot
[2.112s] creating /home/rodrigo/Proyecto_III/g05_prii3/g05_prii3_WS/src/install/sprint4_eurobot/share/sprint4_eurobot/launch
[2.112s] symbolically linking /home/rodrigo/Proyecto_III/g05_prii3/g05_prii3_WS/src/build/sprint4_eurobot/launch/eurobot_launch.py -> /home/rodrigo/Proyecto_III/g05_prii3/g05_prii3_WS/src/install/sprint4_eurobot/share/sprint4_eurobot/launch
[2.112s] symbolically linking /home/rodrigo/Proyecto_III/g05_prii3/g05_prii3_WS/src/build/sprint4_eurobot/launch/real_nav_stack.launch.py -> /home/rodrigo/Proyecto_III/g05_prii3/g05_prii3_WS/src/install/sprint4_eurobot/share/sprint4_eurobot/launch
[2.112s] creating /home/rodrigo/Proyecto_III/g05_prii3/g05_prii3_WS/src/install/sprint4_eurobot/share/sprint4_eurobot/world
[2.113s] symbolically linking /home/rodrigo/Proyecto_III/g05_prii3/g05_prii3_WS/src/build/sprint4_eurobot/world/eurobot.world -> /home/rodrigo/Proyecto_III/g05_prii3/g05_prii3_WS/src/install/sprint4_eurobot/share/sprint4_eurobot/world
[2.113s] creating /home/rodrigo/Proyecto_III/g05_prii3/g05_prii3_WS/src/install/sprint4_eurobot/share/sprint4_eurobot/rviz
[2.113s] symbolically linking /home/rodrigo/Proyecto_III/g05_prii3/g05_prii3_WS/src/build/sprint4_eurobot/rviz/eurobot.rviz -> /home/rodrigo/Proyecto_III/g05_prii3/g05_prii3_WS/src/install/sprint4_eurobot/share/sprint4_eurobot/rviz
[2.113s] symbolically linking /home/rodrigo/Proyecto_III/g05_prii3/g05_prii3_WS/src/build/sprint4_eurobot/rviz/eurobot_config.rviz -> /home/rodrigo/Proyecto_III/g05_prii3/g05_prii3_WS/src/install/sprint4_eurobot/share/sprint4_eurobot/rviz
[2.113s] creating /home/rodrigo/Proyecto_III/g05_prii3/g05_prii3_WS/src/install/sprint4_eurobot/share/sprint4_eurobot/materials
[2.113s] creating /home/rodrigo/Proyecto_III/g05_prii3/g05_prii3_WS/src/install/sprint4_eurobot/share/sprint4_eurobot/materials/scripts
[2.114s] symbolically linking /home/rodrigo/Proyecto_III/g05_prii3/g05_prii3_WS/src/build/sprint4_eurobot/materials/scripts/eurobot.material -> /home/rodrigo/Proyecto_III/g05_prii3/g05_prii3_WS/src/install/sprint4_eurobot/share/sprint4_eurobot/materials/scripts
[2.114s] creating /home/rodrigo/Proyecto_III/g05_prii3/g05_prii3_WS/src/install/sprint4_eurobot/share/sprint4_eurobot/materials/textures
[2.114s] symbolically linking /home/rodrigo/Proyecto_III/g05_prii3/g05_prii3_WS/src/build/sprint4_eurobot/materials/textures/mapa_eurobot_rotated.png -> /home/rodrigo/Proyecto_III/g05_prii3/g05_prii3_WS/src/install/sprint4_eurobot/share/sprint4_eurobot/materials/textures
[2.114s] symbolically linking /home/rodrigo/Proyecto_III/g05_prii3/g05_prii3_WS/src/build/sprint4_eurobot/materials/textures/aruco_origin.png -> /home/rodrigo/Proyecto_III/g05_prii3/g05_prii3_WS/src/install/sprint4_eurobot/share/sprint4_eurobot/materials/textures
[2.114s] symbolically linking /home/rodrigo/Proyecto_III/g05_prii3/g05_prii3_WS/src/build/sprint4_eurobot/materials/textures/aruco_robot.png -> /home/rodrigo/Proyecto_III/g05_prii3/g05_prii3_WS/src/install/sprint4_eurobot/share/sprint4_eurobot/materials/textures
[2.114s] creating /home/rodrigo/Proyecto_III/g05_prii3/g05_prii3_WS/src/install/sprint4_eurobot/share/sprint4_eurobot/models
[2.114s] creating /home/rodrigo/Proyecto_III/g05_prii3/g05_prii3_WS/src/install/sprint4_eurobot/share/sprint4_eurobot/models/waffle_aruco
[2.114s] symbolically linking /home/rodrigo/Proyecto_III/g05_prii3/g05_prii3_WS/src/build/sprint4_eurobot/models/waffle_aruco/model.config -> /home/rodrigo/Proyecto_III/g05_prii3/g05_prii3_WS/src/install/sprint4_eurobot/share/sprint4_eurobot/models/waffle_aruco
[2.114s] symbolically linking /home/rodrigo/Proyecto_III/g05_prii3/g05_prii3_WS/src/build/sprint4_eurobot/models/waffle_aruco/model.sdf -> /home/rodrigo/Proyecto_III/g05_prii3/g05_prii3_WS/src/install/sprint4_eurobot/share/sprint4_eurobot/models/waffle_aruco
