[0.431s] DEBUG:colcon:Command line arguments: ['/usr/bin/colcon', 'build', '--symlink-install']
[0.431s] DEBUG:colcon:Parsed command line arguments: Namespace(allow_overriding=[], ament_cmake_args=None, base_paths=['.'], build_base='build', catkin_cmake_args=None, catkin_skip_building_tests=False, cmake_args=None, cmake_clean_cache=False, cmake_clean_first=False, cmake_force_configure=False, cmake_target=None, cmake_target_skip_unavailable=False, continue_on_error=False, event_handlers=None, executor='parallel', ignore_user_meta=False, install_base='install', log_base=None, log_level=None, main=<bound method BuildVerb.main of <colcon_core.verb.build.BuildVerb object at 0x7f8c8ad691c0>>, merge_install=False, metas=['./colcon.meta'], packages_above=None, packages_above_and_dependencies=None, packages_above_depth=None, packages_end=None, packages_ignore=None, packages_ignore_regex=None, packages_select=None, packages_select_build_failed=False, packages_select_by_dep=None, packages_select_regex=None, packages_select_test_failures=False, packages_skip=None, packages_skip_build_finished=False, packages_skip_by_dep=None, packages_skip_regex=None, packages_skip_test_passed=False, packages_skip_up_to=None, packages_start=None, packages_up_to=None, packages_up_to_regex=None, parallel_workers=12, paths=None, symlink_install=True, test_result_base=None, verb_extension=<colcon_core.verb.build.BuildVerb object at 0x7f8c8ad691c0>, verb_name='build', verb_parser=<colcon_defaults.argument_parser.defaults.DefaultArgumentsDecorator object at 0x7f8c8ad69700>)
[0.783s] Level 1:colcon.colcon_core.package_discovery:discover_packages(colcon_meta) check parameters
[0.783s] Level 1:colcon.colcon_core.package_discovery:discover_packages(recursive) check parameters
[0.783s] Level 1:colcon.colcon_core.package_discovery:discover_packages(ignore) check parameters
[0.783s] Level 1:colcon.colcon_core.package_discovery:discover_packages(path) check parameters
[0.784s] Level 1:colcon.colcon_core.package_discovery:discover_packages(colcon_meta) discover
[0.784s] Level 1:colcon.colcon_core.package_discovery:discover_packages(recursive) discover
[0.784s] INFO:colcon.colcon_core.package_discovery:Crawling recursively for packages in '/home/rodrigo/Proyecto_III/g05_prii3/g05_prii3_WS'
[0.784s] Level 1:colcon.colcon_core.package_identification:_identify(.) by extensions ['ignore', 'ignore_ament_install']
[0.784s] Level 1:colcon.colcon_core.package_identification:_identify(.) by extension 'ignore'
[0.784s] Level 1:colcon.colcon_core.package_identification:_identify(.) by extension 'ignore_ament_install'
[0.784s] Level 1:colcon.colcon_core.package_identification:_identify(.) by extensions ['colcon_pkg']
[0.784s] Level 1:colcon.colcon_core.package_identification:_identify(.) by extension 'colcon_pkg'
[0.785s] Level 1:colcon.colcon_core.package_identification:_identify(.) by extensions ['colcon_meta']
[0.785s] Level 1:colcon.colcon_core.package_identification:_identify(.) by extension 'colcon_meta'
[0.785s] Level 1:colcon.colcon_core.package_identification:_identify(.) by extensions ['ros']
[0.785s] Level 1:colcon.colcon_core.package_identification:_identify(.) by extension 'ros'
[0.807s] Level 1:colcon.colcon_core.package_identification:_identify(.) by extensions ['cmake', 'python']
[0.807s] Level 1:colcon.colcon_core.package_identification:_identify(.) by extension 'cmake'
[0.807s] Level 1:colcon.colcon_core.package_identification:_identify(.) by extension 'python'
[0.808s] Level 1:colcon.colcon_core.package_identification:_identify(.) by extensions ['python_setup_py']
[0.808s] Level 1:colcon.colcon_core.package_identification:_identify(.) by extension 'python_setup_py'
[0.808s] Level 1:colcon.colcon_core.package_identification:_identify(build) by extensions ['ignore', 'ignore_ament_install']
[0.808s] Level 1:colcon.colcon_core.package_identification:_identify(build) by extension 'ignore'
[0.808s] Level 1:colcon.colcon_core.package_identification:_identify(build) ignored
[0.809s] Level 1:colcon.colcon_core.package_identification:_identify(install) by extensions ['ignore', 'ignore_ament_install']
[0.809s] Level 1:colcon.colcon_core.package_identification:_identify(install) by extension 'ignore'
[0.809s] Level 1:colcon.colcon_core.package_identification:_identify(install) ignored
[0.809s] Level 1:colcon.colcon_core.package_identification:_identify(log) by extensions ['ignore', 'ignore_ament_install']
[0.809s] Level 1:colcon.colcon_core.package_identification:_identify(log) by extension 'ignore'
[0.809s] Level 1:colcon.colcon_core.package_identification:_identify(log) ignored
[0.810s] Level 1:colcon.colcon_core.package_identification:_identify(src) by extensions ['ignore', 'ignore_ament_install']
[0.810s] Level 1:colcon.colcon_core.package_identification:_identify(src) by extension 'ignore'
[0.810s] Level 1:colcon.colcon_core.package_identification:_identify(src) by extension 'ignore_ament_install'
[0.810s] Level 1:colcon.colcon_core.package_identification:_identify(src) by extensions ['colcon_pkg']
[0.810s] Level 1:colcon.colcon_core.package_identification:_identify(src) by extension 'colcon_pkg'
[0.810s] Level 1:colcon.colcon_core.package_identification:_identify(src) by extensions ['colcon_meta']
[0.810s] Level 1:colcon.colcon_core.package_identification:_identify(src) by extension 'colcon_meta'
[0.811s] Level 1:colcon.colcon_core.package_identification:_identify(src) by extensions ['ros']
[0.811s] Level 1:colcon.colcon_core.package_identification:_identify(src) by extension 'ros'
[0.811s] Level 1:colcon.colcon_core.package_identification:_identify(src) by extensions ['cmake', 'python']
[0.811s] Level 1:colcon.colcon_core.package_identification:_identify(src) by extension 'cmake'
[0.811s] Level 1:colcon.colcon_core.package_identification:_identify(src) by extension 'python'
[0.811s] Level 1:colcon.colcon_core.package_identification:_identify(src) by extensions ['python_setup_py']
[0.811s] Level 1:colcon.colcon_core.package_identification:_identify(src) by extension 'python_setup_py'
[0.811s] Level 1:colcon.colcon_core.package_identification:_identify(src/build) by extensions ['ignore', 'ignore_ament_install']
[0.812s] Level 1:colcon.colcon_core.package_identification:_identify(src/build) by extension 'ignore'
[0.812s] Level 1:colcon.colcon_core.package_identification:_identify(src/build) ignored
[0.812s] Level 1:colcon.colcon_core.package_identification:_identify(src/eurobot_real) by extensions ['ignore', 'ignore_ament_install']
[0.812s] Level 1:colcon.colcon_core.package_identification:_identify(src/eurobot_real) by extension 'ignore'
[0.812s] Level 1:colcon.colcon_core.package_identification:_identify(src/eurobot_real) by extension 'ignore_ament_install'
[0.812s] Level 1:colcon.colcon_core.package_identification:_identify(src/eurobot_real) by extensions ['colcon_pkg']
[0.812s] Level 1:colcon.colcon_core.package_identification:_identify(src/eurobot_real) by extension 'colcon_pkg'
[0.812s] Level 1:colcon.colcon_core.package_identification:_identify(src/eurobot_real) by extensions ['colcon_meta']
[0.812s] Level 1:colcon.colcon_core.package_identification:_identify(src/eurobot_real) by extension 'colcon_meta'
[0.812s] Level 1:colcon.colcon_core.package_identification:_identify(src/eurobot_real) by extensions ['ros']
[0.812s] Level 1:colcon.colcon_core.package_identification:_identify(src/eurobot_real) by extension 'ros'
[0.820s] DEBUG:colcon.colcon_core.package_identification:Package 'src/eurobot_real' with type 'ros.ament_python' and name 'eurobot_real'
[0.821s] Level 1:colcon.colcon_core.package_identification:_identify(src/install) by extensions ['ignore', 'ignore_ament_install']
[0.821s] Level 1:colcon.colcon_core.package_identification:_identify(src/install) by extension 'ignore'
[0.821s] Level 1:colcon.colcon_core.package_identification:_identify(src/install) ignored
[0.821s] Level 1:colcon.colcon_core.package_identification:_identify(src/log) by extensions ['ignore', 'ignore_ament_install']
[0.821s] Level 1:colcon.colcon_core.package_identification:_identify(src/log) by extension 'ignore'
[0.821s] Level 1:colcon.colcon_core.package_identification:_identify(src/log) ignored
[0.822s] Level 1:colcon.colcon_core.package_identification:_identify(src/sprint4_eurobot) by extensions ['ignore', 'ignore_ament_install']
[0.822s] Level 1:colcon.colcon_core.package_identification:_identify(src/sprint4_eurobot) by extension 'ignore'
[0.822s] Level 1:colcon.colcon_core.package_identification:_identify(src/sprint4_eurobot) by extension 'ignore_ament_install'
[0.822s] Level 1:colcon.colcon_core.package_identification:_identify(src/sprint4_eurobot) by extensions ['colcon_pkg']
[0.822s] Level 1:colcon.colcon_core.package_identification:_identify(src/sprint4_eurobot) by extension 'colcon_pkg'
[0.822s] Level 1:colcon.colcon_core.package_identification:_identify(src/sprint4_eurobot) by extensions ['colcon_meta']
[0.822s] Level 1:colcon.colcon_core.package_identification:_identify(src/sprint4_eurobot) by extension 'colcon_meta'
[0.823s] Level 1:colcon.colcon_core.package_identification:_identify(src/sprint4_eurobot) by extensions ['ros']
[0.823s] Level 1:colcon.colcon_core.package_identification:_identify(src/sprint4_eurobot) by extension 'ros'
[0.826s] DEBUG:colcon.colcon_core.package_identification:Package 'src/sprint4_eurobot' with type 'ros.ament_python' and name 'sprint4_eurobot'
[0.826s] Level 1:colcon.colcon_core.package_identification:_identify(src/sprint5_eurobot) by extensions ['ignore', 'ignore_ament_install']
[0.826s] Level 1:colcon.colcon_core.package_identification:_identify(src/sprint5_eurobot) by extension 'ignore'
[0.826s] Level 1:colcon.colcon_core.package_identification:_identify(src/sprint5_eurobot) by extension 'ignore_ament_install'
[0.826s] Level 1:colcon.colcon_core.package_identification:_identify(src/sprint5_eurobot) by extensions ['colcon_pkg']
[0.827s] Level 1:colcon.colcon_core.package_identification:_identify(src/sprint5_eurobot) by extension 'colcon_pkg'
[0.827s] Level 1:colcon.colcon_core.package_identification:_identify(src/sprint5_eurobot) by extensions ['colcon_meta']
[0.827s] Level 1:colcon.colcon_core.package_identification:_identify(src/sprint5_eurobot) by extension 'colcon_meta'
[0.827s] Level 1:colcon.colcon_core.package_identification:_identify(src/sprint5_eurobot) by extensions ['ros']
[0.827s] Level 1:colcon.colcon_core.package_identification:_identify(src/sprint5_eurobot) by extension 'ros'
[0.829s] DEBUG:colcon.colcon_core.package_identification:Package 'src/sprint5_eurobot' with type 'ros.ament_python' and name 'sprint5_eurobot'
[0.830s] Level 1:colcon.colcon_core.package_discovery:discover_packages(recursive) using defaults
[0.830s] Level 1:colcon.colcon_core.package_discovery:discover_packages(ignore) discover
[0.830s] Level 1:colcon.colcon_core.package_discovery:discover_packages(ignore) using defaults
[0.830s] Level 1:colcon.colcon_core.package_discovery:discover_packages(path) discover
[0.830s] Level 1:colcon.colcon_core.package_discovery:discover_packages(path) using defaults
[0.865s] Level 1:colcon.colcon_core.package_discovery:discover_packages(prefix_path) check parameters
[0.865s] Level 1:colcon.colcon_core.package_discovery:discover_packages(prefix_path) discover
[0.871s] DEBUG:colcon.colcon_installed_package_information.package_discovery:Found 371 installed packages in /opt/ros/foxy
[0.894s] Level 1:colcon.colcon_core.package_discovery:discover_packages(prefix_path) using defaults
[1.076s] Level 5:colcon.colcon_core.verb:set package 'eurobot_real' build argument 'cmake_args' from command line to 'None'
[1.076s] Level 5:colcon.colcon_core.verb:set package 'eurobot_real' build argument 'cmake_target' from command line to 'None'
[1.076s] Level 5:colcon.colcon_core.verb:set package 'eurobot_real' build argument 'cmake_target_skip_unavailable' from command line to 'False'
[1.076s] Level 5:colcon.colcon_core.verb:set package 'eurobot_real' build argument 'cmake_clean_cache' from command line to 'False'
[1.076s] Level 5:colcon.colcon_core.verb:set package 'eurobot_real' build argument 'cmake_clean_first' from command line to 'False'
[1.076s] Level 5:colcon.colcon_core.verb:set package 'eurobot_real' build argument 'cmake_force_configure' from command line to 'False'
[1.076s] Level 5:colcon.colcon_core.verb:set package 'eurobot_real' build argument 'ament_cmake_args' from command line to 'None'
[1.076s] Level 5:colcon.colcon_core.verb:set package 'eurobot_real' build argument 'catkin_cmake_args' from command line to 'None'
[1.076s] Level 5:colcon.colcon_core.verb:set package 'eurobot_real' build argument 'catkin_skip_building_tests' from command line to 'False'
[1.076s] DEBUG:colcon.colcon_core.verb:Building package 'eurobot_real' with the following arguments: {'ament_cmake_args': None, 'build_base': '/home/rodrigo/Proyecto_III/g05_prii3/g05_prii3_WS/build/eurobot_real', 'catkin_cmake_args': None, 'catkin_skip_building_tests': False, 'cmake_args': None, 'cmake_clean_cache': False, 'cmake_clean_first': False, 'cmake_force_configure': False, 'cmake_target': None, 'cmake_target_skip_unavailable': False, 'install_base': '/home/rodrigo/Proyecto_III/g05_prii3/g05_prii3_WS/install/eurobot_real', 'merge_install': False, 'path': '/home/rodrigo/Proyecto_III/g05_prii3/g05_prii3_WS/src/eurobot_real', 'symlink_install': True, 'test_result_base': None}
[1.077s] Level 5:colcon.colcon_core.verb:set package 'sprint4_eurobot' build argument 'cmake_args' from command line to 'None'
[1.077s] Level 5:colcon.colcon_core.verb:set package 'sprint4_eurobot' build argument 'cmake_target' from command line to 'None'
[1.077s] Level 5:colcon.colcon_core.verb:set package 'sprint4_eurobot' build argument 'cmake_target_skip_unavailable' from command line to 'False'
[1.077s] Level 5:colcon.colcon_core.verb:set package 'sprint4_eurobot' build argument 'cmake_clean_cache' from command line to 'False'
[1.077s] Level 5:colcon.colcon_core.verb:set package 'sprint4_eurobot' build argument 'cmake_clean_first' from command line to 'False'
[1.077s] Level 5:colcon.colcon_core.verb:set package 'sprint4_eurobot' build argument 'cmake_force_configure' from command line to 'False'
[1.077s] Level 5:colcon.colcon_core.verb:set package 'sprint4_eurobot' build argument 'ament_cmake_args' from command line to 'None'
[1.077s] Level 5:colcon.colcon_core.verb:set package 'sprint4_eurobot' build argument 'catkin_cmake_args' from command line to 'None'
[1.077s] Level 5:colcon.colcon_core.verb:set package 'sprint4_eurobot' build argument 'catkin_skip_building_tests' from command line to 'False'
[1.077s] DEBUG:colcon.colcon_core.verb:Building package 'sprint4_eurobot' with the following arguments: {'ament_cmake_args': None, 'build_base': '/home/rodrigo/Proyecto_III/g05_prii3/g05_prii3_WS/build/sprint4_eurobot', 'catkin_cmake_args': None, 'catkin_skip_building_tests': False, 'cmake_args': None, 'cmake_clean_cache': False, 'cmake_clean_first': False, 'cmake_force_configure': False, 'cmake_target': None, 'cmake_target_skip_unavailable': False, 'install_base': '/home/rodrigo/Proyecto_III/g05_prii3/g05_prii3_WS/install/sprint4_eurobot', 'merge_install': False, 'path': '/home/rodrigo/Proyecto_III/g05_prii3/g05_prii3_WS/src/sprint4_eurobot', 'symlink_install': True, 'test_result_base': None}
[1.079s] Level 5:colcon.colcon_core.verb:set package 'sprint5_eurobot' build argument 'cmake_args' from command line to 'None'
[1.079s] Level 5:colcon.colcon_core.verb:set package 'sprint5_eurobot' build argument 'cmake_target' from command line to 'None'
[1.079s] Level 5:colcon.colcon_core.verb:set package 'sprint5_eurobot' build argument 'cmake_target_skip_unavailable' from command line to 'False'
[1.079s] Level 5:colcon.colcon_core.verb:set package 'sprint5_eurobot' build argument 'cmake_clean_cache' from command line to 'False'
[1.079s] Level 5:colcon.colcon_core.verb:set package 'sprint5_eurobot' build argument 'cmake_clean_first' from command line to 'False'
[1.079s] Level 5:colcon.colcon_core.verb:set package 'sprint5_eurobot' build argument 'cmake_force_configure' from command line to 'False'
[1.079s] Level 5:colcon.colcon_core.verb:set package 'sprint5_eurobot' build argument 'ament_cmake_args' from command line to 'None'
[1.079s] Level 5:colcon.colcon_core.verb:set package 'sprint5_eurobot' build argument 'catkin_cmake_args' from command line to 'None'
[1.079s] Level 5:colcon.colcon_core.verb:set package 'sprint5_eurobot' build argument 'catkin_skip_building_tests' from command line to 'False'
[1.079s] DEBUG:colcon.colcon_core.verb:Building package 'sprint5_eurobot' with the following arguments: {'ament_cmake_args': None, 'build_base': '/home/rodrigo/Proyecto_III/g05_prii3/g05_prii3_WS/build/sprint5_eurobot', 'catkin_cmake_args': None, 'catkin_skip_building_tests': False, 'cmake_args': None, 'cmake_clean_cache': False, 'cmake_clean_first': False, 'cmake_force_configure': False, 'cmake_target': None, 'cmake_target_skip_unavailable': False, 'install_base': '/home/rodrigo/Proyecto_III/g05_prii3/g05_prii3_WS/install/sprint5_eurobot', 'merge_install': False, 'path': '/home/rodrigo/Proyecto_III/g05_prii3/g05_prii3_WS/src/sprint5_eurobot', 'symlink_install': True, 'test_result_base': None}
[1.080s] INFO:colcon.colcon_core.executor:Executing jobs using 'parallel' executor
[1.082s] DEBUG:colcon.colcon_parallel_executor.executor.parallel:run_until_complete
[1.083s] INFO:colcon.colcon_ros.task.ament_python.build:Building ROS package in '/home/rodrigo/Proyecto_III/g05_prii3/g05_prii3_WS/src/eurobot_real' with build type 'ament_python'
[1.084s] Level 1:colcon.colcon_core.shell:create_environment_hook('eurobot_real', 'ament_prefix_path')
[1.088s] INFO:colcon.colcon_core.plugin_system:Skipping extension 'colcon_core.shell.bat': Not used on non-Windows systems
[1.088s] INFO:colcon.colcon_core.shell:Creating environment hook '/home/rodrigo/Proyecto_III/g05_prii3/g05_prii3_WS/install/eurobot_real/share/eurobot_real/hook/ament_prefix_path.ps1'
[1.090s] INFO:colcon.colcon_core.shell:Creating environment descriptor '/home/rodrigo/Proyecto_III/g05_prii3/g05_prii3_WS/install/eurobot_real/share/eurobot_real/hook/ament_prefix_path.dsv'
[1.091s] INFO:colcon.colcon_core.shell:Creating environment hook '/home/rodrigo/Proyecto_III/g05_prii3/g05_prii3_WS/install/eurobot_real/share/eurobot_real/hook/ament_prefix_path.sh'
[1.093s] INFO:colcon.colcon_core.shell:Skip shell extension 'powershell' for command environment: Not usable outside of PowerShell
[1.093s] DEBUG:colcon.colcon_core.shell:Skip shell extension 'dsv' for command environment
[1.103s] INFO:colcon.colcon_ros.task.ament_python.build:Building ROS package in '/home/rodrigo/Proyecto_III/g05_prii3/g05_prii3_WS/src/sprint4_eurobot' with build type 'ament_python'
[1.104s] Level 1:colcon.colcon_core.shell:create_environment_hook('sprint4_eurobot', 'ament_prefix_path')
[1.105s] INFO:colcon.colcon_core.shell:Creating environment hook '/home/rodrigo/Proyecto_III/g05_prii3/g05_prii3_WS/install/sprint4_eurobot/share/sprint4_eurobot/hook/ament_prefix_path.ps1'
[1.106s] INFO:colcon.colcon_core.shell:Creating environment descriptor '/home/rodrigo/Proyecto_III/g05_prii3/g05_prii3_WS/install/sprint4_eurobot/share/sprint4_eurobot/hook/ament_prefix_path.dsv'
[1.107s] INFO:colcon.colcon_core.shell:Creating environment hook '/home/rodrigo/Proyecto_III/g05_prii3/g05_prii3_WS/install/sprint4_eurobot/share/sprint4_eurobot/hook/ament_prefix_path.sh'
[1.109s] INFO:colcon.colcon_core.shell:Skip shell extension 'powershell' for command environment: Not usable outside of PowerShell
[1.109s] DEBUG:colcon.colcon_core.shell:Skip shell extension 'dsv' for command environment
[1.120s] INFO:colcon.colcon_ros.task.ament_python.build:Building ROS package in '/home/rodrigo/Proyecto_III/g05_prii3/g05_prii3_WS/src/sprint5_eurobot' with build type 'ament_python'
[1.121s] Level 1:colcon.colcon_core.shell:create_environment_hook('sprint5_eurobot', 'ament_prefix_path')
[1.122s] INFO:colcon.colcon_core.shell:Creating environment hook '/home/rodrigo/Proyecto_III/g05_prii3/g05_prii3_WS/install/sprint5_eurobot/share/sprint5_eurobot/hook/ament_prefix_path.ps1'
[1.124s] INFO:colcon.colcon_core.shell:Creating environment descriptor '/home/rodrigo/Proyecto_III/g05_prii3/g05_prii3_WS/install/sprint5_eurobot/share/sprint5_eurobot/hook/ament_prefix_path.dsv'
[1.125s] INFO:colcon.colcon_core.shell:Creating environment hook '/home/rodrigo/Proyecto_III/g05_prii3/g05_prii3_WS/install/sprint5_eurobot/share/sprint5_eurobot/hook/ament_prefix_path.sh'
[1.126s] INFO:colcon.colcon_core.shell:Skip shell extension 'powershell' for command environment: Not usable outside of PowerShell
[1.126s] DEBUG:colcon.colcon_core.shell:Skip shell extension 'dsv' for command environment
[1.712s] INFO:colcon.colcon_core.task.python.build:Building Python package in '/home/rodrigo/Proyecto_III/g05_prii3/g05_prii3_WS/src/eurobot_real'
[1.713s] INFO:colcon.colcon_core.shell:Skip shell extension 'powershell' for command environment: Not usable outside of PowerShell
[1.713s] DEBUG:colcon.colcon_core.shell:Skip shell extension 'dsv' for command environment
[2.228s] INFO:colcon.colcon_core.task.python.build:Building Python package in '/home/rodrigo/Proyecto_III/g05_prii3/g05_prii3_WS/src/sprint4_eurobot'
[2.229s] INFO:colcon.colcon_core.shell:Skip shell extension 'powershell' for command environment: Not usable outside of PowerShell
[2.229s] DEBUG:colcon.colcon_core.shell:Skip shell extension 'dsv' for command environment
[2.728s] INFO:colcon.colcon_core.task.python.build:Building Python package in '/home/rodrigo/Proyecto_III/g05_prii3/g05_prii3_WS/src/sprint5_eurobot'
[2.729s] INFO:colcon.colcon_core.shell:Skip shell extension 'powershell' for command environment: Not usable outside of PowerShell
[2.729s] DEBUG:colcon.colcon_core.shell:Skip shell extension 'dsv' for command environment
[3.686s] DEBUG:colcon.colcon_core.event_handler.log_command:Invoking command in '/home/rodrigo/Proyecto_III/g05_prii3/g05_prii3_WS/build/sprint4_eurobot': PYTHONPATH=/home/rodrigo/Proyecto_III/g05_prii3/g05_prii3_WS/build/sprint4_eurobot/prefix_override:/usr/lib/python3/dist-packages/colcon_core/task/python/colcon_distutils_commands:/home/rodrigo/Proyecto_III/g05_prii3/g05_prii3_WS/install/sprint4_eurobot/lib/python3.8/site-packages:${PYTHONPATH} /usr/bin/python3 -W ignore:setup.py install is deprecated -W ignore:easy_install command is deprecated setup.py develop --editable --build-directory /home/rodrigo/Proyecto_III/g05_prii3/g05_prii3_WS/build/sprint4_eurobot/build --no-deps symlink_data
[3.699s] DEBUG:colcon.colcon_core.event_handler.log_command:Invoking command in '/home/rodrigo/Proyecto_III/g05_prii3/g05_prii3_WS/build/eurobot_real': PYTHONPATH=/home/rodrigo/Proyecto_III/g05_prii3/g05_prii3_WS/build/eurobot_real/prefix_override:/usr/lib/python3/dist-packages/colcon_core/task/python/colcon_distutils_commands:/home/rodrigo/Proyecto_III/g05_prii3/g05_prii3_WS/install/eurobot_real/lib/python3.8/site-packages:${PYTHONPATH} /usr/bin/python3 -W ignore:setup.py install is deprecated -W ignore:easy_install command is deprecated setup.py develop --editable --build-directory /home/rodrigo/Proyecto_III/g05_prii3/g05_prii3_WS/build/eurobot_real/build --no-deps symlink_data
[3.719s] DEBUG:colcon.colcon_core.event_handler.log_command:Invoking command in '/home/rodrigo/Proyecto_III/g05_prii3/g05_prii3_WS/build/sprint5_eurobot': PYTHONPATH=/home/rodrigo/Proyecto_III/g05_prii3/g05_prii3_WS/build/sprint5_eurobot/prefix_override:/usr/lib/python3/dist-packages/colcon_core/task/python/colcon_distutils_commands:/home/rodrigo/Proyecto_III/g05_prii3/g05_prii3_WS/install/sprint5_eurobot/lib/python3.8/site-packages:${PYTHONPATH} /usr/bin/python3 -W ignore:setup.py install is deprecated -W ignore:easy_install command is deprecated setup.py develop --editable --build-directory /home/rodrigo/Proyecto_III/g05_prii3/g05_prii3_WS/build/sprint5_eurobot/build --no-deps symlink_data
[4.862s] Level 1:colcon.colcon_core.shell:create_environment_hook('eurobot_real', 'pythonpath_develop')
[4.863s] INFO:colcon.colcon_core.shell:Creating environment hook '/home/rodrigo/Proyecto_III/g05_prii3/g05_prii3_WS/build/eurobot_real/share/eurobot_real/hook/pythonpath_develop.ps1'
[4.865s] INFO:colcon.colcon_core.shell:Creating environment descriptor '/home/rodrigo/Proyecto_III/g05_prii3/g05_prii3_WS/build/eurobot_real/share/eurobot_real/hook/pythonpath_develop.dsv'
[4.868s] INFO:colcon.colcon_core.shell:Creating environment hook '/home/rodrigo/Proyecto_III/g05_prii3/g05_prii3_WS/build/eurobot_real/share/eurobot_real/hook/pythonpath_develop.sh'
[4.876s] Level 1:colcon.colcon_core.environment:checking '/home/rodrigo/Proyecto_III/g05_prii3/g05_prii3_WS/install/eurobot_real' for CMake module files
[4.877s] Level 1:colcon.colcon_core.environment:checking '/home/rodrigo/Proyecto_III/g05_prii3/g05_prii3_WS/install/eurobot_real' for CMake config files
[4.878s] Level 1:colcon.colcon_core.environment:checking '/home/rodrigo/Proyecto_III/g05_prii3/g05_prii3_WS/install/eurobot_real/lib'
[4.879s] Level 1:colcon.colcon_core.environment:checking '/home/rodrigo/Proyecto_III/g05_prii3/g05_prii3_WS/install/eurobot_real/bin'
[4.879s] Level 1:colcon.colcon_core.shell:create_environment_hook('eurobot_real', 'path')
[4.879s] INFO:colcon.colcon_core.shell:Creating environment hook '/home/rodrigo/Proyecto_III/g05_prii3/g05_prii3_WS/install/eurobot_real/share/eurobot_real/hook/path.ps1'
[4.880s] INFO:colcon.colcon_core.shell:Creating environment descriptor '/home/rodrigo/Proyecto_III/g05_prii3/g05_prii3_WS/install/eurobot_real/share/eurobot_real/hook/path.dsv'
[4.881s] INFO:colcon.colcon_core.shell:Creating environment hook '/home/rodrigo/Proyecto_III/g05_prii3/g05_prii3_WS/install/eurobot_real/share/eurobot_real/hook/path.sh'
[4.882s] Level 1:colcon.colcon_core.environment:checking '/home/rodrigo/Proyecto_III/g05_prii3/g05_prii3_WS/install/eurobot_real/lib/pkgconfig/eurobot_real.pc'
[4.882s] Level 1:colcon.colcon_core.environment:checking '/home/rodrigo/Proyecto_III/g05_prii3/g05_prii3_WS/install/eurobot_real/lib/python3.8/site-packages'
[4.882s] Level 1:colcon.colcon_core.shell:create_environment_hook('eurobot_real', 'pythonpath')
[4.883s] INFO:colcon.colcon_core.shell:Creating environment hook '/home/rodrigo/Proyecto_III/g05_prii3/g05_prii3_WS/install/eurobot_real/share/eurobot_real/hook/pythonpath.ps1'
[4.884s] DEBUG:colcon.colcon_core.event_handler.log_command:Invoked command in '/home/rodrigo/Proyecto_III/g05_prii3/g05_prii3_WS/build/eurobot_real' returned '0': PYTHONPATH=/home/rodrigo/Proyecto_III/g05_prii3/g05_prii3_WS/build/eurobot_real/prefix_override:/usr/lib/python3/dist-packages/colcon_core/task/python/colcon_distutils_commands:/home/rodrigo/Proyecto_III/g05_prii3/g05_prii3_WS/install/eurobot_real/lib/python3.8/site-packages:${PYTHONPATH} /usr/bin/python3 -W ignore:setup.py install is deprecated -W ignore:easy_install command is deprecated setup.py develop --editable --build-directory /home/rodrigo/Proyecto_III/g05_prii3/g05_prii3_WS/build/eurobot_real/build --no-deps symlink_data
[4.885s] INFO:colcon.colcon_core.shell:Creating environment descriptor '/home/rodrigo/Proyecto_III/g05_prii3/g05_prii3_WS/install/eurobot_real/share/eurobot_real/hook/pythonpath.dsv'
[4.887s] INFO:colcon.colcon_core.shell:Creating environment hook '/home/rodrigo/Proyecto_III/g05_prii3/g05_prii3_WS/install/eurobot_real/share/eurobot_real/hook/pythonpath.sh'
[4.889s] Level 1:colcon.colcon_core.environment:checking '/home/rodrigo/Proyecto_III/g05_prii3/g05_prii3_WS/install/eurobot_real/bin'
[4.889s] Level 1:colcon.colcon_core.shell:create_environment_hook('eurobot_real', 'pythonscriptspath')
[4.890s] INFO:colcon.colcon_core.shell:Creating environment hook '/home/rodrigo/Proyecto_III/g05_prii3/g05_prii3_WS/install/eurobot_real/share/eurobot_real/hook/pythonscriptspath.ps1'
[4.891s] INFO:colcon.colcon_core.shell:Creating environment descriptor '/home/rodrigo/Proyecto_III/g05_prii3/g05_prii3_WS/install/eurobot_real/share/eurobot_real/hook/pythonscriptspath.dsv'
[4.893s] INFO:colcon.colcon_core.shell:Creating environment hook '/home/rodrigo/Proyecto_III/g05_prii3/g05_prii3_WS/install/eurobot_real/share/eurobot_real/hook/pythonscriptspath.sh'
[4.893s] Level 1:colcon.colcon_core.environment:create_environment_scripts_only(eurobot_real)
[4.895s] INFO:colcon.colcon_core.shell:Creating package script '/home/rodrigo/Proyecto_III/g05_prii3/g05_prii3_WS/install/eurobot_real/share/eurobot_real/package.ps1'
[4.897s] INFO:colcon.colcon_core.shell:Creating package descriptor '/home/rodrigo/Proyecto_III/g05_prii3/g05_prii3_WS/install/eurobot_real/share/eurobot_real/package.dsv'
[4.899s] INFO:colcon.colcon_core.shell:Creating package script '/home/rodrigo/Proyecto_III/g05_prii3/g05_prii3_WS/install/eurobot_real/share/eurobot_real/package.sh'
[4.901s] INFO:colcon.colcon_core.shell:Creating package script '/home/rodrigo/Proyecto_III/g05_prii3/g05_prii3_WS/install/eurobot_real/share/eurobot_real/package.bash'
[4.903s] INFO:colcon.colcon_core.shell:Creating package script '/home/rodrigo/Proyecto_III/g05_prii3/g05_prii3_WS/install/eurobot_real/share/eurobot_real/package.zsh'
[4.905s] Level 1:colcon.colcon_core.environment:create_file_with_runtime_dependencies(/home/rodrigo/Proyecto_III/g05_prii3/g05_prii3_WS/install/eurobot_real/share/colcon-core/packages/eurobot_real)
[4.911s] Level 1:colcon.colcon_core.shell:create_environment_hook('sprint5_eurobot', 'pythonpath_develop')
[4.912s] INFO:colcon.colcon_core.shell:Creating environment hook '/home/rodrigo/Proyecto_III/g05_prii3/g05_prii3_WS/build/sprint5_eurobot/share/sprint5_eurobot/hook/pythonpath_develop.ps1'
[4.913s] DEBUG:colcon.colcon_core.event_handler.log_command:Invoked command in '/home/rodrigo/Proyecto_III/g05_prii3/g05_prii3_WS/build/sprint5_eurobot' returned '0': PYTHONPATH=/home/rodrigo/Proyecto_III/g05_prii3/g05_prii3_WS/build/sprint5_eurobot/prefix_override:/usr/lib/python3/dist-packages/colcon_core/task/python/colcon_distutils_commands:/home/rodrigo/Proyecto_III/g05_prii3/g05_prii3_WS/install/sprint5_eurobot/lib/python3.8/site-packages:${PYTHONPATH} /usr/bin/python3 -W ignore:setup.py install is deprecated -W ignore:easy_install command is deprecated setup.py develop --editable --build-directory /home/rodrigo/Proyecto_III/g05_prii3/g05_prii3_WS/build/sprint5_eurobot/build --no-deps symlink_data
[4.914s] INFO:colcon.colcon_core.shell:Creating environment descriptor '/home/rodrigo/Proyecto_III/g05_prii3/g05_prii3_WS/build/sprint5_eurobot/share/sprint5_eurobot/hook/pythonpath_develop.dsv'
[4.914s] INFO:colcon.colcon_core.shell:Creating environment hook '/home/rodrigo/Proyecto_III/g05_prii3/g05_prii3_WS/build/sprint5_eurobot/share/sprint5_eurobot/hook/pythonpath_develop.sh'
[4.916s] Level 1:colcon.colcon_core.environment:checking '/home/rodrigo/Proyecto_III/g05_prii3/g05_prii3_WS/install/sprint5_eurobot' for CMake module files
[4.917s] Level 1:colcon.colcon_core.environment:checking '/home/rodrigo/Proyecto_III/g05_prii3/g05_prii3_WS/install/sprint5_eurobot' for CMake config files
[4.918s] Level 1:colcon.colcon_core.environment:checking '/home/rodrigo/Proyecto_III/g05_prii3/g05_prii3_WS/install/sprint5_eurobot/lib'
[4.918s] Level 1:colcon.colcon_core.environment:checking '/home/rodrigo/Proyecto_III/g05_prii3/g05_prii3_WS/install/sprint5_eurobot/bin'
[4.918s] Level 1:colcon.colcon_core.environment:checking '/home/rodrigo/Proyecto_III/g05_prii3/g05_prii3_WS/install/sprint5_eurobot/lib/pkgconfig/sprint5_eurobot.pc'
[4.919s] Level 1:colcon.colcon_core.environment:checking '/home/rodrigo/Proyecto_III/g05_prii3/g05_prii3_WS/install/sprint5_eurobot/lib/python3.8/site-packages'
[4.919s] Level 1:colcon.colcon_core.shell:create_environment_hook('sprint5_eurobot', 'pythonpath')
[4.920s] INFO:colcon.colcon_core.shell:Creating environment hook '/home/rodrigo/Proyecto_III/g05_prii3/g05_prii3_WS/install/sprint5_eurobot/share/sprint5_eurobot/hook/pythonpath.ps1'
[4.920s] INFO:colcon.colcon_core.shell:Creating environment descriptor '/home/rodrigo/Proyecto_III/g05_prii3/g05_prii3_WS/install/sprint5_eurobot/share/sprint5_eurobot/hook/pythonpath.dsv'
[4.921s] INFO:colcon.colcon_core.shell:Creating environment hook '/home/rodrigo/Proyecto_III/g05_prii3/g05_prii3_WS/install/sprint5_eurobot/share/sprint5_eurobot/hook/pythonpath.sh'
[4.924s] Level 1:colcon.colcon_core.environment:checking '/home/rodrigo/Proyecto_III/g05_prii3/g05_prii3_WS/install/sprint5_eurobot/bin'
[4.924s] Level 1:colcon.colcon_core.environment:create_environment_scripts_only(sprint5_eurobot)
[4.925s] INFO:colcon.colcon_core.shell:Creating package script '/home/rodrigo/Proyecto_III/g05_prii3/g05_prii3_WS/install/sprint5_eurobot/share/sprint5_eurobot/package.ps1'
[4.927s] INFO:colcon.colcon_core.shell:Creating package descriptor '/home/rodrigo/Proyecto_III/g05_prii3/g05_prii3_WS/install/sprint5_eurobot/share/sprint5_eurobot/package.dsv'
[4.928s] INFO:colcon.colcon_core.shell:Creating package script '/home/rodrigo/Proyecto_III/g05_prii3/g05_prii3_WS/install/sprint5_eurobot/share/sprint5_eurobot/package.sh'
[4.929s] INFO:colcon.colcon_core.shell:Creating package script '/home/rodrigo/Proyecto_III/g05_prii3/g05_prii3_WS/install/sprint5_eurobot/share/sprint5_eurobot/package.bash'
[4.930s] INFO:colcon.colcon_core.shell:Creating package script '/home/rodrigo/Proyecto_III/g05_prii3/g05_prii3_WS/install/sprint5_eurobot/share/sprint5_eurobot/package.zsh'
[4.931s] Level 1:colcon.colcon_core.environment:create_file_with_runtime_dependencies(/home/rodrigo/Proyecto_III/g05_prii3/g05_prii3_WS/install/sprint5_eurobot/share/colcon-core/packages/sprint5_eurobot)
[4.935s] DEBUG:colcon.colcon_core.event_handler.log_command:Invoked command in '/home/rodrigo/Proyecto_III/g05_prii3/g05_prii3_WS/build/sprint4_eurobot' returned '1': PYTHONPATH=/home/rodrigo/Proyecto_III/g05_prii3/g05_prii3_WS/build/sprint4_eurobot/prefix_override:/usr/lib/python3/dist-packages/colcon_core/task/python/colcon_distutils_commands:/home/rodrigo/Proyecto_III/g05_prii3/g05_prii3_WS/install/sprint4_eurobot/lib/python3.8/site-packages:${PYTHONPATH} /usr/bin/python3 -W ignore:setup.py install is deprecated -W ignore:easy_install command is deprecated setup.py develop --editable --build-directory /home/rodrigo/Proyecto_III/g05_prii3/g05_prii3_WS/build/sprint4_eurobot/build --no-deps symlink_data
[4.943s] DEBUG:colcon.colcon_parallel_executor.executor.parallel:closing loop
[4.943s] DEBUG:colcon.colcon_parallel_executor.executor.parallel:loop closed
[4.944s] DEBUG:colcon.colcon_parallel_executor.executor.parallel:run_until_complete finished with '1'
[4.944s] DEBUG:colcon.colcon_core.event_reactor:joining thread
[4.954s] INFO:colcon.colcon_core.plugin_system:Skipping extension 'colcon_notification.desktop_notification.terminal_notifier': Not used on non-Darwin systems
[4.954s] INFO:colcon.colcon_core.plugin_system:Skipping extension 'colcon_notification.desktop_notification.win32': Not used on non-Windows systems
[4.954s] INFO:colcon.colcon_notification.desktop_notification:Sending desktop notification using 'notify2'
[4.970s] DEBUG:colcon.colcon_core.event_reactor:joined thread
[4.971s] INFO:colcon.colcon_core.shell:Creating prefix script '/home/rodrigo/Proyecto_III/g05_prii3/g05_prii3_WS/install/local_setup.ps1'
[4.973s] INFO:colcon.colcon_core.shell:Creating prefix util module '/home/rodrigo/Proyecto_III/g05_prii3/g05_prii3_WS/install/_local_setup_util_ps1.py'
[4.976s] INFO:colcon.colcon_core.shell:Creating prefix chain script '/home/rodrigo/Proyecto_III/g05_prii3/g05_prii3_WS/install/setup.ps1'
[4.979s] INFO:colcon.colcon_core.shell:Creating prefix script '/home/rodrigo/Proyecto_III/g05_prii3/g05_prii3_WS/install/local_setup.sh'
[4.980s] INFO:colcon.colcon_core.shell:Creating prefix util module '/home/rodrigo/Proyecto_III/g05_prii3/g05_prii3_WS/install/_local_setup_util_sh.py'
[4.981s] INFO:colcon.colcon_core.shell:Creating prefix chain script '/home/rodrigo/Proyecto_III/g05_prii3/g05_prii3_WS/install/setup.sh'
[4.982s] INFO:colcon.colcon_core.shell:Creating prefix script '/home/rodrigo/Proyecto_III/g05_prii3/g05_prii3_WS/install/local_setup.bash'
[4.983s] INFO:colcon.colcon_core.shell:Creating prefix chain script '/home/rodrigo/Proyecto_III/g05_prii3/g05_prii3_WS/install/setup.bash'
[4.985s] INFO:colcon.colcon_core.shell:Creating prefix script '/home/rodrigo/Proyecto_III/g05_prii3/g05_prii3_WS/install/local_setup.zsh'
[4.987s] INFO:colcon.colcon_core.shell:Creating prefix chain script '/home/rodrigo/Proyecto_III/g05_prii3/g05_prii3_WS/install/setup.zsh'
