[0.862s] Invoking command in '/home/rodrigo/Proyecto_III/g05_prii3/g05_prii3_WS/src/build/sprint4_eurobot': PYTHONPATH=/home/rodrigo/Proyecto_III/g05_prii3/g05_prii3_WS/src/build/sprint4_eurobot/prefix_override:/usr/lib/python3/dist-packages/colcon_core/task/python/colcon_distutils_commands:/home/rodrigo/Proyecto_III/g05_prii3/g05_prii3_WS/src/install/sprint4_eurobot/lib/python3.8/site-packages:${PYTHONPATH} /usr/bin/python3 -W ignore:setup.py install is deprecated -W ignore:easy_install command is deprecated setup.py develop --editable --build-directory /home/rodrigo/Proyecto_III/g05_prii3/g05_prii3_WS/src/build/sprint4_eurobot/build --no-deps symlink_data
[1.171s] running develop
[1.362s] running egg_info
[1.362s] creating sprint4_eurobot.egg-info
[1.362s] writing sprint4_eurobot.egg-info/PKG-INFO
[1.363s] writing dependency_links to sprint4_eurobot.egg-info/dependency_links.txt
[1.363s] writing entry points to sprint4_eurobot.egg-info/entry_points.txt
[1.363s] writing requirements to sprint4_eurobot.egg-info/requires.txt
[1.363s] writing top-level names to sprint4_eurobot.egg-info/top_level.txt
[1.364s] writing manifest file 'sprint4_eurobot.egg-info/SOURCES.txt'
[1.406s] reading manifest file 'sprint4_eurobot.egg-info/SOURCES.txt'
[1.407s] writing manifest file 'sprint4_eurobot.egg-info/SOURCES.txt'
[1.454s] running build_ext
[1.455s] Creating /home/rodrigo/Proyecto_III/g05_prii3/g05_prii3_WS/src/install/sprint4_eurobot/lib/python3.8/site-packages/site.py
[1.457s] Creating /home/rodrigo/Proyecto_III/g05_prii3/g05_prii3_WS/src/install/sprint4_eurobot/lib/python3.8/site-packages/sprint4-eurobot.egg-link (link to .)
[1.458s] Installing cenital_node script to /home/rodrigo/Proyecto_III/g05_prii3/g05_prii3_WS/src/install/sprint4_eurobot/lib/sprint4_eurobot
[1.458s] Installing visual_navigator script to /home/rodrigo/Proyecto_III/g05_prii3/g05_prii3_WS/src/install/sprint4_eurobot/lib/sprint4_eurobot
[1.459s] 
[1.459s] Installed /home/rodrigo/Proyecto_III/g05_prii3/g05_prii3_WS/src/build/sprint4_eurobot
[1.459s] running symlink_data
[1.460s] creating /home/rodrigo/Proyecto_III/g05_prii3/g05_prii3_WS/src/install/sprint4_eurobot/share/ament_index
[1.460s] creating /home/rodrigo/Proyecto_III/g05_prii3/g05_prii3_WS/src/install/sprint4_eurobot/share/ament_index/resource_index
[1.460s] creating /home/rodrigo/Proyecto_III/g05_prii3/g05_prii3_WS/src/install/sprint4_eurobot/share/ament_index/resource_index/packages
[1.460s] symbolically linking /home/rodrigo/Proyecto_III/g05_prii3/g05_prii3_WS/src/build/sprint4_eurobot/resource/sprint4_eurobot -> /home/rodrigo/Proyecto_III/g05_prii3/g05_prii3_WS/src/install/sprint4_eurobot/share/ament_index/resource_index/packages
[1.461s] symbolically linking /home/rodrigo/Proyecto_III/g05_prii3/g05_prii3_WS/src/build/sprint4_eurobot/package.xml -> /home/rodrigo/Proyecto_III/g05_prii3/g05_prii3_WS/src/install/sprint4_eurobot/share/sprint4_eurobot
[1.461s] creating /home/rodrigo/Proyecto_III/g05_prii3/g05_prii3_WS/src/install/sprint4_eurobot/share/sprint4_eurobot/launch
[1.461s] symbolically linking /home/rodrigo/Proyecto_III/g05_prii3/g05_prii3_WS/src/build/sprint4_eurobot/launch/eurobot_launch.py -> /home/rodrigo/Proyecto_III/g05_prii3/g05_prii3_WS/src/install/sprint4_eurobot/share/sprint4_eurobot/launch
[1.461s] symbolically linking /home/rodrigo/Proyecto_III/g05_prii3/g05_prii3_WS/src/build/sprint4_eurobot/launch/eurobot_rviz_launch.py -> /home/rodrigo/Proyecto_III/g05_prii3/g05_prii3_WS/src/install/sprint4_eurobot/share/sprint4_eurobot/launch
[1.461s] creating /home/rodrigo/Proyecto_III/g05_prii3/g05_prii3_WS/src/install/sprint4_eurobot/share/sprint4_eurobot/world
[1.461s] symbolically linking /home/rodrigo/Proyecto_III/g05_prii3/g05_prii3_WS/src/build/sprint4_eurobot/world/eurobot.world -> /home/rodrigo/Proyecto_III/g05_prii3/g05_prii3_WS/src/install/sprint4_eurobot/share/sprint4_eurobot/world
[1.461s] creating /home/rodrigo/Proyecto_III/g05_prii3/g05_prii3_WS/src/install/sprint4_eurobot/share/sprint4_eurobot/rviz
[1.462s] symbolically linking /home/rodrigo/Proyecto_III/g05_prii3/g05_prii3_WS/src/build/sprint4_eurobot/rviz/eurobot.rviz -> /home/rodrigo/Proyecto_III/g05_prii3/g05_prii3_WS/src/install/sprint4_eurobot/share/sprint4_eurobot/rviz
[1.462s] creating /home/rodrigo/Proyecto_III/g05_prii3/g05_prii3_WS/src/install/sprint4_eurobot/share/sprint4_eurobot/materials
[1.462s] creating /home/rodrigo/Proyecto_III/g05_prii3/g05_prii3_WS/src/install/sprint4_eurobot/share/sprint4_eurobot/materials/scripts
[1.462s] symbolically linking /home/rodrigo/Proyecto_III/g05_prii3/g05_prii3_WS/src/build/sprint4_eurobot/materials/scripts/eurobot.material -> /home/rodrigo/Proyecto_III/g05_prii3/g05_prii3_WS/src/install/sprint4_eurobot/share/sprint4_eurobot/materials/scripts
[1.462s] creating /home/rodrigo/Proyecto_III/g05_prii3/g05_prii3_WS/src/install/sprint4_eurobot/share/sprint4_eurobot/materials/textures
[1.463s] symbolically linking /home/rodrigo/Proyecto_III/g05_prii3/g05_prii3_WS/src/build/sprint4_eurobot/materials/textures/mapa_eurobot_rotated.png -> /home/rodrigo/Proyecto_III/g05_prii3/g05_prii3_WS/src/install/sprint4_eurobot/share/sprint4_eurobot/materials/textures
[1.463s] symbolically linking /home/rodrigo/Proyecto_III/g05_prii3/g05_prii3_WS/src/build/sprint4_eurobot/materials/textures/aruco_origin.png -> /home/rodrigo/Proyecto_III/g05_prii3/g05_prii3_WS/src/install/sprint4_eurobot/share/sprint4_eurobot/materials/textures
[1.463s] symbolically linking /home/rodrigo/Proyecto_III/g05_prii3/g05_prii3_WS/src/build/sprint4_eurobot/materials/textures/aruco_robot.png -> /home/rodrigo/Proyecto_III/g05_prii3/g05_prii3_WS/src/install/sprint4_eurobot/share/sprint4_eurobot/materials/textures
[1.463s] creating /home/rodrigo/Proyecto_III/g05_prii3/g05_prii3_WS/src/install/sprint4_eurobot/share/sprint4_eurobot/models
[1.463s] creating /home/rodrigo/Proyecto_III/g05_prii3/g05_prii3_WS/src/install/sprint4_eurobot/share/sprint4_eurobot/models/waffle_aruco
[1.463s] symbolically linking /home/rodrigo/Proyecto_III/g05_prii3/g05_prii3_WS/src/build/sprint4_eurobot/models/waffle_aruco/model.config -> /home/rodrigo/Proyecto_III/g05_prii3/g05_prii3_WS/src/install/sprint4_eurobot/share/sprint4_eurobot/models/waffle_aruco
[1.464s] symbolically linking /home/rodrigo/Proyecto_III/g05_prii3/g05_prii3_WS/src/build/sprint4_eurobot/models/waffle_aruco/model.sdf -> /home/rodrigo/Proyecto_III/g05_prii3/g05_prii3_WS/src/install/sprint4_eurobot/share/sprint4_eurobot/models/waffle_aruco
[1.493s] Invoked command in '/home/rodrigo/Proyecto_III/g05_prii3/g05_prii3_WS/src/build/sprint4_eurobot' returned '0': PYTHONPATH=/home/rodrigo/Proyecto_III/g05_prii3/g05_prii3_WS/src/build/sprint4_eurobot/prefix_override:/usr/lib/python3/dist-packages/colcon_core/task/python/colcon_distutils_commands:/home/rodrigo/Proyecto_III/g05_prii3/g05_prii3_WS/src/install/sprint4_eurobot/lib/python3.8/site-packages:${PYTHONPATH} /usr/bin/python3 -W ignore:setup.py install is deprecated -W ignore:easy_install command is deprecated setup.py develop --editable --build-directory /home/rodrigo/Proyecto_III/g05_prii3/g05_prii3_WS/src/build/sprint4_eurobot/build --no-deps symlink_data
