[1.050s] Invoking command in '/home/rodrigo/Proyecto_III/g05_prii3/g05_prii3_WS/build/eurobot_real': PYTHONPATH=/home/rodrigo/Proyecto_III/g05_prii3/g05_prii3_WS/build/eurobot_real/prefix_override:/usr/lib/python3/dist-packages/colcon_core/task/python/colcon_distutils_commands:/home/rodrigo/Proyecto_III/g05_prii3/g05_prii3_WS/install/eurobot_real/lib/python3.8/site-packages:${PYTHONPATH} /usr/bin/python3 -W ignore:setup.py install is deprecated -W ignore:easy_install command is deprecated setup.py develop --editable --build-directory /home/rodrigo/Proyecto_III/g05_prii3/g05_prii3_WS/build/eurobot_real/build --no-deps symlink_data
[1.286s] running develop
[1.417s] running egg_info
[1.417s] creating eurobot_real.egg-info
[1.417s] writing eurobot_real.egg-info/PKG-INFO
[1.417s] writing dependency_links to eurobot_real.egg-info/dependency_links.txt
[1.417s] writing entry points to eurobot_real.egg-info/entry_points.txt
[1.417s] writing requirements to eurobot_real.egg-info/requires.txt
[1.418s] writing top-level names to eurobot_real.egg-info/top_level.txt
[1.420s] writing manifest file 'eurobot_real.egg-info/SOURCES.txt'
[1.455s] reading manifest file 'eurobot_real.egg-info/SOURCES.txt'
[1.456s] writing manifest file 'eurobot_real.egg-info/SOURCES.txt'
[1.488s] running build_ext
[1.488s] Creating /home/rodrigo/Proyecto_III/g05_prii3/g05_prii3_WS/install/eurobot_real/lib/python3.8/site-packages/site.py
[1.491s] Creating /home/rodrigo/Proyecto_III/g05_prii3/g05_prii3_WS/install/eurobot_real/lib/python3.8/site-packages/eurobot-real.egg-link (link to .)
[1.492s] Installing real_navigator script to /home/rodrigo/Proyecto_III/g05_prii3/g05_prii3_WS/install/eurobot_real/bin
[1.492s] Installing real_vision_node script to /home/rodrigo/Proyecto_III/g05_prii3/g05_prii3_WS/install/eurobot_real/bin
[1.492s] 
[1.492s] Installed /home/rodrigo/Proyecto_III/g05_prii3/g05_prii3_WS/build/eurobot_real
[1.492s] running symlink_data
[1.493s] creating /home/rodrigo/Proyecto_III/g05_prii3/g05_prii3_WS/install/eurobot_real/share/ament_index
[1.493s] creating /home/rodrigo/Proyecto_III/g05_prii3/g05_prii3_WS/install/eurobot_real/share/ament_index/resource_index
[1.493s] creating /home/rodrigo/Proyecto_III/g05_prii3/g05_prii3_WS/install/eurobot_real/share/ament_index/resource_index/packages
[1.493s] symbolically linking /home/rodrigo/Proyecto_III/g05_prii3/g05_prii3_WS/build/eurobot_real/resource/eurobot_real -> /home/rodrigo/Proyecto_III/g05_prii3/g05_prii3_WS/install/eurobot_real/share/ament_index/resource_index/packages
[1.494s] symbolically linking /home/rodrigo/Proyecto_III/g05_prii3/g05_prii3_WS/build/eurobot_real/package.xml -> /home/rodrigo/Proyecto_III/g05_prii3/g05_prii3_WS/install/eurobot_real/share/eurobot_real
[1.494s] creating /home/rodrigo/Proyecto_III/g05_prii3/g05_prii3_WS/install/eurobot_real/share/eurobot_real/launch
[1.494s] symbolically linking /home/rodrigo/Proyecto_III/g05_prii3/g05_prii3_WS/build/eurobot_real/launch/real_launch.py -> /home/rodrigo/Proyecto_III/g05_prii3/g05_prii3_WS/install/eurobot_real/share/eurobot_real/launch
[1.494s] creating /home/rodrigo/Proyecto_III/g05_prii3/g05_prii3_WS/install/eurobot_real/share/eurobot_real/rviz
[1.494s] symbolically linking /home/rodrigo/Proyecto_III/g05_prii3/g05_prii3_WS/build/eurobot_real/rviz/real_view.rviz -> /home/rodrigo/Proyecto_III/g05_prii3/g05_prii3_WS/install/eurobot_real/share/eurobot_real/rviz
[1.522s] Invoked command in '/home/rodrigo/Proyecto_III/g05_prii3/g05_prii3_WS/build/eurobot_real' returned '0': PYTHONPATH=/home/rodrigo/Proyecto_III/g05_prii3/g05_prii3_WS/build/eurobot_real/prefix_override:/usr/lib/python3/dist-packages/colcon_core/task/python/colcon_distutils_commands:/home/rodrigo/Proyecto_III/g05_prii3/g05_prii3_WS/install/eurobot_real/lib/python3.8/site-packages:${PYTHONPATH} /usr/bin/python3 -W ignore:setup.py install is deprecated -W ignore:easy_install command is deprecated setup.py develop --editable --build-directory /home/rodrigo/Proyecto_III/g05_prii3/g05_prii3_WS/build/eurobot_real/build --no-deps symlink_data
