running develop
running egg_info
creating eurobot_real.egg-info
writing eurobot_real.egg-info/PKG-INFO
writing dependency_links to eurobot_real.egg-info/dependency_links.txt
writing entry points to eurobot_real.egg-info/entry_points.txt
writing requirements to eurobot_real.egg-info/requires.txt
writing top-level names to eurobot_real.egg-info/top_level.txt
writing manifest file 'eurobot_real.egg-info/SOURCES.txt'
reading manifest file 'eurobot_real.egg-info/SOURCES.txt'
writing manifest file 'eurobot_real.egg-info/SOURCES.txt'
running build_ext
Creating /home/rodrigo/Proyecto_III/g05_prii3/g05_prii3_WS/src/install/eurobot_real/lib/python3.8/site-packages/site.py
Creating /home/rodrigo/Proyecto_III/g05_prii3/g05_prii3_WS/src/install/eurobot_real/lib/python3.8/site-packages/eurobot-real.egg-link (link to .)
Installing real_navigator script to /home/rodrigo/Proyecto_III/g05_prii3/g05_prii3_WS/src/install/eurobot_real/bin
Installing real_vision_node script to /home/rodrigo/Proyecto_III/g05_prii3/g05_prii3_WS/src/install/eurobot_real/bin

Installed /home/rodrigo/Proyecto_III/g05_prii3/g05_prii3_WS/src/build/eurobot_real
running symlink_data
creating /home/rodrigo/Proyecto_III/g05_prii3/g05_prii3_WS/src/install/eurobot_real/share/ament_index
creating /home/rodrigo/Proyecto_III/g05_prii3/g05_prii3_WS/src/install/eurobot_real/share/ament_index/resource_index
creating /home/rodrigo/Proyecto_III/g05_prii3/g05_prii3_WS/src/install/eurobot_real/share/ament_index/resource_index/packages
symbolically linking /home/rodrigo/Proyecto_III/g05_prii3/g05_prii3_WS/src/build/eurobot_real/resource/eurobot_real -> /home/rodrigo/Proyecto_III/g05_prii3/g05_prii3_WS/src/install/eurobot_real/share/ament_index/resource_index/packages
symbolically linking /home/rodrigo/Proyecto_III/g05_prii3/g05_prii3_WS/src/build/eurobot_real/package.xml -> /home/rodrigo/Proyecto_III/g05_prii3/g05_prii3_WS/src/install/eurobot_real/share/eurobot_real
creating /home/rodrigo/Proyecto_III/g05_prii3/g05_prii3_WS/src/install/eurobot_real/share/eurobot_real/launch
symbolically linking /home/rodrigo/Proyecto_III/g05_prii3/g05_prii3_WS/src/build/eurobot_real/launch/real_launch.py -> /home/rodrigo/Proyecto_III/g05_prii3/g05_prii3_WS/src/install/eurobot_real/share/eurobot_real/launch
creating /home/rodrigo/Proyecto_III/g05_prii3/g05_prii3_WS/src/install/eurobot_real/share/eurobot_real/rviz
symbolically linking /home/rodrigo/Proyecto_III/g05_prii3/g05_prii3_WS/src/build/eurobot_real/rviz/real_view.rviz -> /home/rodrigo/Proyecto_III/g05_prii3/g05_prii3_WS/src/install/eurobot_real/share/eurobot_real/rviz
