[1.157s] Invoking command in '/home/rodrigo/Proyecto_III/g05_prii3/g05_prii3_WS/build/eurobot_real': PYTHONPATH=/home/rodrigo/Proyecto_III/g05_prii3/g05_prii3_WS/build/eurobot_real/prefix_override:/usr/lib/python3/dist-packages/colcon_core/task/python/colcon_distutils_commands:/home/rodrigo/Proyecto_III/g05_prii3/g05_prii3_WS/install/eurobot_real/lib/python3.8/site-packages:${PYTHONPATH} /usr/bin/python3 -W ignore:setup.py install is deprecated -W ignore:easy_install command is deprecated setup.py develop --editable --build-directory /home/rodrigo/Proyecto_III/g05_prii3/g05_prii3_WS/build/eurobot_real/build --no-deps symlink_data
[1.408s] running develop
[1.559s] running egg_info
[1.559s] creating eurobot_real.egg-info
[1.560s] writing eurobot_real.egg-info/PKG-INFO
[1.560s] writing dependency_links to eurobot_real.egg-info/dependency_links.txt
[1.560s] writing entry points to eurobot_real.egg-info/entry_points.txt
[1.560s] writing requirements to eurobot_real.egg-info/requires.txt
[1.561s] writing top-level names to eurobot_real.egg-info/top_level.txt
[1.562s] writing manifest file 'eurobot_real.egg-info/SOURCES.txt'
[1.600s] reading manifest file 'eurobot_real.egg-info/SOURCES.txt'
[1.600s] writing manifest file 'eurobot_real.egg-info/SOURCES.txt'
[1.638s] running build_ext
[1.639s] Creating /home/rodrigo/Proyecto_III/g05_prii3/g05_prii3_WS/install/eurobot_real/lib/python3.8/site-packages/site.py
[1.643s] Creating /home/rodrigo/Proyecto_III/g05_prii3/g05_prii3_WS/install/eurobot_real/lib/python3.8/site-packages/eurobot-real.egg-link (link to .)
[1.643s] Installing real_navigator script to /home/rodrigo/Proyecto_III/g05_prii3/g05_prii3_WS/install/eurobot_real/bin
[1.643s] Installing real_vision_node script to /home/rodrigo/Proyecto_III/g05_prii3/g05_prii3_WS/install/eurobot_real/bin
[1.643s] 
[1.643s] Installed /home/rodrigo/Proyecto_III/g05_prii3/g05_prii3_WS/build/eurobot_real
[1.643s] running symlink_data
[1.644s] creating /home/rodrigo/Proyecto_III/g05_prii3/g05_prii3_WS/install/eurobot_real/share/ament_index
[1.644s] creating /home/rodrigo/Proyecto_III/g05_prii3/g05_prii3_WS/install/eurobot_real/share/ament_index/resource_index
[1.644s] creating /home/rodrigo/Proyecto_III/g05_prii3/g05_prii3_WS/install/eurobot_real/share/ament_index/resource_index/packages
[1.644s] symbolically linking /home/rodrigo/Proyecto_III/g05_prii3/g05_prii3_WS/build/eurobot_real/resource/eurobot_real -> /home/rodrigo/Proyecto_III/g05_prii3/g05_prii3_WS/install/eurobot_real/share/ament_index/resource_index/packages
[1.644s] symbolically linking /home/rodrigo/Proyecto_III/g05_prii3/g05_prii3_WS/build/eurobot_real/package.xml -> /home/rodrigo/Proyecto_III/g05_prii3/g05_prii3_WS/install/eurobot_real/share/eurobot_real
[1.644s] creating /home/rodrigo/Proyecto_III/g05_prii3/g05_prii3_WS/install/eurobot_real/share/eurobot_real/launch
[1.644s] symbolically linking /home/rodrigo/Proyecto_III/g05_prii3/g05_prii3_WS/build/eurobot_real/launch/real_launch.py -> /home/rodrigo/Proyecto_III/g05_prii3/g05_prii3_WS/install/eurobot_real/share/eurobot_real/launch
[1.644s] creating /home/rodrigo/Proyecto_III/g05_prii3/g05_prii3_WS/install/eurobot_real/share/eurobot_real/rviz
[1.645s] symbolically linking /home/rodrigo/Proyecto_III/g05_prii3/g05_prii3_WS/build/eurobot_real/rviz/real_view.rviz -> /home/rodrigo/Proyecto_III/g05_prii3/g05_prii3_WS/install/eurobot_real/share/eurobot_real/rviz
[1.688s] Invoked command in '/home/rodrigo/Proyecto_III/g05_prii3/g05_prii3_WS/build/eurobot_real' returned '0': PYTHONPATH=/home/rodrigo/Proyecto_III/g05_prii3/g05_prii3_WS/build/eurobot_real/prefix_override:/usr/lib/python3/dist-packages/colcon_core/task/python/colcon_distutils_commands:/home/rodrigo/Proyecto_III/g05_prii3/g05_prii3_WS/install/eurobot_real/lib/python3.8/site-packages:${PYTHONPATH} /usr/bin/python3 -W ignore:setup.py install is deprecated -W ignore:easy_install command is deprecated setup.py develop --editable --build-directory /home/rodrigo/Proyecto_III/g05_prii3/g05_prii3_WS/build/eurobot_real/build --no-deps symlink_data
