[0.368s] DEBUG:colcon:Command line arguments: ['/usr/bin/colcon', 'build', '--symlink-install']
[0.368s] DEBUG:colcon:Parsed command line arguments: Namespace(allow_overriding=[], ament_cmake_args=None, base_paths=['.'], build_base='build', catkin_cmake_args=None, catkin_skip_building_tests=False, cmake_args=None, cmake_clean_cache=False, cmake_clean_first=False, cmake_force_configure=False, cmake_target=None, cmake_target_skip_unavailable=False, continue_on_error=False, event_handlers=None, executor='parallel', ignore_user_meta=False, install_base='install', log_base=None, log_level=None, main=<bound method BuildVerb.main of <colcon_core.verb.build.BuildVerb object at 0x7efda89f91c0>>, merge_install=False, metas=['./colcon.meta'], packages_above=None, packages_above_and_dependencies=None, packages_above_depth=None, packages_end=None, packages_ignore=None, packages_ignore_regex=None, packages_select=None, packages_select_build_failed=False, packages_select_by_dep=None, packages_select_regex=None, packages_select_test_failures=False, packages_skip=None, packages_skip_build_finished=False, packages_skip_by_dep=None, packages_skip_regex=None, packages_skip_test_passed=False, packages_skip_up_to=None, packages_start=None, packages_up_to=None, packages_up_to_regex=None, parallel_workers=12, paths=None, symlink_install=True, test_result_base=None, verb_extension=<colcon_core.verb.build.BuildVerb object at 0x7efda89f91c0>, verb_name='build', verb_parser=<colcon_defaults.argument_parser.defaults.DefaultArgumentsDecorator object at 0x7efda89f9700>)
[0.706s] Level 1:colcon.colcon_core.package_discovery:discover_packages(colcon_meta) check parameters
[0.706s] Level 1:colcon.colcon_core.package_discovery:discover_packages(recursive) check parameters
[0.706s] Level 1:colcon.colcon_core.package_discovery:discover_packages(ignore) check parameters
[0.706s] Level 1:colcon.colcon_core.package_discovery:discover_packages(path) check parameters
[0.706s] Level 1:colcon.colcon_core.package_discovery:discover_packages(colcon_meta) discover
[0.706s] Level 1:colcon.colcon_core.package_discovery:discover_packages(recursive) discover
[0.707s] INFO:colcon.colcon_core.package_discovery:Crawling recursively for packages in '/home/rodrigo/Proyecto_III/g05_prii3/g05_prii3_WS'
[0.707s] Level 1:colcon.colcon_core.package_identification:_identify(.) by extensions ['ignore', 'ignore_ament_install']
[0.707s] Level 1:colcon.colcon_core.package_identification:_identify(.) by extension 'ignore'
[0.707s] Level 1:colcon.colcon_core.package_identification:_identify(.) by extension 'ignore_ament_install'
[0.707s] Level 1:colcon.colcon_core.package_identification:_identify(.) by extensions ['colcon_pkg']
[0.707s] Level 1:colcon.colcon_core.package_identification:_identify(.) by extension 'colcon_pkg'
[0.708s] Level 1:colcon.colcon_core.package_identification:_identify(.) by extensions ['colcon_meta']
[0.708s] Level 1:colcon.colcon_core.package_identification:_identify(.) by extension 'colcon_meta'
[0.708s] Level 1:colcon.colcon_core.package_identification:_identify(.) by extensions ['ros']
[0.708s] Level 1:colcon.colcon_core.package_identification:_identify(.) by extension 'ros'
[0.731s] Level 1:colcon.colcon_core.package_identification:_identify(.) by extensions ['cmake', 'python']
[0.731s] Level 1:colcon.colcon_core.package_identification:_identify(.) by extension 'cmake'
[0.731s] Level 1:colcon.colcon_core.package_identification:_identify(.) by extension 'python'
[0.731s] Level 1:colcon.colcon_core.package_identification:_identify(.) by extensions ['python_setup_py']
[0.731s] Level 1:colcon.colcon_core.package_identification:_identify(.) by extension 'python_setup_py'
[0.731s] Level 1:colcon.colcon_core.package_identification:_identify(build) by extensions ['ignore', 'ignore_ament_install']
[0.731s] Level 1:colcon.colcon_core.package_identification:_identify(build) by extension 'ignore'
[0.731s] Level 1:colcon.colcon_core.package_identification:_identify(build) ignored
[0.732s] Level 1:colcon.colcon_core.package_identification:_identify(install) by extensions ['ignore', 'ignore_ament_install']
[0.732s] Level 1:colcon.colcon_core.package_identification:_identify(install) by extension 'ignore'
[0.732s] Level 1:colcon.colcon_core.package_identification:_identify(install) ignored
[0.732s] Level 1:colcon.colcon_core.package_identification:_identify(log) by extensions ['ignore', 'ignore_ament_install']
[0.732s] Level 1:colcon.colcon_core.package_identification:_identify(log) by extension 'ignore'
[0.732s] Level 1:colcon.colcon_core.package_identification:_identify(log) ignored
[0.732s] Level 1:colcon.colcon_core.package_identification:_identify(src) by extensions ['ignore', 'ignore_ament_install']
[0.732s] Level 1:colcon.colcon_core.package_identification:_identify(src) by extension 'ignore'
[0.733s] Level 1:colcon.colcon_core.package_identification:_identify(src) by extension 'ignore_ament_install'
[0.733s] Level 1:colcon.colcon_core.package_identification:_identify(src) by extensions ['colcon_pkg']
[0.733s] Level 1:colcon.colcon_core.package_identification:_identify(src) by extension 'colcon_pkg'
[0.733s] Level 1:colcon.colcon_core.package_identification:_identify(src) by extensions ['colcon_meta']
[0.733s] Level 1:colcon.colcon_core.package_identification:_identify(src) by extension 'colcon_meta'
[0.733s] Level 1:colcon.colcon_core.package_identification:_identify(src) by extensions ['ros']
[0.733s] Level 1:colcon.colcon_core.package_identification:_identify(src) by extension 'ros'
[0.733s] Level 1:colcon.colcon_core.package_identification:_identify(src) by extensions ['cmake', 'python']
[0.733s] Level 1:colcon.colcon_core.package_identification:_identify(src) by extension 'cmake'
[0.733s] Level 1:colcon.colcon_core.package_identification:_identify(src) by extension 'python'
[0.733s] Level 1:colcon.colcon_core.package_identification:_identify(src) by extensions ['python_setup_py']
[0.733s] Level 1:colcon.colcon_core.package_identification:_identify(src) by extension 'python_setup_py'
[0.734s] Level 1:colcon.colcon_core.package_identification:_identify(src/build) by extensions ['ignore', 'ignore_ament_install']
[0.734s] Level 1:colcon.colcon_core.package_identification:_identify(src/build) by extension 'ignore'
[0.734s] Level 1:colcon.colcon_core.package_identification:_identify(src/build) ignored
[0.734s] Level 1:colcon.colcon_core.package_identification:_identify(src/eurobot_real) by extensions ['ignore', 'ignore_ament_install']
[0.734s] Level 1:colcon.colcon_core.package_identification:_identify(src/eurobot_real) by extension 'ignore'
[0.734s] Level 1:colcon.colcon_core.package_identification:_identify(src/eurobot_real) by extension 'ignore_ament_install'
[0.734s] Level 1:colcon.colcon_core.package_identification:_identify(src/eurobot_real) by extensions ['colcon_pkg']
[0.735s] Level 1:colcon.colcon_core.package_identification:_identify(src/eurobot_real) by extension 'colcon_pkg'
[0.735s] Level 1:colcon.colcon_core.package_identification:_identify(src/eurobot_real) by extensions ['colcon_meta']
[0.735s] Level 1:colcon.colcon_core.package_identification:_identify(src/eurobot_real) by extension 'colcon_meta'
[0.735s] Level 1:colcon.colcon_core.package_identification:_identify(src/eurobot_real) by extensions ['ros']
[0.735s] Level 1:colcon.colcon_core.package_identification:_identify(src/eurobot_real) by extension 'ros'
[0.742s] DEBUG:colcon.colcon_core.package_identification:Package 'src/eurobot_real' with type 'ros.ament_python' and name 'eurobot_real'
[0.742s] Level 1:colcon.colcon_core.package_identification:_identify(src/install) by extensions ['ignore', 'ignore_ament_install']
[0.742s] Level 1:colcon.colcon_core.package_identification:_identify(src/install) by extension 'ignore'
[0.742s] Level 1:colcon.colcon_core.package_identification:_identify(src/install) ignored
[0.742s] Level 1:colcon.colcon_core.package_identification:_identify(src/log) by extensions ['ignore', 'ignore_ament_install']
[0.743s] Level 1:colcon.colcon_core.package_identification:_identify(src/log) by extension 'ignore'
[0.743s] Level 1:colcon.colcon_core.package_identification:_identify(src/log) ignored
[0.743s] Level 1:colcon.colcon_core.package_identification:_identify(src/sprint4_eurobot) by extensions ['ignore', 'ignore_ament_install']
[0.743s] Level 1:colcon.colcon_core.package_identification:_identify(src/sprint4_eurobot) by extension 'ignore'
[0.743s] Level 1:colcon.colcon_core.package_identification:_identify(src/sprint4_eurobot) by extension 'ignore_ament_install'
[0.743s] Level 1:colcon.colcon_core.package_identification:_identify(src/sprint4_eurobot) by extensions ['colcon_pkg']
[0.743s] Level 1:colcon.colcon_core.package_identification:_identify(src/sprint4_eurobot) by extension 'colcon_pkg'
[0.743s] Level 1:colcon.colcon_core.package_identification:_identify(src/sprint4_eurobot) by extensions ['colcon_meta']
[0.743s] Level 1:colcon.colcon_core.package_identification:_identify(src/sprint4_eurobot) by extension 'colcon_meta'
[0.743s] Level 1:colcon.colcon_core.package_identification:_identify(src/sprint4_eurobot) by extensions ['ros']
[0.743s] Level 1:colcon.colcon_core.package_identification:_identify(src/sprint4_eurobot) by extension 'ros'
[0.745s] DEBUG:colcon.colcon_core.package_identification:Package 'src/sprint4_eurobot' with type 'ros.ament_python' and name 'sprint4_eurobot'
[0.745s] Level 1:colcon.colcon_core.package_identification:_identify(src/sprint5_eurobot) by extensions ['ignore', 'ignore_ament_install']
[0.745s] Level 1:colcon.colcon_core.package_identification:_identify(src/sprint5_eurobot) by extension 'ignore'
[0.745s] Level 1:colcon.colcon_core.package_identification:_identify(src/sprint5_eurobot) by extension 'ignore_ament_install'
[0.745s] Level 1:colcon.colcon_core.package_identification:_identify(src/sprint5_eurobot) by extensions ['colcon_pkg']
[0.745s] Level 1:colcon.colcon_core.package_identification:_identify(src/sprint5_eurobot) by extension 'colcon_pkg'
[0.745s] Level 1:colcon.colcon_core.package_identification:_identify(src/sprint5_eurobot) by extensions ['colcon_meta']
[0.745s] Level 1:colcon.colcon_core.package_identification:_identify(src/sprint5_eurobot) by extension 'colcon_meta'
[0.746s] Level 1:colcon.colcon_core.package_identification:_identify(src/sprint5_eurobot) by extensions ['ros']
[0.746s] Level 1:colcon.colcon_core.package_identification:_identify(src/sprint5_eurobot) by extension 'ros'
[0.748s] DEBUG:colcon.colcon_core.package_identification:Package 'src/sprint5_eurobot' with type 'ros.ament_python' and name 'sprint5_eurobot'
[0.748s] Level 1:colcon.colcon_core.package_discovery:discover_packages(recursive) using defaults
[0.748s] Level 1:colcon.colcon_core.package_discovery:discover_packages(ignore) discover
[0.748s] Level 1:colcon.colcon_core.package_discovery:discover_packages(ignore) using defaults
[0.748s] Level 1:colcon.colcon_core.package_discovery:discover_packages(path) discover
[0.748s] Level 1:colcon.colcon_core.package_discovery:discover_packages(path) using defaults
[0.781s] Level 1:colcon.colcon_core.package_discovery:discover_packages(prefix_path) check parameters
[0.782s] Level 1:colcon.colcon_core.package_discovery:discover_packages(prefix_path) discover
[0.786s] DEBUG:colcon.colcon_installed_package_information.package_discovery:Found 371 installed packages in /opt/ros/foxy
[0.808s] Level 1:colcon.colcon_core.package_discovery:discover_packages(prefix_path) using defaults
[0.957s] Level 5:colcon.colcon_core.verb:set package 'eurobot_real' build argument 'cmake_args' from command line to 'None'
[0.958s] Level 5:colcon.colcon_core.verb:set package 'eurobot_real' build argument 'cmake_target' from command line to 'None'
[0.958s] Level 5:colcon.colcon_core.verb:set package 'eurobot_real' build argument 'cmake_target_skip_unavailable' from command line to 'False'
[0.958s] Level 5:colcon.colcon_core.verb:set package 'eurobot_real' build argument 'cmake_clean_cache' from command line to 'False'
[0.959s] Level 5:colcon.colcon_core.verb:set package 'eurobot_real' build argument 'cmake_clean_first' from command line to 'False'
[0.959s] Level 5:colcon.colcon_core.verb:set package 'eurobot_real' build argument 'cmake_force_configure' from command line to 'False'
[0.959s] Level 5:colcon.colcon_core.verb:set package 'eurobot_real' build argument 'ament_cmake_args' from command line to 'None'
[0.959s] Level 5:colcon.colcon_core.verb:set package 'eurobot_real' build argument 'catkin_cmake_args' from command line to 'None'
[0.959s] Level 5:colcon.colcon_core.verb:set package 'eurobot_real' build argument 'catkin_skip_building_tests' from command line to 'False'
[0.959s] DEBUG:colcon.colcon_core.verb:Building package 'eurobot_real' with the following arguments: {'ament_cmake_args': None, 'build_base': '/home/rodrigo/Proyecto_III/g05_prii3/g05_prii3_WS/build/eurobot_real', 'catkin_cmake_args': None, 'catkin_skip_building_tests': False, 'cmake_args': None, 'cmake_clean_cache': False, 'cmake_clean_first': False, 'cmake_force_configure': False, 'cmake_target': None, 'cmake_target_skip_unavailable': False, 'install_base': '/home/rodrigo/Proyecto_III/g05_prii3/g05_prii3_WS/install/eurobot_real', 'merge_install': False, 'path': '/home/rodrigo/Proyecto_III/g05_prii3/g05_prii3_WS/src/eurobot_real', 'symlink_install': True, 'test_result_base': None}
[0.960s] Level 5:colcon.colcon_core.verb:set package 'sprint4_eurobot' build argument 'cmake_args' from command line to 'None'
[0.960s] Level 5:colcon.colcon_core.verb:set package 'sprint4_eurobot' build argument 'cmake_target' from command line to 'None'
[0.960s] Level 5:colcon.colcon_core.verb:set package 'sprint4_eurobot' build argument 'cmake_target_skip_unavailable' from command line to 'False'
[0.960s] Level 5:colcon.colcon_core.verb:set package 'sprint4_eurobot' build argument 'cmake_clean_cache' from command line to 'False'
[0.960s] Level 5:colcon.colcon_core.verb:set package 'sprint4_eurobot' build argument 'cmake_clean_first' from command line to 'False'
[0.960s] Level 5:colcon.colcon_core.verb:set package 'sprint4_eurobot' build argument 'cmake_force_configure' from command line to 'False'
[0.960s] Level 5:colcon.colcon_core.verb:set package 'sprint4_eurobot' build argument 'ament_cmake_args' from command line to 'None'
[0.960s] Level 5:colcon.colcon_core.verb:set package 'sprint4_eurobot' build argument 'catkin_cmake_args' from command line to 'None'
[0.960s] Level 5:colcon.colcon_core.verb:set package 'sprint4_eurobot' build argument 'catkin_skip_building_tests' from command line to 'False'
[0.960s] DEBUG:colcon.colcon_core.verb:Building package 'sprint4_eurobot' with the following arguments: {'ament_cmake_args': None, 'build_base': '/home/rodrigo/Proyecto_III/g05_prii3/g05_prii3_WS/build/sprint4_eurobot', 'catkin_cmake_args': None, 'catkin_skip_building_tests': False, 'cmake_args': None, 'cmake_clean_cache': False, 'cmake_clean_first': False, 'cmake_force_configure': False, 'cmake_target': None, 'cmake_target_skip_unavailable': False, 'install_base': '/home/rodrigo/Proyecto_III/g05_prii3/g05_prii3_WS/install/sprint4_eurobot', 'merge_install': False, 'path': '/home/rodrigo/Proyecto_III/g05_prii3/g05_prii3_WS/src/sprint4_eurobot', 'symlink_install': True, 'test_result_base': None}
[0.961s] Level 5:colcon.colcon_core.verb:set package 'sprint5_eurobot' build argument 'cmake_args' from command line to 'None'
[0.961s] Level 5:colcon.colcon_core.verb:set package 'sprint5_eurobot' build argument 'cmake_target' from command line to 'None'
[0.961s] Level 5:colcon.colcon_core.verb:set package 'sprint5_eurobot' build argument 'cmake_target_skip_unavailable' from command line to 'False'
[0.961s] Level 5:colcon.colcon_core.verb:set package 'sprint5_eurobot' build argument 'cmake_clean_cache' from command line to 'False'
[0.961s] Level 5:colcon.colcon_core.verb:set package 'sprint5_eurobot' build argument 'cmake_clean_first' from command line to 'False'
[0.961s] Level 5:colcon.colcon_core.verb:set package 'sprint5_eurobot' build argument 'cmake_force_configure' from command line to 'False'
[0.961s] Level 5:colcon.colcon_core.verb:set package 'sprint5_eurobot' build argument 'ament_cmake_args' from command line to 'None'
[0.961s] Level 5:colcon.colcon_core.verb:set package 'sprint5_eurobot' build argument 'catkin_cmake_args' from command line to 'None'
[0.961s] Level 5:colcon.colcon_core.verb:set package 'sprint5_eurobot' build argument 'catkin_skip_building_tests' from command line to 'False'
[0.961s] DEBUG:colcon.colcon_core.verb:Building package 'sprint5_eurobot' with the following arguments: {'ament_cmake_args': None, 'build_base': '/home/rodrigo/Proyecto_III/g05_prii3/g05_prii3_WS/build/sprint5_eurobot', 'catkin_cmake_args': None, 'catkin_skip_building_tests': False, 'cmake_args': None, 'cmake_clean_cache': False, 'cmake_clean_first': False, 'cmake_force_configure': False, 'cmake_target': None, 'cmake_target_skip_unavailable': False, 'install_base': '/home/rodrigo/Proyecto_III/g05_prii3/g05_prii3_WS/install/sprint5_eurobot', 'merge_install': False, 'path': '/home/rodrigo/Proyecto_III/g05_prii3/g05_prii3_WS/src/sprint5_eurobot', 'symlink_install': True, 'test_result_base': None}
[0.961s] INFO:colcon.colcon_core.executor:Executing jobs using 'parallel' executor
[0.963s] DEBUG:colcon.colcon_parallel_executor.executor.parallel:run_until_complete
[0.963s] INFO:colcon.colcon_ros.task.ament_python.build:Building ROS package in '/home/rodrigo/Proyecto_III/g05_prii3/g05_prii3_WS/src/eurobot_real' with build type 'ament_python'
[0.963s] Level 1:colcon.colcon_core.shell:create_environment_hook('eurobot_real', 'ament_prefix_path')
[0.968s] INFO:colcon.colcon_core.plugin_system:Skipping extension 'colcon_core.shell.bat': Not used on non-Windows systems
[0.969s] INFO:colcon.colcon_core.shell:Creating environment hook '/home/rodrigo/Proyecto_III/g05_prii3/g05_prii3_WS/install/eurobot_real/share/eurobot_real/hook/ament_prefix_path.ps1'
[0.971s] INFO:colcon.colcon_core.shell:Creating environment descriptor '/home/rodrigo/Proyecto_III/g05_prii3/g05_prii3_WS/install/eurobot_real/share/eurobot_real/hook/ament_prefix_path.dsv'
[0.972s] INFO:colcon.colcon_core.shell:Creating environment hook '/home/rodrigo/Proyecto_III/g05_prii3/g05_prii3_WS/install/eurobot_real/share/eurobot_real/hook/ament_prefix_path.sh'
[0.973s] INFO:colcon.colcon_core.shell:Skip shell extension 'powershell' for command environment: Not usable outside of PowerShell
[0.973s] DEBUG:colcon.colcon_core.shell:Skip shell extension 'dsv' for command environment
[0.982s] INFO:colcon.colcon_ros.task.ament_python.build:Building ROS package in '/home/rodrigo/Proyecto_III/g05_prii3/g05_prii3_WS/src/sprint4_eurobot' with build type 'ament_python'
[0.983s] Level 1:colcon.colcon_core.shell:create_environment_hook('sprint4_eurobot', 'ament_prefix_path')
[0.984s] INFO:colcon.colcon_core.shell:Creating environment hook '/home/rodrigo/Proyecto_III/g05_prii3/g05_prii3_WS/install/sprint4_eurobot/share/sprint4_eurobot/hook/ament_prefix_path.ps1'
[0.985s] INFO:colcon.colcon_core.shell:Creating environment descriptor '/home/rodrigo/Proyecto_III/g05_prii3/g05_prii3_WS/install/sprint4_eurobot/share/sprint4_eurobot/hook/ament_prefix_path.dsv'
[0.986s] INFO:colcon.colcon_core.shell:Creating environment hook '/home/rodrigo/Proyecto_III/g05_prii3/g05_prii3_WS/install/sprint4_eurobot/share/sprint4_eurobot/hook/ament_prefix_path.sh'
[0.987s] INFO:colcon.colcon_core.shell:Skip shell extension 'powershell' for command environment: Not usable outside of PowerShell
[0.987s] DEBUG:colcon.colcon_core.shell:Skip shell extension 'dsv' for command environment
[0.993s] INFO:colcon.colcon_ros.task.ament_python.build:Building ROS package in '/home/rodrigo/Proyecto_III/g05_prii3/g05_prii3_WS/src/sprint5_eurobot' with build type 'ament_python'
[0.994s] Level 1:colcon.colcon_core.shell:create_environment_hook('sprint5_eurobot', 'ament_prefix_path')
[0.995s] INFO:colcon.colcon_core.shell:Creating environment hook '/home/rodrigo/Proyecto_III/g05_prii3/g05_prii3_WS/install/sprint5_eurobot/share/sprint5_eurobot/hook/ament_prefix_path.ps1'
[0.997s] INFO:colcon.colcon_core.shell:Creating environment descriptor '/home/rodrigo/Proyecto_III/g05_prii3/g05_prii3_WS/install/sprint5_eurobot/share/sprint5_eurobot/hook/ament_prefix_path.dsv'
[0.998s] INFO:colcon.colcon_core.shell:Creating environment hook '/home/rodrigo/Proyecto_III/g05_prii3/g05_prii3_WS/install/sprint5_eurobot/share/sprint5_eurobot/hook/ament_prefix_path.sh'
[0.999s] INFO:colcon.colcon_core.shell:Skip shell extension 'powershell' for command environment: Not usable outside of PowerShell
[0.999s] DEBUG:colcon.colcon_core.shell:Skip shell extension 'dsv' for command environment
[1.495s] INFO:colcon.colcon_core.task.python.build:Building Python package in '/home/rodrigo/Proyecto_III/g05_prii3/g05_prii3_WS/src/eurobot_real'
[1.497s] INFO:colcon.colcon_core.shell:Skip shell extension 'powershell' for command environment: Not usable outside of PowerShell
[1.497s] DEBUG:colcon.colcon_core.shell:Skip shell extension 'dsv' for command environment
[2.017s] INFO:colcon.colcon_core.task.python.build:Building Python package in '/home/rodrigo/Proyecto_III/g05_prii3/g05_prii3_WS/src/sprint4_eurobot'
[2.019s] INFO:colcon.colcon_core.shell:Skip shell extension 'powershell' for command environment: Not usable outside of PowerShell
[2.019s] DEBUG:colcon.colcon_core.shell:Skip shell extension 'dsv' for command environment
[2.519s] INFO:colcon.colcon_core.task.python.build:Building Python package in '/home/rodrigo/Proyecto_III/g05_prii3/g05_prii3_WS/src/sprint5_eurobot'
[2.521s] INFO:colcon.colcon_core.shell:Skip shell extension 'powershell' for command environment: Not usable outside of PowerShell
[2.521s] DEBUG:colcon.colcon_core.shell:Skip shell extension 'dsv' for command environment
[3.470s] DEBUG:colcon.colcon_core.event_handler.log_command:Invoking command in '/home/rodrigo/Proyecto_III/g05_prii3/g05_prii3_WS/build/eurobot_real': PYTHONPATH=/home/rodrigo/Proyecto_III/g05_prii3/g05_prii3_WS/build/eurobot_real/prefix_override:/usr/lib/python3/dist-packages/colcon_core/task/python/colcon_distutils_commands:/home/rodrigo/Proyecto_III/g05_prii3/g05_prii3_WS/install/eurobot_real/lib/python3.8/site-packages:${PYTHONPATH} /usr/bin/python3 -W ignore:setup.py install is deprecated -W ignore:easy_install command is deprecated setup.py develop --editable --build-directory /home/rodrigo/Proyecto_III/g05_prii3/g05_prii3_WS/build/eurobot_real/build --no-deps symlink_data
[3.485s] DEBUG:colcon.colcon_core.event_handler.log_command:Invoking command in '/home/rodrigo/Proyecto_III/g05_prii3/g05_prii3_WS/build/sprint5_eurobot': PYTHONPATH=/home/rodrigo/Proyecto_III/g05_prii3/g05_prii3_WS/build/sprint5_eurobot/prefix_override:/usr/lib/python3/dist-packages/colcon_core/task/python/colcon_distutils_commands:/home/rodrigo/Proyecto_III/g05_prii3/g05_prii3_WS/install/sprint5_eurobot/lib/python3.8/site-packages:${PYTHONPATH} /usr/bin/python3 -W ignore:setup.py install is deprecated -W ignore:easy_install command is deprecated setup.py develop --editable --build-directory /home/rodrigo/Proyecto_III/g05_prii3/g05_prii3_WS/build/sprint5_eurobot/build --no-deps symlink_data
[3.504s] DEBUG:colcon.colcon_core.event_handler.log_command:Invoking command in '/home/rodrigo/Proyecto_III/g05_prii3/g05_prii3_WS/build/sprint4_eurobot': PYTHONPATH=/home/rodrigo/Proyecto_III/g05_prii3/g05_prii3_WS/build/sprint4_eurobot/prefix_override:/usr/lib/python3/dist-packages/colcon_core/task/python/colcon_distutils_commands:/home/rodrigo/Proyecto_III/g05_prii3/g05_prii3_WS/install/sprint4_eurobot/lib/python3.8/site-packages:${PYTHONPATH} /usr/bin/python3 -W ignore:setup.py install is deprecated -W ignore:easy_install command is deprecated setup.py develop --editable --build-directory /home/rodrigo/Proyecto_III/g05_prii3/g05_prii3_WS/build/sprint4_eurobot/build --no-deps symlink_data
[4.580s] DEBUG:colcon.colcon_core.event_handler.log_command:Invoked command in '/home/rodrigo/Proyecto_III/g05_prii3/g05_prii3_WS/build/sprint5_eurobot' returned '1': PYTHONPATH=/home/rodrigo/Proyecto_III/g05_prii3/g05_prii3_WS/build/sprint5_eurobot/prefix_override:/usr/lib/python3/dist-packages/colcon_core/task/python/colcon_distutils_commands:/home/rodrigo/Proyecto_III/g05_prii3/g05_prii3_WS/install/sprint5_eurobot/lib/python3.8/site-packages:${PYTHONPATH} /usr/bin/python3 -W ignore:setup.py install is deprecated -W ignore:easy_install command is deprecated setup.py develop --editable --build-directory /home/rodrigo/Proyecto_III/g05_prii3/g05_prii3_WS/build/sprint5_eurobot/build --no-deps symlink_data
[4.654s] DEBUG:colcon.colcon_parallel_executor.executor.parallel:closing loop
[4.654s] DEBUG:colcon.colcon_parallel_executor.executor.parallel:loop closed
[4.654s] DEBUG:colcon.colcon_parallel_executor.executor.parallel:run_until_complete finished with '1'
[4.655s] DEBUG:colcon.colcon_core.event_reactor:joining thread
[4.668s] INFO:colcon.colcon_core.plugin_system:Skipping extension 'colcon_notification.desktop_notification.terminal_notifier': Not used on non-Darwin systems
[4.668s] INFO:colcon.colcon_core.plugin_system:Skipping extension 'colcon_notification.desktop_notification.win32': Not used on non-Windows systems
[4.668s] INFO:colcon.colcon_notification.desktop_notification:Sending desktop notification using 'notify2'
[4.714s] DEBUG:colcon.colcon_core.event_reactor:joined thread
[4.715s] INFO:colcon.colcon_core.shell:Creating prefix script '/home/rodrigo/Proyecto_III/g05_prii3/g05_prii3_WS/install/local_setup.ps1'
[4.718s] INFO:colcon.colcon_core.shell:Creating prefix util module '/home/rodrigo/Proyecto_III/g05_prii3/g05_prii3_WS/install/_local_setup_util_ps1.py'
[4.721s] INFO:colcon.colcon_core.shell:Creating prefix chain script '/home/rodrigo/Proyecto_III/g05_prii3/g05_prii3_WS/install/setup.ps1'
[4.723s] INFO:colcon.colcon_core.shell:Creating prefix script '/home/rodrigo/Proyecto_III/g05_prii3/g05_prii3_WS/install/local_setup.sh'
[4.724s] INFO:colcon.colcon_core.shell:Creating prefix util module '/home/rodrigo/Proyecto_III/g05_prii3/g05_prii3_WS/install/_local_setup_util_sh.py'
[4.726s] INFO:colcon.colcon_core.shell:Creating prefix chain script '/home/rodrigo/Proyecto_III/g05_prii3/g05_prii3_WS/install/setup.sh'
[4.729s] INFO:colcon.colcon_core.shell:Creating prefix script '/home/rodrigo/Proyecto_III/g05_prii3/g05_prii3_WS/install/local_setup.bash'
[4.730s] INFO:colcon.colcon_core.shell:Creating prefix chain script '/home/rodrigo/Proyecto_III/g05_prii3/g05_prii3_WS/install/setup.bash'
[4.733s] INFO:colcon.colcon_core.shell:Creating prefix script '/home/rodrigo/Proyecto_III/g05_prii3/g05_prii3_WS/install/local_setup.zsh'
[4.734s] INFO:colcon.colcon_core.shell:Creating prefix chain script '/home/rodrigo/Proyecto_III/g05_prii3/g05_prii3_WS/install/setup.zsh'
