[0.828s] Invoking command in '/home/rodrigo/Proyecto_III/g05_prii3/g05_prii3_WS/src/sprint4_eurobot': PYTHONPATH=/home/rodrigo/Proyecto_III/g05_prii3/g05_prii3_WS/build/sprint4_eurobot/prefix_override:/usr/lib/python3/dist-packages/colcon_core/task/python/colcon_distutils_commands:/home/rodrigo/Proyecto_III/g05_prii3/g05_prii3_WS/install/sprint4_eurobot/lib/python3.8/site-packages:${PYTHONPATH} /usr/bin/python3 -W ignore:setup.py install is deprecated -W ignore:easy_install command is deprecated setup.py egg_info --egg-base ../../build/sprint4_eurobot build --build-base /home/rodrigo/Proyecto_III/g05_prii3/g05_prii3_WS/build/sprint4_eurobot/build install --record /home/rodrigo/Proyecto_III/g05_prii3/g05_prii3_WS/build/sprint4_eurobot/install.log --install-scripts $base/lib/sprint4_eurobot --single-version-externally-managed install_data
[1.113s] running egg_info
[1.113s] creating ../../build/sprint4_eurobot/sprint4_eurobot.egg-info
[1.113s] writing ../../build/sprint4_eurobot/sprint4_eurobot.egg-info/PKG-INFO
[1.114s] writing dependency_links to ../../build/sprint4_eurobot/sprint4_eurobot.egg-info/dependency_links.txt
[1.114s] writing entry points to ../../build/sprint4_eurobot/sprint4_eurobot.egg-info/entry_points.txt
[1.114s] writing requirements to ../../build/sprint4_eurobot/sprint4_eurobot.egg-info/requires.txt
[1.114s] writing top-level names to ../../build/sprint4_eurobot/sprint4_eurobot.egg-info/top_level.txt
[1.116s] writing manifest file '../../build/sprint4_eurobot/sprint4_eurobot.egg-info/SOURCES.txt'
[1.158s] reading manifest file '../../build/sprint4_eurobot/sprint4_eurobot.egg-info/SOURCES.txt'
[1.159s] writing manifest file '../../build/sprint4_eurobot/sprint4_eurobot.egg-info/SOURCES.txt'
[1.159s] running build
[1.159s] running build_py
[1.159s] creating /home/rodrigo/Proyecto_III/g05_prii3/g05_prii3_WS/build/sprint4_eurobot/build
[1.159s] creating /home/rodrigo/Proyecto_III/g05_prii3/g05_prii3_WS/build/sprint4_eurobot/build/lib
[1.160s] creating /home/rodrigo/Proyecto_III/g05_prii3/g05_prii3_WS/build/sprint4_eurobot/build/lib/sprint4_eurobot
[1.160s] copying sprint4_eurobot/__init__.py -> /home/rodrigo/Proyecto_III/g05_prii3/g05_prii3_WS/build/sprint4_eurobot/build/lib/sprint4_eurobot
[1.160s] copying sprint4_eurobot/cenital_node.py -> /home/rodrigo/Proyecto_III/g05_prii3/g05_prii3_WS/build/sprint4_eurobot/build/lib/sprint4_eurobot
[1.160s] running install
[1.160s] running install_lib
[1.162s] creating /home/rodrigo/Proyecto_III/g05_prii3/g05_prii3_WS/install/sprint4_eurobot/lib/python3.8/site-packages/sprint4_eurobot
[1.162s] copying /home/rodrigo/Proyecto_III/g05_prii3/g05_prii3_WS/build/sprint4_eurobot/build/lib/sprint4_eurobot/__init__.py -> /home/rodrigo/Proyecto_III/g05_prii3/g05_prii3_WS/install/sprint4_eurobot/lib/python3.8/site-packages/sprint4_eurobot
[1.162s] copying /home/rodrigo/Proyecto_III/g05_prii3/g05_prii3_WS/build/sprint4_eurobot/build/lib/sprint4_eurobot/cenital_node.py -> /home/rodrigo/Proyecto_III/g05_prii3/g05_prii3_WS/install/sprint4_eurobot/lib/python3.8/site-packages/sprint4_eurobot
[1.162s] byte-compiling /home/rodrigo/Proyecto_III/g05_prii3/g05_prii3_WS/install/sprint4_eurobot/lib/python3.8/site-packages/sprint4_eurobot/__init__.py to __init__.cpython-38.pyc
[1.164s] byte-compiling /home/rodrigo/Proyecto_III/g05_prii3/g05_prii3_WS/install/sprint4_eurobot/lib/python3.8/site-packages/sprint4_eurobot/cenital_node.py to cenital_node.cpython-38.pyc
[1.165s] running install_data
[1.165s] creating /home/rodrigo/Proyecto_III/g05_prii3/g05_prii3_WS/install/sprint4_eurobot/share/ament_index
[1.166s] creating /home/rodrigo/Proyecto_III/g05_prii3/g05_prii3_WS/install/sprint4_eurobot/share/ament_index/resource_index
[1.166s] creating /home/rodrigo/Proyecto_III/g05_prii3/g05_prii3_WS/install/sprint4_eurobot/share/ament_index/resource_index/packages
[1.166s] copying resource/sprint4_eurobot -> /home/rodrigo/Proyecto_III/g05_prii3/g05_prii3_WS/install/sprint4_eurobot/share/ament_index/resource_index/packages
[1.166s] copying package.xml -> /home/rodrigo/Proyecto_III/g05_prii3/g05_prii3_WS/install/sprint4_eurobot/share/sprint4_eurobot
[1.166s] creating /home/rodrigo/Proyecto_III/g05_prii3/g05_prii3_WS/install/sprint4_eurobot/share/sprint4_eurobot/launch
[1.166s] copying launch/eurobot_launch.py -> /home/rodrigo/Proyecto_III/g05_prii3/g05_prii3_WS/install/sprint4_eurobot/share/sprint4_eurobot/launch
[1.166s] creating /home/rodrigo/Proyecto_III/g05_prii3/g05_prii3_WS/install/sprint4_eurobot/share/sprint4_eurobot/world
[1.167s] copying world/eurobot.world -> /home/rodrigo/Proyecto_III/g05_prii3/g05_prii3_WS/install/sprint4_eurobot/share/sprint4_eurobot/world
[1.167s] creating /home/rodrigo/Proyecto_III/g05_prii3/g05_prii3_WS/install/sprint4_eurobot/share/sprint4_eurobot/materials
[1.167s] creating /home/rodrigo/Proyecto_III/g05_prii3/g05_prii3_WS/install/sprint4_eurobot/share/sprint4_eurobot/materials/scripts
[1.167s] copying materials/scripts/eurobot.material -> /home/rodrigo/Proyecto_III/g05_prii3/g05_prii3_WS/install/sprint4_eurobot/share/sprint4_eurobot/materials/scripts
[1.167s] creating /home/rodrigo/Proyecto_III/g05_prii3/g05_prii3_WS/install/sprint4_eurobot/share/sprint4_eurobot/materials/textures
[1.167s] copying materials/textures/mapa_eurobot_rotated.png -> /home/rodrigo/Proyecto_III/g05_prii3/g05_prii3_WS/install/sprint4_eurobot/share/sprint4_eurobot/materials/textures
[1.168s] copying materials/textures/aruco_origin.png -> /home/rodrigo/Proyecto_III/g05_prii3/g05_prii3_WS/install/sprint4_eurobot/share/sprint4_eurobot/materials/textures
[1.168s] copying materials/textures/aruco_robot.png -> /home/rodrigo/Proyecto_III/g05_prii3/g05_prii3_WS/install/sprint4_eurobot/share/sprint4_eurobot/materials/textures
[1.168s] creating /home/rodrigo/Proyecto_III/g05_prii3/g05_prii3_WS/install/sprint4_eurobot/share/sprint4_eurobot/models
[1.168s] creating /home/rodrigo/Proyecto_III/g05_prii3/g05_prii3_WS/install/sprint4_eurobot/share/sprint4_eurobot/models/waffle_aruco
[1.169s] copying models/waffle_aruco/model.config -> /home/rodrigo/Proyecto_III/g05_prii3/g05_prii3_WS/install/sprint4_eurobot/share/sprint4_eurobot/models/waffle_aruco
[1.169s] copying models/waffle_aruco/model.sdf -> /home/rodrigo/Proyecto_III/g05_prii3/g05_prii3_WS/install/sprint4_eurobot/share/sprint4_eurobot/models/waffle_aruco
[1.169s] running install_egg_info
[1.171s] Copying ../../build/sprint4_eurobot/sprint4_eurobot.egg-info to /home/rodrigo/Proyecto_III/g05_prii3/g05_prii3_WS/install/sprint4_eurobot/lib/python3.8/site-packages/sprint4_eurobot-0.0.0-py3.8.egg-info
[1.172s] running install_scripts
[1.193s] Installing cenital_node script to /home/rodrigo/Proyecto_III/g05_prii3/g05_prii3_WS/install/sprint4_eurobot/lib/sprint4_eurobot
[1.194s] writing list of installed files to '/home/rodrigo/Proyecto_III/g05_prii3/g05_prii3_WS/build/sprint4_eurobot/install.log'
[1.216s] Invoked command in '/home/rodrigo/Proyecto_III/g05_prii3/g05_prii3_WS/src/sprint4_eurobot' returned '0': PYTHONPATH=/home/rodrigo/Proyecto_III/g05_prii3/g05_prii3_WS/build/sprint4_eurobot/prefix_override:/usr/lib/python3/dist-packages/colcon_core/task/python/colcon_distutils_commands:/home/rodrigo/Proyecto_III/g05_prii3/g05_prii3_WS/install/sprint4_eurobot/lib/python3.8/site-packages:${PYTHONPATH} /usr/bin/python3 -W ignore:setup.py install is deprecated -W ignore:easy_install command is deprecated setup.py egg_info --egg-base ../../build/sprint4_eurobot build --build-base /home/rodrigo/Proyecto_III/g05_prii3/g05_prii3_WS/build/sprint4_eurobot/build install --record /home/rodrigo/Proyecto_III/g05_prii3/g05_prii3_WS/build/sprint4_eurobot/install.log --install-scripts $base/lib/sprint4_eurobot --single-version-externally-managed install_data
