[0.908s] Invoking command in '/home/rodrigo/Proyecto_III/g05_prii3/g05_prii3_WS/src/build/sprint5_eurobot': PYTHONPATH=/home/rodrigo/Proyecto_III/g05_prii3/g05_prii3_WS/src/build/sprint5_eurobot/prefix_override:/usr/lib/python3/dist-packages/colcon_core/task/python/colcon_distutils_commands:/home/rodrigo/Proyecto_III/g05_prii3/g05_prii3_WS/src/install/sprint5_eurobot/lib/python3.8/site-packages:${PYTHONPATH} /usr/bin/python3 -W ignore:setup.py install is deprecated -W ignore:easy_install command is deprecated setup.py develop --editable --build-directory /home/rodrigo/Proyecto_III/g05_prii3/g05_prii3_WS/src/build/sprint5_eurobot/build --no-deps symlink_data
[1.216s] running develop
[1.400s] running egg_info
[1.400s] writing sprint5_eurobot.egg-info/PKG-INFO
[1.401s] writing dependency_links to sprint5_eurobot.egg-info/dependency_links.txt
[1.401s] writing entry points to sprint5_eurobot.egg-info/entry_points.txt
[1.401s] writing requirements to sprint5_eurobot.egg-info/requires.txt
[1.401s] writing top-level names to sprint5_eurobot.egg-info/top_level.txt
[1.445s] reading manifest file 'sprint5_eurobot.egg-info/SOURCES.txt'
[1.446s] writing manifest file 'sprint5_eurobot.egg-info/SOURCES.txt'
[1.491s] running build_ext
[1.492s] Creating /home/rodrigo/Proyecto_III/g05_prii3/g05_prii3_WS/src/install/sprint5_eurobot/lib/python3.8/site-packages/sprint5-eurobot.egg-link (link to .)
[1.493s] Installing pattern_matching script to /home/rodrigo/Proyecto_III/g05_prii3/g05_prii3_WS/src/install/sprint5_eurobot/lib/sprint5_eurobot
[1.494s] Installing real_navigator script to /home/rodrigo/Proyecto_III/g05_prii3/g05_prii3_WS/src/install/sprint5_eurobot/lib/sprint5_eurobot
[1.494s] 
[1.494s] Installed /home/rodrigo/Proyecto_III/g05_prii3/g05_prii3_WS/src/build/sprint5_eurobot
[1.494s] running symlink_data
[1.494s] symbolically linking /home/rodrigo/Proyecto_III/g05_prii3/g05_prii3_WS/src/build/sprint5_eurobot/launch/pattern_matching_simulation_launch.py -> /home/rodrigo/Proyecto_III/g05_prii3/g05_prii3_WS/src/install/sprint5_eurobot/share/sprint5_eurobot/launch
[1.494s] error: can't copy '/home/rodrigo/Proyecto_III/g05_prii3/g05_prii3_WS/src/build/sprint5_eurobot/launch/sprint5_real_launch.py': doesn't exist or not a regular file
[1.520s] Invoked command in '/home/rodrigo/Proyecto_III/g05_prii3/g05_prii3_WS/src/build/sprint5_eurobot' returned '1': PYTHONPATH=/home/rodrigo/Proyecto_III/g05_prii3/g05_prii3_WS/src/build/sprint5_eurobot/prefix_override:/usr/lib/python3/dist-packages/colcon_core/task/python/colcon_distutils_commands:/home/rodrigo/Proyecto_III/g05_prii3/g05_prii3_WS/src/install/sprint5_eurobot/lib/python3.8/site-packages:${PYTHONPATH} /usr/bin/python3 -W ignore:setup.py install is deprecated -W ignore:easy_install command is deprecated setup.py develop --editable --build-directory /home/rodrigo/Proyecto_III/g05_prii3/g05_prii3_WS/src/build/sprint5_eurobot/build --no-deps symlink_data
