[0.275s] DEBUG:colcon:Command line arguments: ['/usr/bin/colcon', 'build', '--symlink-install']
[0.275s] DEBUG:colcon:Parsed command line arguments: Namespace(allow_overriding=[], ament_cmake_args=None, base_paths=['.'], build_base='build', catkin_cmake_args=None, catkin_skip_building_tests=False, cmake_args=None, cmake_clean_cache=False, cmake_clean_first=False, cmake_force_configure=False, cmake_target=None, cmake_target_skip_unavailable=False, continue_on_error=False, event_handlers=None, executor='parallel', ignore_user_meta=False, install_base='install', log_base=None, log_level=None, main=<bound method BuildVerb.main of <colcon_core.verb.build.BuildVerb object at 0x7f8904116fd0>>, merge_install=False, metas=['./colcon.meta'], packages_above=None, packages_above_and_dependencies=None, packages_above_depth=None, packages_end=None, packages_ignore=None, packages_ignore_regex=None, packages_select=None, packages_select_build_failed=False, packages_select_by_dep=None, packages_select_regex=None, packages_select_test_failures=False, packages_skip=None, packages_skip_build_finished=False, packages_skip_by_dep=None, packages_skip_regex=None, packages_skip_test_passed=False, packages_skip_up_to=None, packages_start=None, packages_up_to=None, packages_up_to_regex=None, parallel_workers=12, paths=None, symlink_install=True, test_result_base=None, verb_extension=<colcon_core.verb.build.BuildVerb object at 0x7f8904116fd0>, verb_name='build', verb_parser=<colcon_defaults.argument_parser.defaults.DefaultArgumentsDecorator object at 0x7f8904127490>)
[0.487s] Level 1:colcon.colcon_core.package_discovery:discover_packages(colcon_meta) check parameters
[0.487s] Level 1:colcon.colcon_core.package_discovery:discover_packages(recursive) check parameters
[0.487s] Level 1:colcon.colcon_core.package_discovery:discover_packages(ignore) check parameters
[0.487s] Level 1:colcon.colcon_core.package_discovery:discover_packages(path) check parameters
[0.487s] Level 1:colcon.colcon_core.package_discovery:discover_packages(colcon_meta) discover
[0.487s] Level 1:colcon.colcon_core.package_discovery:discover_packages(recursive) discover
[0.487s] INFO:colcon.colcon_core.package_discovery:Crawling recursively for packages in '/home/rodrigo/Proyecto_III/g05_prii3/g05_prii3_WS'
[0.488s] Level 1:colcon.colcon_core.package_identification:_identify(.) by extensions ['ignore', 'ignore_ament_install']
[0.488s] Level 1:colcon.colcon_core.package_identification:_identify(.) by extension 'ignore'
[0.488s] Level 1:colcon.colcon_core.package_identification:_identify(.) by extension 'ignore_ament_install'
[0.488s] Level 1:colcon.colcon_core.package_identification:_identify(.) by extensions ['colcon_pkg']
[0.488s] Level 1:colcon.colcon_core.package_identification:_identify(.) by extension 'colcon_pkg'
[0.488s] Level 1:colcon.colcon_core.package_identification:_identify(.) by extensions ['colcon_meta']
[0.488s] Level 1:colcon.colcon_core.package_identification:_identify(.) by extension 'colcon_meta'
[0.488s] Level 1:colcon.colcon_core.package_identification:_identify(.) by extensions ['ros']
[0.488s] Level 1:colcon.colcon_core.package_identification:_identify(.) by extension 'ros'
[0.503s] Level 1:colcon.colcon_core.package_identification:_identify(.) by extensions ['cmake', 'python']
[0.503s] Level 1:colcon.colcon_core.package_identification:_identify(.) by extension 'cmake'
[0.503s] Level 1:colcon.colcon_core.package_identification:_identify(.) by extension 'python'
[0.503s] Level 1:colcon.colcon_core.package_identification:_identify(.) by extensions ['python_setup_py']
[0.503s] Level 1:colcon.colcon_core.package_identification:_identify(.) by extension 'python_setup_py'
[0.504s] Level 1:colcon.colcon_core.package_identification:_identify(build) by extensions ['ignore', 'ignore_ament_install']
[0.504s] Level 1:colcon.colcon_core.package_identification:_identify(build) by extension 'ignore'
[0.504s] Level 1:colcon.colcon_core.package_identification:_identify(build) ignored
[0.504s] Level 1:colcon.colcon_core.package_identification:_identify(install) by extensions ['ignore', 'ignore_ament_install']
[0.504s] Level 1:colcon.colcon_core.package_identification:_identify(install) by extension 'ignore'
[0.504s] Level 1:colcon.colcon_core.package_identification:_identify(install) ignored
[0.504s] Level 1:colcon.colcon_core.package_identification:_identify(log) by extensions ['ignore', 'ignore_ament_install']
[0.504s] Level 1:colcon.colcon_core.package_identification:_identify(log) by extension 'ignore'
[0.505s] Level 1:colcon.colcon_core.package_identification:_identify(log) ignored
[0.505s] Level 1:colcon.colcon_core.package_identification:_identify(src) by extensions ['ignore', 'ignore_ament_install']
[0.505s] Level 1:colcon.colcon_core.package_identification:_identify(src) by extension 'ignore'
[0.505s] Level 1:colcon.colcon_core.package_identification:_identify(src) by extension 'ignore_ament_install'
[0.505s] Level 1:colcon.colcon_core.package_identification:_identify(src) by extensions ['colcon_pkg']
[0.505s] Level 1:colcon.colcon_core.package_identification:_identify(src) by extension 'colcon_pkg'
[0.505s] Level 1:colcon.colcon_core.package_identification:_identify(src) by extensions ['colcon_meta']
[0.505s] Level 1:colcon.colcon_core.package_identification:_identify(src) by extension 'colcon_meta'
[0.505s] Level 1:colcon.colcon_core.package_identification:_identify(src) by extensions ['ros']
[0.505s] Level 1:colcon.colcon_core.package_identification:_identify(src) by extension 'ros'
[0.505s] Level 1:colcon.colcon_core.package_identification:_identify(src) by extensions ['cmake', 'python']
[0.505s] Level 1:colcon.colcon_core.package_identification:_identify(src) by extension 'cmake'
[0.505s] Level 1:colcon.colcon_core.package_identification:_identify(src) by extension 'python'
[0.506s] Level 1:colcon.colcon_core.package_identification:_identify(src) by extensions ['python_setup_py']
[0.506s] Level 1:colcon.colcon_core.package_identification:_identify(src) by extension 'python_setup_py'
[0.506s] Level 1:colcon.colcon_core.package_identification:_identify(src/build) by extensions ['ignore', 'ignore_ament_install']
[0.506s] Level 1:colcon.colcon_core.package_identification:_identify(src/build) by extension 'ignore'
[0.506s] Level 1:colcon.colcon_core.package_identification:_identify(src/build) ignored
[0.506s] Level 1:colcon.colcon_core.package_identification:_identify(src/eurobot_real) by extensions ['ignore', 'ignore_ament_install']
[0.506s] Level 1:colcon.colcon_core.package_identification:_identify(src/eurobot_real) by extension 'ignore'
[0.506s] Level 1:colcon.colcon_core.package_identification:_identify(src/eurobot_real) by extension 'ignore_ament_install'
[0.506s] Level 1:colcon.colcon_core.package_identification:_identify(src/eurobot_real) by extensions ['colcon_pkg']
[0.506s] Level 1:colcon.colcon_core.package_identification:_identify(src/eurobot_real) by extension 'colcon_pkg'
[0.507s] Level 1:colcon.colcon_core.package_identification:_identify(src/eurobot_real) by extensions ['colcon_meta']
[0.507s] Level 1:colcon.colcon_core.package_identification:_identify(src/eurobot_real) by extension 'colcon_meta'
[0.507s] Level 1:colcon.colcon_core.package_identification:_identify(src/eurobot_real) by extensions ['ros']
[0.507s] Level 1:colcon.colcon_core.package_identification:_identify(src/eurobot_real) by extension 'ros'
[0.510s] DEBUG:colcon.colcon_core.package_identification:Package 'src/eurobot_real' with type 'ros.ament_python' and name 'eurobot_real'
[0.511s] Level 1:colcon.colcon_core.package_identification:_identify(src/install) by extensions ['ignore', 'ignore_ament_install']
[0.511s] Level 1:colcon.colcon_core.package_identification:_identify(src/install) by extension 'ignore'
[0.511s] Level 1:colcon.colcon_core.package_identification:_identify(src/install) ignored
[0.511s] Level 1:colcon.colcon_core.package_identification:_identify(src/log) by extensions ['ignore', 'ignore_ament_install']
[0.511s] Level 1:colcon.colcon_core.package_identification:_identify(src/log) by extension 'ignore'
[0.511s] Level 1:colcon.colcon_core.package_identification:_identify(src/log) ignored
[0.511s] Level 1:colcon.colcon_core.package_identification:_identify(src/sprint4_eurobot) by extensions ['ignore', 'ignore_ament_install']
[0.512s] Level 1:colcon.colcon_core.package_identification:_identify(src/sprint4_eurobot) by extension 'ignore'
[0.512s] Level 1:colcon.colcon_core.package_identification:_identify(src/sprint4_eurobot) by extension 'ignore_ament_install'
[0.512s] Level 1:colcon.colcon_core.package_identification:_identify(src/sprint4_eurobot) by extensions ['colcon_pkg']
[0.512s] Level 1:colcon.colcon_core.package_identification:_identify(src/sprint4_eurobot) by extension 'colcon_pkg'
[0.512s] Level 1:colcon.colcon_core.package_identification:_identify(src/sprint4_eurobot) by extensions ['colcon_meta']
[0.512s] Level 1:colcon.colcon_core.package_identification:_identify(src/sprint4_eurobot) by extension 'colcon_meta'
[0.512s] Level 1:colcon.colcon_core.package_identification:_identify(src/sprint4_eurobot) by extensions ['ros']
[0.512s] Level 1:colcon.colcon_core.package_identification:_identify(src/sprint4_eurobot) by extension 'ros'
[0.513s] DEBUG:colcon.colcon_core.package_identification:Package 'src/sprint4_eurobot' with type 'ros.ament_python' and name 'sprint4_eurobot'
[0.513s] Level 1:colcon.colcon_core.package_identification:_identify(src/sprint5_eurobot) by extensions ['ignore', 'ignore_ament_install']
[0.513s] Level 1:colcon.colcon_core.package_identification:_identify(src/sprint5_eurobot) by extension 'ignore'
[0.513s] Level 1:colcon.colcon_core.package_identification:_identify(src/sprint5_eurobot) by extension 'ignore_ament_install'
[0.514s] Level 1:colcon.colcon_core.package_identification:_identify(src/sprint5_eurobot) by extensions ['colcon_pkg']
[0.514s] Level 1:colcon.colcon_core.package_identification:_identify(src/sprint5_eurobot) by extension 'colcon_pkg'
[0.514s] Level 1:colcon.colcon_core.package_identification:_identify(src/sprint5_eurobot) by extensions ['colcon_meta']
[0.514s] Level 1:colcon.colcon_core.package_identification:_identify(src/sprint5_eurobot) by extension 'colcon_meta'
[0.514s] Level 1:colcon.colcon_core.package_identification:_identify(src/sprint5_eurobot) by extensions ['ros']
[0.514s] Level 1:colcon.colcon_core.package_identification:_identify(src/sprint5_eurobot) by extension 'ros'
[0.515s] DEBUG:colcon.colcon_core.package_identification:Package 'src/sprint5_eurobot' with type 'ros.ament_python' and name 'sprint5_eurobot'
[0.515s] Level 1:colcon.colcon_core.package_discovery:discover_packages(recursive) using defaults
[0.515s] Level 1:colcon.colcon_core.package_discovery:discover_packages(ignore) discover
[0.515s] Level 1:colcon.colcon_core.package_discovery:discover_packages(ignore) using defaults
[0.515s] Level 1:colcon.colcon_core.package_discovery:discover_packages(path) discover
[0.515s] Level 1:colcon.colcon_core.package_discovery:discover_packages(path) using defaults
[0.536s] Level 1:colcon.colcon_core.package_discovery:discover_packages(prefix_path) check parameters
[0.536s] Level 1:colcon.colcon_core.package_discovery:discover_packages(prefix_path) discover
[0.540s] DEBUG:colcon.colcon_installed_package_information.package_discovery:Found 371 installed packages in /opt/ros/foxy
[0.551s] Level 1:colcon.colcon_core.package_discovery:discover_packages(prefix_path) using defaults
[0.657s] Level 5:colcon.colcon_core.verb:set package 'eurobot_real' build argument 'cmake_args' from command line to 'None'
[0.657s] Level 5:colcon.colcon_core.verb:set package 'eurobot_real' build argument 'cmake_target' from command line to 'None'
[0.657s] Level 5:colcon.colcon_core.verb:set package 'eurobot_real' build argument 'cmake_target_skip_unavailable' from command line to 'False'
[0.657s] Level 5:colcon.colcon_core.verb:set package 'eurobot_real' build argument 'cmake_clean_cache' from command line to 'False'
[0.657s] Level 5:colcon.colcon_core.verb:set package 'eurobot_real' build argument 'cmake_clean_first' from command line to 'False'
[0.657s] Level 5:colcon.colcon_core.verb:set package 'eurobot_real' build argument 'cmake_force_configure' from command line to 'False'
[0.657s] Level 5:colcon.colcon_core.verb:set package 'eurobot_real' build argument 'ament_cmake_args' from command line to 'None'
[0.657s] Level 5:colcon.colcon_core.verb:set package 'eurobot_real' build argument 'catkin_cmake_args' from command line to 'None'
[0.657s] Level 5:colcon.colcon_core.verb:set package 'eurobot_real' build argument 'catkin_skip_building_tests' from command line to 'False'
[0.657s] DEBUG:colcon.colcon_core.verb:Building package 'eurobot_real' with the following arguments: {'ament_cmake_args': None, 'build_base': '/home/rodrigo/Proyecto_III/g05_prii3/g05_prii3_WS/build/eurobot_real', 'catkin_cmake_args': None, 'catkin_skip_building_tests': False, 'cmake_args': None, 'cmake_clean_cache': False, 'cmake_clean_first': False, 'cmake_force_configure': False, 'cmake_target': None, 'cmake_target_skip_unavailable': False, 'install_base': '/home/rodrigo/Proyecto_III/g05_prii3/g05_prii3_WS/install/eurobot_real', 'merge_install': False, 'path': '/home/rodrigo/Proyecto_III/g05_prii3/g05_prii3_WS/src/eurobot_real', 'symlink_install': True, 'test_result_base': None}
[0.658s] Level 5:colcon.colcon_core.verb:set package 'sprint4_eurobot' build argument 'cmake_args' from command line to 'None'
[0.658s] Level 5:colcon.colcon_core.verb:set package 'sprint4_eurobot' build argument 'cmake_target' from command line to 'None'
[0.658s] Level 5:colcon.colcon_core.verb:set package 'sprint4_eurobot' build argument 'cmake_target_skip_unavailable' from command line to 'False'
[0.658s] Level 5:colcon.colcon_core.verb:set package 'sprint4_eurobot' build argument 'cmake_clean_cache' from command line to 'False'
[0.658s] Level 5:colcon.colcon_core.verb:set package 'sprint4_eurobot' build argument 'cmake_clean_first' from command line to 'False'
[0.658s] Level 5:colcon.colcon_core.verb:set package 'sprint4_eurobot' build argument 'cmake_force_configure' from command line to 'False'
[0.658s] Level 5:colcon.colcon_core.verb:set package 'sprint4_eurobot' build argument 'ament_cmake_args' from command line to 'None'
[0.658s] Level 5:colcon.colcon_core.verb:set package 'sprint4_eurobot' build argument 'catkin_cmake_args' from command line to 'None'
[0.658s] Level 5:colcon.colcon_core.verb:set package 'sprint4_eurobot' build argument 'catkin_skip_building_tests' from command line to 'False'
[0.658s] DEBUG:colcon.colcon_core.verb:Building package 'sprint4_eurobot' with the following arguments: {'ament_cmake_args': None, 'build_base': '/home/rodrigo/Proyecto_III/g05_prii3/g05_prii3_WS/build/sprint4_eurobot', 'catkin_cmake_args': None, 'catkin_skip_building_tests': False, 'cmake_args': None, 'cmake_clean_cache': False, 'cmake_clean_first': False, 'cmake_force_configure': False, 'cmake_target': None, 'cmake_target_skip_unavailable': False, 'install_base': '/home/rodrigo/Proyecto_III/g05_prii3/g05_prii3_WS/install/sprint4_eurobot', 'merge_install': False, 'path': '/home/rodrigo/Proyecto_III/g05_prii3/g05_prii3_WS/src/sprint4_eurobot', 'symlink_install': True, 'test_result_base': None}
[0.658s] Level 5:colcon.colcon_core.verb:set package 'sprint5_eurobot' build argument 'cmake_args' from command line to 'None'
[0.659s] Level 5:colcon.colcon_core.verb:set package 'sprint5_eurobot' build argument 'cmake_target' from command line to 'None'
[0.659s] Level 5:colcon.colcon_core.verb:set package 'sprint5_eurobot' build argument 'cmake_target_skip_unavailable' from command line to 'False'
[0.659s] Level 5:colcon.colcon_core.verb:set package 'sprint5_eurobot' build argument 'cmake_clean_cache' from command line to 'False'
[0.659s] Level 5:colcon.colcon_core.verb:set package 'sprint5_eurobot' build argument 'cmake_clean_first' from command line to 'False'
[0.659s] Level 5:colcon.colcon_core.verb:set package 'sprint5_eurobot' build argument 'cmake_force_configure' from command line to 'False'
[0.659s] Level 5:colcon.colcon_core.verb:set package 'sprint5_eurobot' build argument 'ament_cmake_args' from command line to 'None'
[0.659s] Level 5:colcon.colcon_core.verb:set package 'sprint5_eurobot' build argument 'catkin_cmake_args' from command line to 'None'
[0.659s] Level 5:colcon.colcon_core.verb:set package 'sprint5_eurobot' build argument 'catkin_skip_building_tests' from command line to 'False'
[0.659s] DEBUG:colcon.colcon_core.verb:Building package 'sprint5_eurobot' with the following arguments: {'ament_cmake_args': None, 'build_base': '/home/rodrigo/Proyecto_III/g05_prii3/g05_prii3_WS/build/sprint5_eurobot', 'catkin_cmake_args': None, 'catkin_skip_building_tests': False, 'cmake_args': None, 'cmake_clean_cache': False, 'cmake_clean_first': False, 'cmake_force_configure': False, 'cmake_target': None, 'cmake_target_skip_unavailable': False, 'install_base': '/home/rodrigo/Proyecto_III/g05_prii3/g05_prii3_WS/install/sprint5_eurobot', 'merge_install': False, 'path': '/home/rodrigo/Proyecto_III/g05_prii3/g05_prii3_WS/src/sprint5_eurobot', 'symlink_install': True, 'test_result_base': None}
[0.659s] INFO:colcon.colcon_core.executor:Executing jobs using 'parallel' executor
[0.660s] DEBUG:colcon.colcon_parallel_executor.executor.parallel:run_until_complete
[0.661s] INFO:colcon.colcon_ros.task.ament_python.build:Building ROS package in '/home/rodrigo/Proyecto_III/g05_prii3/g05_prii3_WS/src/eurobot_real' with build type 'ament_python'
[0.661s] Level 1:colcon.colcon_core.shell:create_environment_hook('eurobot_real', 'ament_prefix_path')
[0.663s] INFO:colcon.colcon_core.plugin_system:Skipping extension 'colcon_core.shell.bat': Not used on non-Windows systems
[0.663s] INFO:colcon.colcon_core.shell:Creating environment hook '/home/rodrigo/Proyecto_III/g05_prii3/g05_prii3_WS/install/eurobot_real/share/eurobot_real/hook/ament_prefix_path.ps1'
[0.664s] INFO:colcon.colcon_core.shell:Creating environment descriptor '/home/rodrigo/Proyecto_III/g05_prii3/g05_prii3_WS/install/eurobot_real/share/eurobot_real/hook/ament_prefix_path.dsv'
[0.665s] INFO:colcon.colcon_core.shell:Creating environment hook '/home/rodrigo/Proyecto_III/g05_prii3/g05_prii3_WS/install/eurobot_real/share/eurobot_real/hook/ament_prefix_path.sh'
[0.666s] INFO:colcon.colcon_core.shell:Skip shell extension 'powershell' for command environment: Not usable outside of PowerShell
[0.666s] DEBUG:colcon.colcon_core.shell:Skip shell extension 'dsv' for command environment
[0.672s] INFO:colcon.colcon_ros.task.ament_python.build:Building ROS package in '/home/rodrigo/Proyecto_III/g05_prii3/g05_prii3_WS/src/sprint4_eurobot' with build type 'ament_python'
[0.672s] Level 1:colcon.colcon_core.shell:create_environment_hook('sprint4_eurobot', 'ament_prefix_path')
[0.673s] INFO:colcon.colcon_core.shell:Creating environment hook '/home/rodrigo/Proyecto_III/g05_prii3/g05_prii3_WS/install/sprint4_eurobot/share/sprint4_eurobot/hook/ament_prefix_path.ps1'
[0.674s] INFO:colcon.colcon_core.shell:Creating environment descriptor '/home/rodrigo/Proyecto_III/g05_prii3/g05_prii3_WS/install/sprint4_eurobot/share/sprint4_eurobot/hook/ament_prefix_path.dsv'
[0.675s] INFO:colcon.colcon_core.shell:Creating environment hook '/home/rodrigo/Proyecto_III/g05_prii3/g05_prii3_WS/install/sprint4_eurobot/share/sprint4_eurobot/hook/ament_prefix_path.sh'
[0.675s] INFO:colcon.colcon_core.shell:Skip shell extension 'powershell' for command environment: Not usable outside of PowerShell
[0.676s] DEBUG:colcon.colcon_core.shell:Skip shell extension 'dsv' for command environment
[0.681s] INFO:colcon.colcon_ros.task.ament_python.build:Building ROS package in '/home/rodrigo/Proyecto_III/g05_prii3/g05_prii3_WS/src/sprint5_eurobot' with build type 'ament_python'
[0.682s] Level 1:colcon.colcon_core.shell:create_environment_hook('sprint5_eurobot', 'ament_prefix_path')
[0.683s] INFO:colcon.colcon_core.shell:Creating environment hook '/home/rodrigo/Proyecto_III/g05_prii3/g05_prii3_WS/install/sprint5_eurobot/share/sprint5_eurobot/hook/ament_prefix_path.ps1'
[0.684s] INFO:colcon.colcon_core.shell:Creating environment descriptor '/home/rodrigo/Proyecto_III/g05_prii3/g05_prii3_WS/install/sprint5_eurobot/share/sprint5_eurobot/hook/ament_prefix_path.dsv'
[0.684s] INFO:colcon.colcon_core.shell:Creating environment hook '/home/rodrigo/Proyecto_III/g05_prii3/g05_prii3_WS/install/sprint5_eurobot/share/sprint5_eurobot/hook/ament_prefix_path.sh'
[0.685s] INFO:colcon.colcon_core.shell:Skip shell extension 'powershell' for command environment: Not usable outside of PowerShell
[0.685s] DEBUG:colcon.colcon_core.shell:Skip shell extension 'dsv' for command environment
[1.021s] INFO:colcon.colcon_core.task.python.build:Building Python package in '/home/rodrigo/Proyecto_III/g05_prii3/g05_prii3_WS/src/eurobot_real'
[1.022s] INFO:colcon.colcon_core.shell:Skip shell extension 'powershell' for command environment: Not usable outside of PowerShell
[1.022s] DEBUG:colcon.colcon_core.shell:Skip shell extension 'dsv' for command environment
[1.340s] INFO:colcon.colcon_core.task.python.build:Building Python package in '/home/rodrigo/Proyecto_III/g05_prii3/g05_prii3_WS/src/sprint4_eurobot'
[1.341s] INFO:colcon.colcon_core.shell:Skip shell extension 'powershell' for command environment: Not usable outside of PowerShell
[1.341s] DEBUG:colcon.colcon_core.shell:Skip shell extension 'dsv' for command environment
[1.657s] INFO:colcon.colcon_core.task.python.build:Building Python package in '/home/rodrigo/Proyecto_III/g05_prii3/g05_prii3_WS/src/sprint5_eurobot'
[1.657s] INFO:colcon.colcon_core.shell:Skip shell extension 'powershell' for command environment: Not usable outside of PowerShell
[1.657s] DEBUG:colcon.colcon_core.shell:Skip shell extension 'dsv' for command environment
[2.169s] DEBUG:colcon.colcon_core.event_handler.log_command:Invoking command in '/home/rodrigo/Proyecto_III/g05_prii3/g05_prii3_WS/build/eurobot_real': PYTHONPATH=/home/rodrigo/Proyecto_III/g05_prii3/g05_prii3_WS/build/eurobot_real/prefix_override:/usr/lib/python3/dist-packages/colcon_core/task/python/colcon_distutils_commands:/home/rodrigo/Proyecto_III/g05_prii3/g05_prii3_WS/install/eurobot_real/lib/python3.8/site-packages:${PYTHONPATH} /usr/bin/python3 -W ignore:setup.py install is deprecated -W ignore:easy_install command is deprecated setup.py develop --editable --build-directory /home/rodrigo/Proyecto_III/g05_prii3/g05_prii3_WS/build/eurobot_real/build --no-deps symlink_data
[2.181s] DEBUG:colcon.colcon_core.event_handler.log_command:Invoking command in '/home/rodrigo/Proyecto_III/g05_prii3/g05_prii3_WS/build/sprint4_eurobot': PYTHONPATH=/home/rodrigo/Proyecto_III/g05_prii3/g05_prii3_WS/build/sprint4_eurobot/prefix_override:/usr/lib/python3/dist-packages/colcon_core/task/python/colcon_distutils_commands:/home/rodrigo/Proyecto_III/g05_prii3/g05_prii3_WS/install/sprint4_eurobot/lib/python3.8/site-packages:${PYTHONPATH} /usr/bin/python3 -W ignore:setup.py install is deprecated -W ignore:easy_install command is deprecated setup.py develop --editable --build-directory /home/rodrigo/Proyecto_III/g05_prii3/g05_prii3_WS/build/sprint4_eurobot/build --no-deps symlink_data
[2.190s] DEBUG:colcon.colcon_core.event_handler.log_command:Invoking command in '/home/rodrigo/Proyecto_III/g05_prii3/g05_prii3_WS/build/sprint5_eurobot': PYTHONPATH=/home/rodrigo/Proyecto_III/g05_prii3/g05_prii3_WS/build/sprint5_eurobot/prefix_override:/usr/lib/python3/dist-packages/colcon_core/task/python/colcon_distutils_commands:/home/rodrigo/Proyecto_III/g05_prii3/g05_prii3_WS/install/sprint5_eurobot/lib/python3.8/site-packages:${PYTHONPATH} /usr/bin/python3 -W ignore:setup.py install is deprecated -W ignore:easy_install command is deprecated setup.py develop --editable --build-directory /home/rodrigo/Proyecto_III/g05_prii3/g05_prii3_WS/build/sprint5_eurobot/build --no-deps symlink_data
[2.779s] Level 1:colcon.colcon_core.shell:create_environment_hook('eurobot_real', 'pythonpath_develop')
[2.779s] INFO:colcon.colcon_core.shell:Creating environment hook '/home/rodrigo/Proyecto_III/g05_prii3/g05_prii3_WS/build/eurobot_real/share/eurobot_real/hook/pythonpath_develop.ps1'
[2.781s] INFO:colcon.colcon_core.shell:Creating environment descriptor '/home/rodrigo/Proyecto_III/g05_prii3/g05_prii3_WS/build/eurobot_real/share/eurobot_real/hook/pythonpath_develop.dsv'
[2.781s] DEBUG:colcon.colcon_core.event_handler.log_command:Invoked command in '/home/rodrigo/Proyecto_III/g05_prii3/g05_prii3_WS/build/eurobot_real' returned '0': PYTHONPATH=/home/rodrigo/Proyecto_III/g05_prii3/g05_prii3_WS/build/eurobot_real/prefix_override:/usr/lib/python3/dist-packages/colcon_core/task/python/colcon_distutils_commands:/home/rodrigo/Proyecto_III/g05_prii3/g05_prii3_WS/install/eurobot_real/lib/python3.8/site-packages:${PYTHONPATH} /usr/bin/python3 -W ignore:setup.py install is deprecated -W ignore:easy_install command is deprecated setup.py develop --editable --build-directory /home/rodrigo/Proyecto_III/g05_prii3/g05_prii3_WS/build/eurobot_real/build --no-deps symlink_data
[2.781s] INFO:colcon.colcon_core.shell:Creating environment hook '/home/rodrigo/Proyecto_III/g05_prii3/g05_prii3_WS/build/eurobot_real/share/eurobot_real/hook/pythonpath_develop.sh'
[2.786s] Level 1:colcon.colcon_core.environment:checking '/home/rodrigo/Proyecto_III/g05_prii3/g05_prii3_WS/install/eurobot_real' for CMake module files
[2.787s] Level 1:colcon.colcon_core.environment:checking '/home/rodrigo/Proyecto_III/g05_prii3/g05_prii3_WS/install/eurobot_real' for CMake config files
[2.788s] Level 1:colcon.colcon_core.environment:checking '/home/rodrigo/Proyecto_III/g05_prii3/g05_prii3_WS/install/eurobot_real/lib'
[2.788s] Level 1:colcon.colcon_core.environment:checking '/home/rodrigo/Proyecto_III/g05_prii3/g05_prii3_WS/install/eurobot_real/bin'
[2.788s] Level 1:colcon.colcon_core.shell:create_environment_hook('eurobot_real', 'path')
[2.789s] INFO:colcon.colcon_core.shell:Creating environment hook '/home/rodrigo/Proyecto_III/g05_prii3/g05_prii3_WS/install/eurobot_real/share/eurobot_real/hook/path.ps1'
[2.789s] INFO:colcon.colcon_core.shell:Creating environment descriptor '/home/rodrigo/Proyecto_III/g05_prii3/g05_prii3_WS/install/eurobot_real/share/eurobot_real/hook/path.dsv'
[2.790s] INFO:colcon.colcon_core.shell:Creating environment hook '/home/rodrigo/Proyecto_III/g05_prii3/g05_prii3_WS/install/eurobot_real/share/eurobot_real/hook/path.sh'
[2.791s] Level 1:colcon.colcon_core.environment:checking '/home/rodrigo/Proyecto_III/g05_prii3/g05_prii3_WS/install/eurobot_real/lib/pkgconfig/eurobot_real.pc'
[2.791s] Level 1:colcon.colcon_core.environment:checking '/home/rodrigo/Proyecto_III/g05_prii3/g05_prii3_WS/install/eurobot_real/lib/python3.8/site-packages'
[2.791s] Level 1:colcon.colcon_core.shell:create_environment_hook('eurobot_real', 'pythonpath')
[2.791s] INFO:colcon.colcon_core.shell:Creating environment hook '/home/rodrigo/Proyecto_III/g05_prii3/g05_prii3_WS/install/eurobot_real/share/eurobot_real/hook/pythonpath.ps1'
[2.792s] INFO:colcon.colcon_core.shell:Creating environment descriptor '/home/rodrigo/Proyecto_III/g05_prii3/g05_prii3_WS/install/eurobot_real/share/eurobot_real/hook/pythonpath.dsv'
[2.792s] INFO:colcon.colcon_core.shell:Creating environment hook '/home/rodrigo/Proyecto_III/g05_prii3/g05_prii3_WS/install/eurobot_real/share/eurobot_real/hook/pythonpath.sh'
[2.793s] Level 1:colcon.colcon_core.environment:checking '/home/rodrigo/Proyecto_III/g05_prii3/g05_prii3_WS/install/eurobot_real/bin'
[2.793s] Level 1:colcon.colcon_core.shell:create_environment_hook('eurobot_real', 'pythonscriptspath')
[2.794s] INFO:colcon.colcon_core.shell:Creating environment hook '/home/rodrigo/Proyecto_III/g05_prii3/g05_prii3_WS/install/eurobot_real/share/eurobot_real/hook/pythonscriptspath.ps1'
[2.794s] INFO:colcon.colcon_core.shell:Creating environment descriptor '/home/rodrigo/Proyecto_III/g05_prii3/g05_prii3_WS/install/eurobot_real/share/eurobot_real/hook/pythonscriptspath.dsv'
[2.795s] INFO:colcon.colcon_core.shell:Creating environment hook '/home/rodrigo/Proyecto_III/g05_prii3/g05_prii3_WS/install/eurobot_real/share/eurobot_real/hook/pythonscriptspath.sh'
[2.795s] Level 1:colcon.colcon_core.environment:create_environment_scripts_only(eurobot_real)
[2.796s] INFO:colcon.colcon_core.shell:Creating package script '/home/rodrigo/Proyecto_III/g05_prii3/g05_prii3_WS/install/eurobot_real/share/eurobot_real/package.ps1'
[2.797s] INFO:colcon.colcon_core.shell:Creating package descriptor '/home/rodrigo/Proyecto_III/g05_prii3/g05_prii3_WS/install/eurobot_real/share/eurobot_real/package.dsv'
[2.798s] INFO:colcon.colcon_core.shell:Creating package script '/home/rodrigo/Proyecto_III/g05_prii3/g05_prii3_WS/install/eurobot_real/share/eurobot_real/package.sh'
[2.799s] INFO:colcon.colcon_core.shell:Creating package script '/home/rodrigo/Proyecto_III/g05_prii3/g05_prii3_WS/install/eurobot_real/share/eurobot_real/package.bash'
[2.800s] INFO:colcon.colcon_core.shell:Creating package script '/home/rodrigo/Proyecto_III/g05_prii3/g05_prii3_WS/install/eurobot_real/share/eurobot_real/package.zsh'
[2.801s] Level 1:colcon.colcon_core.environment:create_file_with_runtime_dependencies(/home/rodrigo/Proyecto_III/g05_prii3/g05_prii3_WS/install/eurobot_real/share/colcon-core/packages/eurobot_real)
[2.802s] Level 1:colcon.colcon_core.shell:create_environment_hook('sprint4_eurobot', 'pythonpath_develop')
[2.803s] INFO:colcon.colcon_core.shell:Creating environment hook '/home/rodrigo/Proyecto_III/g05_prii3/g05_prii3_WS/build/sprint4_eurobot/share/sprint4_eurobot/hook/pythonpath_develop.ps1'
[2.803s] INFO:colcon.colcon_core.shell:Creating environment descriptor '/home/rodrigo/Proyecto_III/g05_prii3/g05_prii3_WS/build/sprint4_eurobot/share/sprint4_eurobot/hook/pythonpath_develop.dsv'
[2.804s] DEBUG:colcon.colcon_core.event_handler.log_command:Invoked command in '/home/rodrigo/Proyecto_III/g05_prii3/g05_prii3_WS/build/sprint4_eurobot' returned '0': PYTHONPATH=/home/rodrigo/Proyecto_III/g05_prii3/g05_prii3_WS/build/sprint4_eurobot/prefix_override:/usr/lib/python3/dist-packages/colcon_core/task/python/colcon_distutils_commands:/home/rodrigo/Proyecto_III/g05_prii3/g05_prii3_WS/install/sprint4_eurobot/lib/python3.8/site-packages:${PYTHONPATH} /usr/bin/python3 -W ignore:setup.py install is deprecated -W ignore:easy_install command is deprecated setup.py develop --editable --build-directory /home/rodrigo/Proyecto_III/g05_prii3/g05_prii3_WS/build/sprint4_eurobot/build --no-deps symlink_data
[2.804s] INFO:colcon.colcon_core.shell:Creating environment hook '/home/rodrigo/Proyecto_III/g05_prii3/g05_prii3_WS/build/sprint4_eurobot/share/sprint4_eurobot/hook/pythonpath_develop.sh'
[2.805s] Level 1:colcon.colcon_core.environment:checking '/home/rodrigo/Proyecto_III/g05_prii3/g05_prii3_WS/install/sprint4_eurobot' for CMake module files
[2.806s] Level 1:colcon.colcon_core.environment:checking '/home/rodrigo/Proyecto_III/g05_prii3/g05_prii3_WS/install/sprint4_eurobot' for CMake config files
[2.806s] Level 1:colcon.colcon_core.environment:checking '/home/rodrigo/Proyecto_III/g05_prii3/g05_prii3_WS/install/sprint4_eurobot/lib'
[2.807s] Level 1:colcon.colcon_core.environment:checking '/home/rodrigo/Proyecto_III/g05_prii3/g05_prii3_WS/install/sprint4_eurobot/bin'
[2.807s] Level 1:colcon.colcon_core.environment:checking '/home/rodrigo/Proyecto_III/g05_prii3/g05_prii3_WS/install/sprint4_eurobot/lib/pkgconfig/sprint4_eurobot.pc'
[2.807s] Level 1:colcon.colcon_core.environment:checking '/home/rodrigo/Proyecto_III/g05_prii3/g05_prii3_WS/install/sprint4_eurobot/lib/python3.8/site-packages'
[2.807s] Level 1:colcon.colcon_core.shell:create_environment_hook('sprint4_eurobot', 'pythonpath')
[2.807s] INFO:colcon.colcon_core.shell:Creating environment hook '/home/rodrigo/Proyecto_III/g05_prii3/g05_prii3_WS/install/sprint4_eurobot/share/sprint4_eurobot/hook/pythonpath.ps1'
[2.808s] INFO:colcon.colcon_core.shell:Creating environment descriptor '/home/rodrigo/Proyecto_III/g05_prii3/g05_prii3_WS/install/sprint4_eurobot/share/sprint4_eurobot/hook/pythonpath.dsv'
[2.808s] INFO:colcon.colcon_core.shell:Creating environment hook '/home/rodrigo/Proyecto_III/g05_prii3/g05_prii3_WS/install/sprint4_eurobot/share/sprint4_eurobot/hook/pythonpath.sh'
[2.810s] Level 1:colcon.colcon_core.environment:checking '/home/rodrigo/Proyecto_III/g05_prii3/g05_prii3_WS/install/sprint4_eurobot/bin'
[2.810s] Level 1:colcon.colcon_core.environment:create_environment_scripts_only(sprint4_eurobot)
[2.811s] INFO:colcon.colcon_core.shell:Creating package script '/home/rodrigo/Proyecto_III/g05_prii3/g05_prii3_WS/install/sprint4_eurobot/share/sprint4_eurobot/package.ps1'
[2.811s] INFO:colcon.colcon_core.shell:Creating package descriptor '/home/rodrigo/Proyecto_III/g05_prii3/g05_prii3_WS/install/sprint4_eurobot/share/sprint4_eurobot/package.dsv'
[2.812s] INFO:colcon.colcon_core.shell:Creating package script '/home/rodrigo/Proyecto_III/g05_prii3/g05_prii3_WS/install/sprint4_eurobot/share/sprint4_eurobot/package.sh'
[2.813s] INFO:colcon.colcon_core.shell:Creating package script '/home/rodrigo/Proyecto_III/g05_prii3/g05_prii3_WS/install/sprint4_eurobot/share/sprint4_eurobot/package.bash'
[2.813s] INFO:colcon.colcon_core.shell:Creating package script '/home/rodrigo/Proyecto_III/g05_prii3/g05_prii3_WS/install/sprint4_eurobot/share/sprint4_eurobot/package.zsh'
[2.814s] Level 1:colcon.colcon_core.environment:create_file_with_runtime_dependencies(/home/rodrigo/Proyecto_III/g05_prii3/g05_prii3_WS/install/sprint4_eurobot/share/colcon-core/packages/sprint4_eurobot)
[2.818s] Level 1:colcon.colcon_core.shell:create_environment_hook('sprint5_eurobot', 'pythonpath_develop')
[2.819s] INFO:colcon.colcon_core.shell:Creating environment hook '/home/rodrigo/Proyecto_III/g05_prii3/g05_prii3_WS/build/sprint5_eurobot/share/sprint5_eurobot/hook/pythonpath_develop.ps1'
[2.819s] DEBUG:colcon.colcon_core.event_handler.log_command:Invoked command in '/home/rodrigo/Proyecto_III/g05_prii3/g05_prii3_WS/build/sprint5_eurobot' returned '0': PYTHONPATH=/home/rodrigo/Proyecto_III/g05_prii3/g05_prii3_WS/build/sprint5_eurobot/prefix_override:/usr/lib/python3/dist-packages/colcon_core/task/python/colcon_distutils_commands:/home/rodrigo/Proyecto_III/g05_prii3/g05_prii3_WS/install/sprint5_eurobot/lib/python3.8/site-packages:${PYTHONPATH} /usr/bin/python3 -W ignore:setup.py install is deprecated -W ignore:easy_install command is deprecated setup.py develop --editable --build-directory /home/rodrigo/Proyecto_III/g05_prii3/g05_prii3_WS/build/sprint5_eurobot/build --no-deps symlink_data
[2.820s] INFO:colcon.colcon_core.shell:Creating environment descriptor '/home/rodrigo/Proyecto_III/g05_prii3/g05_prii3_WS/build/sprint5_eurobot/share/sprint5_eurobot/hook/pythonpath_develop.dsv'
[2.820s] INFO:colcon.colcon_core.shell:Creating environment hook '/home/rodrigo/Proyecto_III/g05_prii3/g05_prii3_WS/build/sprint5_eurobot/share/sprint5_eurobot/hook/pythonpath_develop.sh'
[2.821s] Level 1:colcon.colcon_core.environment:checking '/home/rodrigo/Proyecto_III/g05_prii3/g05_prii3_WS/install/sprint5_eurobot' for CMake module files
[2.821s] Level 1:colcon.colcon_core.environment:checking '/home/rodrigo/Proyecto_III/g05_prii3/g05_prii3_WS/install/sprint5_eurobot' for CMake config files
[2.822s] Level 1:colcon.colcon_core.environment:checking '/home/rodrigo/Proyecto_III/g05_prii3/g05_prii3_WS/install/sprint5_eurobot/lib'
[2.822s] Level 1:colcon.colcon_core.environment:checking '/home/rodrigo/Proyecto_III/g05_prii3/g05_prii3_WS/install/sprint5_eurobot/bin'
[2.822s] Level 1:colcon.colcon_core.environment:checking '/home/rodrigo/Proyecto_III/g05_prii3/g05_prii3_WS/install/sprint5_eurobot/lib/pkgconfig/sprint5_eurobot.pc'
[2.822s] Level 1:colcon.colcon_core.environment:checking '/home/rodrigo/Proyecto_III/g05_prii3/g05_prii3_WS/install/sprint5_eurobot/lib/python3.8/site-packages'
[2.823s] Level 1:colcon.colcon_core.shell:create_environment_hook('sprint5_eurobot', 'pythonpath')
[2.823s] INFO:colcon.colcon_core.shell:Creating environment hook '/home/rodrigo/Proyecto_III/g05_prii3/g05_prii3_WS/install/sprint5_eurobot/share/sprint5_eurobot/hook/pythonpath.ps1'
[2.823s] INFO:colcon.colcon_core.shell:Creating environment descriptor '/home/rodrigo/Proyecto_III/g05_prii3/g05_prii3_WS/install/sprint5_eurobot/share/sprint5_eurobot/hook/pythonpath.dsv'
[2.824s] INFO:colcon.colcon_core.shell:Creating environment hook '/home/rodrigo/Proyecto_III/g05_prii3/g05_prii3_WS/install/sprint5_eurobot/share/sprint5_eurobot/hook/pythonpath.sh'
[2.825s] Level 1:colcon.colcon_core.environment:checking '/home/rodrigo/Proyecto_III/g05_prii3/g05_prii3_WS/install/sprint5_eurobot/bin'
[2.825s] Level 1:colcon.colcon_core.environment:create_environment_scripts_only(sprint5_eurobot)
[2.825s] INFO:colcon.colcon_core.shell:Creating package script '/home/rodrigo/Proyecto_III/g05_prii3/g05_prii3_WS/install/sprint5_eurobot/share/sprint5_eurobot/package.ps1'
[2.826s] INFO:colcon.colcon_core.shell:Creating package descriptor '/home/rodrigo/Proyecto_III/g05_prii3/g05_prii3_WS/install/sprint5_eurobot/share/sprint5_eurobot/package.dsv'
[2.826s] INFO:colcon.colcon_core.shell:Creating package script '/home/rodrigo/Proyecto_III/g05_prii3/g05_prii3_WS/install/sprint5_eurobot/share/sprint5_eurobot/package.sh'
[2.827s] INFO:colcon.colcon_core.shell:Creating package script '/home/rodrigo/Proyecto_III/g05_prii3/g05_prii3_WS/install/sprint5_eurobot/share/sprint5_eurobot/package.bash'
[2.828s] INFO:colcon.colcon_core.shell:Creating package script '/home/rodrigo/Proyecto_III/g05_prii3/g05_prii3_WS/install/sprint5_eurobot/share/sprint5_eurobot/package.zsh'
[2.828s] Level 1:colcon.colcon_core.environment:create_file_with_runtime_dependencies(/home/rodrigo/Proyecto_III/g05_prii3/g05_prii3_WS/install/sprint5_eurobot/share/colcon-core/packages/sprint5_eurobot)
[2.828s] DEBUG:colcon.colcon_parallel_executor.executor.parallel:closing loop
[2.829s] DEBUG:colcon.colcon_parallel_executor.executor.parallel:loop closed
[2.829s] DEBUG:colcon.colcon_parallel_executor.executor.parallel:run_until_complete finished with '0'
[2.829s] DEBUG:colcon.colcon_core.event_reactor:joining thread
[2.836s] INFO:colcon.colcon_core.plugin_system:Skipping extension 'colcon_notification.desktop_notification.terminal_notifier': Not used on non-Darwin systems
[2.836s] INFO:colcon.colcon_core.plugin_system:Skipping extension 'colcon_notification.desktop_notification.win32': Not used on non-Windows systems
[2.836s] INFO:colcon.colcon_notification.desktop_notification:Sending desktop notification using 'notify2'
[2.851s] DEBUG:colcon.colcon_core.event_reactor:joined thread
[2.852s] INFO:colcon.colcon_core.shell:Creating prefix script '/home/rodrigo/Proyecto_III/g05_prii3/g05_prii3_WS/install/local_setup.ps1'
[2.853s] INFO:colcon.colcon_core.shell:Creating prefix util module '/home/rodrigo/Proyecto_III/g05_prii3/g05_prii3_WS/install/_local_setup_util_ps1.py'
[2.855s] INFO:colcon.colcon_core.shell:Creating prefix chain script '/home/rodrigo/Proyecto_III/g05_prii3/g05_prii3_WS/install/setup.ps1'
[2.856s] INFO:colcon.colcon_core.shell:Creating prefix script '/home/rodrigo/Proyecto_III/g05_prii3/g05_prii3_WS/install/local_setup.sh'
[2.856s] INFO:colcon.colcon_core.shell:Creating prefix util module '/home/rodrigo/Proyecto_III/g05_prii3/g05_prii3_WS/install/_local_setup_util_sh.py'
[2.857s] INFO:colcon.colcon_core.shell:Creating prefix chain script '/home/rodrigo/Proyecto_III/g05_prii3/g05_prii3_WS/install/setup.sh'
[2.858s] INFO:colcon.colcon_core.shell:Creating prefix script '/home/rodrigo/Proyecto_III/g05_prii3/g05_prii3_WS/install/local_setup.bash'
[2.859s] INFO:colcon.colcon_core.shell:Creating prefix chain script '/home/rodrigo/Proyecto_III/g05_prii3/g05_prii3_WS/install/setup.bash'
[2.860s] INFO:colcon.colcon_core.shell:Creating prefix script '/home/rodrigo/Proyecto_III/g05_prii3/g05_prii3_WS/install/local_setup.zsh'
[2.861s] INFO:colcon.colcon_core.shell:Creating prefix chain script '/home/rodrigo/Proyecto_III/g05_prii3/g05_prii3_WS/install/setup.zsh'
