running develop
running egg_info
writing sprint4_eurobot.egg-info/PKG-INFO
writing dependency_links to sprint4_eurobot.egg-info/dependency_links.txt
writing entry points to sprint4_eurobot.egg-info/entry_points.txt
writing requirements to sprint4_eurobot.egg-info/requires.txt
writing top-level names to sprint4_eurobot.egg-info/top_level.txt
reading manifest file 'sprint4_eurobot.egg-info/SOURCES.txt'
writing manifest file 'sprint4_eurobot.egg-info/SOURCES.txt'
running build_ext
Creating /home/rodrigo/Proyecto_III/g05_prii3/g05_prii3_WS/install/sprint4_eurobot/lib/python3.8/site-packages/site.py
Creating /home/rodrigo/Proyecto_III/g05_prii3/g05_prii3_WS/install/sprint4_eurobot/lib/python3.8/site-packages/sprint4-eurobot.egg-link (link to .)
Installing cenital_node script to /home/rodrigo/Proyecto_III/g05_prii3/g05_prii3_WS/install/sprint4_eurobot/lib/sprint4_eurobot
Installing visual_navigator script to /home/rodrigo/Proyecto_III/g05_prii3/g05_prii3_WS/install/sprint4_eurobot/lib/sprint4_eurobot

Installed /home/rodrigo/Proyecto_III/g05_prii3/g05_prii3_WS/build/sprint4_eurobot
running symlink_data
symbolically linking /home/rodrigo/Proyecto_III/g05_prii3/g05_prii3_WS/build/sprint4_eurobot/resource/sprint4_eurobot -> /home/rodrigo/Proyecto_III/g05_prii3/g05_prii3_WS/install/sprint4_eurobot/share/ament_index/resource_index/packages
symbolically linking /home/rodrigo/Proyecto_III/g05_prii3/g05_prii3_WS/build/sprint4_eurobot/package.xml -> /home/rodrigo/Proyecto_III/g05_prii3/g05_prii3_WS/install/sprint4_eurobot/share/sprint4_eurobot
symbolically linking /home/rodrigo/Proyecto_III/g05_prii3/g05_prii3_WS/build/sprint4_eurobot/launch/eurobot_launch.py -> /home/rodrigo/Proyecto_III/g05_prii3/g05_prii3_WS/install/sprint4_eurobot/share/sprint4_eurobot/launch
symbolically linking /home/rodrigo/Proyecto_III/g05_prii3/g05_prii3_WS/build/sprint4_eurobot/launch/eurobot_rviz_launch.py -> /home/rodrigo/Proyecto_III/g05_prii3/g05_prii3_WS/install/sprint4_eurobot/share/sprint4_eurobot/launch
symbolically linking /home/rodrigo/Proyecto_III/g05_prii3/g05_prii3_WS/build/sprint4_eurobot/world/eurobot.world -> /home/rodrigo/Proyecto_III/g05_prii3/g05_prii3_WS/install/sprint4_eurobot/share/sprint4_eurobot/world
symbolically linking /home/rodrigo/Proyecto_III/g05_prii3/g05_prii3_WS/build/sprint4_eurobot/rviz/eurobot.rviz -> /home/rodrigo/Proyecto_III/g05_prii3/g05_prii3_WS/install/sprint4_eurobot/share/sprint4_eurobot/rviz
symbolically linking /home/rodrigo/Proyecto_III/g05_prii3/g05_prii3_WS/build/sprint4_eurobot/materials/scripts/eurobot.material -> /home/rodrigo/Proyecto_III/g05_prii3/g05_prii3_WS/install/sprint4_eurobot/share/sprint4_eurobot/materials/scripts
symbolically linking /home/rodrigo/Proyecto_III/g05_prii3/g05_prii3_WS/build/sprint4_eurobot/materials/textures/mapa_eurobot_rotated.png -> /home/rodrigo/Proyecto_III/g05_prii3/g05_prii3_WS/install/sprint4_eurobot/share/sprint4_eurobot/materials/textures
symbolically linking /home/rodrigo/Proyecto_III/g05_prii3/g05_prii3_WS/build/sprint4_eurobot/materials/textures/aruco_origin.png -> /home/rodrigo/Proyecto_III/g05_prii3/g05_prii3_WS/install/sprint4_eurobot/share/sprint4_eurobot/materials/textures
symbolically linking /home/rodrigo/Proyecto_III/g05_prii3/g05_prii3_WS/build/sprint4_eurobot/materials/textures/aruco_robot.png -> /home/rodrigo/Proyecto_III/g05_prii3/g05_prii3_WS/install/sprint4_eurobot/share/sprint4_eurobot/materials/textures
symbolically linking /home/rodrigo/Proyecto_III/g05_prii3/g05_prii3_WS/build/sprint4_eurobot/models/waffle_aruco/model.config -> /home/rodrigo/Proyecto_III/g05_prii3/g05_prii3_WS/install/sprint4_eurobot/share/sprint4_eurobot/models/waffle_aruco
symbolically linking /home/rodrigo/Proyecto_III/g05_prii3/g05_prii3_WS/build/sprint4_eurobot/models/waffle_aruco/model.sdf -> /home/rodrigo/Proyecto_III/g05_prii3/g05_prii3_WS/install/sprint4_eurobot/share/sprint4_eurobot/models/waffle_aruco
