/home/jgomper/Escritorio/UPV/proyecto_3/g05_prii3/g05_prii3_WS/install/sprint4_eurobot/lib/python3.8/site-packages/sprint4_eurobot/__init__.py
/home/jgomper/Escritorio/UPV/proyecto_3/g05_prii3/g05_prii3_WS/install/sprint4_eurobot/lib/python3.8/site-packages/sprint4_eurobot/cenital_node.py
/home/jgomper/Escritorio/UPV/proyecto_3/g05_prii3/g05_prii3_WS/install/sprint4_eurobot/lib/python3.8/site-packages/sprint4_eurobot/__pycache__/__init__.cpython-38.pyc
/home/jgomper/Escritorio/UPV/proyecto_3/g05_prii3/g05_prii3_WS/install/sprint4_eurobot/lib/python3.8/site-packages/sprint4_eurobot/__pycache__/cenital_node.cpython-38.pyc
/home/jgomper/Escritorio/UPV/proyecto_3/g05_prii3/g05_prii3_WS/install/sprint4_eurobot/share/ament_index/resource_index/packages/sprint4_eurobot
/home/jgomper/Escritorio/UPV/proyecto_3/g05_prii3/g05_prii3_WS/install/sprint4_eurobot/share/sprint4_eurobot/package.xml
/home/jgomper/Escritorio/UPV/proyecto_3/g05_prii3/g05_prii3_WS/install/sprint4_eurobot/share/sprint4_eurobot/launch/eurobot_rviz_launch.py
/home/jgomper/Escritorio/UPV/proyecto_3/g05_prii3/g05_prii3_WS/install/sprint4_eurobot/share/sprint4_eurobot/launch/eurobot_launch.py
/home/jgomper/Escritorio/UPV/proyecto_3/g05_prii3/g05_prii3_WS/install/sprint4_eurobot/share/sprint4_eurobot/world/eurobot.world
/home/jgomper/Escritorio/UPV/proyecto_3/g05_prii3/g05_prii3_WS/install/sprint4_eurobot/share/sprint4_eurobot/rviz/eurobot.rviz
/home/jgomper/Escritorio/UPV/proyecto_3/g05_prii3/g05_prii3_WS/install/sprint4_eurobot/share/sprint4_eurobot/materials/scripts/eurobot.material
/home/jgomper/Escritorio/UPV/proyecto_3/g05_prii3/g05_prii3_WS/install/sprint4_eurobot/share/sprint4_eurobot/materials/textures/aruco_origin.png
/home/jgomper/Escritorio/UPV/proyecto_3/g05_prii3/g05_prii3_WS/install/sprint4_eurobot/share/sprint4_eurobot/materials/textures/aruco_robot.png
/home/jgomper/Escritorio/UPV/proyecto_3/g05_prii3/g05_prii3_WS/install/sprint4_eurobot/share/sprint4_eurobot/materials/textures/mapa_eurobot_rotated.png
/home/jgomper/Escritorio/UPV/proyecto_3/g05_prii3/g05_prii3_WS/install/sprint4_eurobot/share/sprint4_eurobot/models/waffle_aruco/model.sdf
/home/jgomper/Escritorio/UPV/proyecto_3/g05_prii3/g05_prii3_WS/install/sprint4_eurobot/share/sprint4_eurobot/models/waffle_aruco/model.config
/home/jgomper/Escritorio/UPV/proyecto_3/g05_prii3/g05_prii3_WS/install/sprint4_eurobot/lib/python3.8/site-packages/sprint4_eurobot-0.0.0-py3.8.egg-info/dependency_links.txt
/home/jgomper/Escritorio/UPV/proyecto_3/g05_prii3/g05_prii3_WS/install/sprint4_eurobot/lib/python3.8/site-packages/sprint4_eurobot-0.0.0-py3.8.egg-info/SOURCES.txt
/home/jgomper/Escritorio/UPV/proyecto_3/g05_prii3/g05_prii3_WS/install/sprint4_eurobot/lib/python3.8/site-packages/sprint4_eurobot-0.0.0-py3.8.egg-info/requires.txt
/home/jgomper/Escritorio/UPV/proyecto_3/g05_prii3/g05_prii3_WS/install/sprint4_eurobot/lib/python3.8/site-packages/sprint4_eurobot-0.0.0-py3.8.egg-info/PKG-INFO
/home/jgomper/Escritorio/UPV/proyecto_3/g05_prii3/g05_prii3_WS/install/sprint4_eurobot/lib/python3.8/site-packages/sprint4_eurobot-0.0.0-py3.8.egg-info/entry_points.txt
/home/jgomper/Escritorio/UPV/proyecto_3/g05_prii3/g05_prii3_WS/install/sprint4_eurobot/lib/python3.8/site-packages/sprint4_eurobot-0.0.0-py3.8.egg-info/top_level.txt
/home/jgomper/Escritorio/UPV/proyecto_3/g05_prii3/g05_prii3_WS/install/sprint4_eurobot/lib/python3.8/site-packages/sprint4_eurobot-0.0.0-py3.8.egg-info/zip-safe
/home/jgomper/Escritorio/UPV/proyecto_3/g05_prii3/g05_prii3_WS/install/sprint4_eurobot/lib/sprint4_eurobot/cenital_node
