-- The C compiler identification is GNU 9.4.0
-- The CXX compiler identification is GNU 9.4.0
-- Check for working C compiler: /usr/bin/cc
-- Check for working C compiler: /usr/bin/cc -- works
-- Detecting C compiler ABI info
-- Detecting C compiler ABI info - done
-- Detecting C compile features
-- Detecting C compile features - done
-- Check for working CXX compiler: /usr/bin/c++
-- Check for working CXX compiler: /usr/bin/c++ -- works
-- Detecting CXX compiler ABI info
-- Detecting CXX compiler ABI info - done
-- Detecting CXX compile features
-- Detecting CXX compile features - done
-- Found ament_cmake: 0.9.12 (/opt/ros/foxy/share/ament_cmake/cmake)
-- Found PythonInterp: /usr/bin/python3 (found suitable version "3.8.10", minimum required is "3") 
-- Using PYTHON_EXECUTABLE: /usr/bin/python3
-- Found ament_lint_auto: 0.9.8 (/opt/ros/foxy/share/ament_lint_auto/cmake)
WARNING: Package name "gXX_prii3_WS" does not follow the naming conventions. It should start with a lower case letter and only contain lower case letters, digits, underscores, and dashes.
-- Added test 'copyright' to check source files copyright and LICENSE
-- Added test 'cppcheck' to perform static code analysis on C / C++ code
-- Configured cppcheck include dirs: 
-- Configured cppcheck exclude dirs and/or files: 
-- Added test 'cpplint' to check C / C++ code against the Google style
-- Configured cpplint exclude dirs and/or files: 
-- Added test 'flake8' to check Python code syntax and style conventions
-- Added test 'lint_cmake' to check CMake code style
-- Added test 'pep257' to check Python code against some of the style conventions in PEP 257
-- Added test 'uncrustify' to check C / C++ code style
-- Configured uncrustify additional arguments: 
-- Added test 'xmllint' to check XML markup files
-- Configuring done
-- Generating done
-- Build files have been written to: /home/rodrigo/Proyecto_III/g05_prii3/g05_prii3_WS/build/gXX_prii3_WS
-- Install configuration: ""
-- Installing: /home/rodrigo/Proyecto_III/g05_prii3/g05_prii3_WS/install/gXX_prii3_WS/share/ament_index/resource_index/package_run_dependencies/gXX_prii3_WS
-- Installing: /home/rodrigo/Proyecto_III/g05_prii3/g05_prii3_WS/install/gXX_prii3_WS/share/ament_index/resource_index/parent_prefix_path/gXX_prii3_WS
-- Installing: /home/rodrigo/Proyecto_III/g05_prii3/g05_prii3_WS/install/gXX_prii3_WS/share/gXX_prii3_WS/environment/ament_prefix_path.sh
-- Installing: /home/rodrigo/Proyecto_III/g05_prii3/g05_prii3_WS/install/gXX_prii3_WS/share/gXX_prii3_WS/environment/ament_prefix_path.dsv
-- Installing: /home/rodrigo/Proyecto_III/g05_prii3/g05_prii3_WS/install/gXX_prii3_WS/share/gXX_prii3_WS/environment/path.sh
-- Installing: /home/rodrigo/Proyecto_III/g05_prii3/g05_prii3_WS/install/gXX_prii3_WS/share/gXX_prii3_WS/environment/path.dsv
-- Installing: /home/rodrigo/Proyecto_III/g05_prii3/g05_prii3_WS/install/gXX_prii3_WS/share/gXX_prii3_WS/local_setup.bash
-- Installing: /home/rodrigo/Proyecto_III/g05_prii3/g05_prii3_WS/install/gXX_prii3_WS/share/gXX_prii3_WS/local_setup.sh
-- Installing: /home/rodrigo/Proyecto_III/g05_prii3/g05_prii3_WS/install/gXX_prii3_WS/share/gXX_prii3_WS/local_setup.zsh
-- Installing: /home/rodrigo/Proyecto_III/g05_prii3/g05_prii3_WS/install/gXX_prii3_WS/share/gXX_prii3_WS/local_setup.dsv
-- Installing: /home/rodrigo/Proyecto_III/g05_prii3/g05_prii3_WS/install/gXX_prii3_WS/share/gXX_prii3_WS/package.dsv
-- Installing: /home/rodrigo/Proyecto_III/g05_prii3/g05_prii3_WS/install/gXX_prii3_WS/share/ament_index/resource_index/packages/gXX_prii3_WS
-- Installing: /home/rodrigo/Proyecto_III/g05_prii3/g05_prii3_WS/install/gXX_prii3_WS/share/gXX_prii3_WS/cmake/gXX_prii3_WSConfig.cmake
-- Installing: /home/rodrigo/Proyecto_III/g05_prii3/g05_prii3_WS/install/gXX_prii3_WS/share/gXX_prii3_WS/cmake/gXX_prii3_WSConfig-version.cmake
-- Installing: /home/rodrigo/Proyecto_III/g05_prii3/g05_prii3_WS/install/gXX_prii3_WS/share/gXX_prii3_WS/package.xml
