[0.018s] Invoking command in '/home/rodrigo/Proyecto_III/g05_prii3/g05_prii3_WS/build/gXX_prii3_WS': CMAKE_PREFIX_PATH=/opt/ros/foxy /usr/bin/cmake /home/rodrigo/Proyecto_III/g05_prii3/g05_prii3_WS -DCMAKE_INSTALL_PREFIX=/home/rodrigo/Proyecto_III/g05_prii3/g05_prii3_WS/install/gXX_prii3_WS
[0.279s] -- The C compiler identification is GNU 9.4.0
[0.468s] -- The CXX compiler identification is GNU 9.4.0
[0.480s] -- Check for working C compiler: /usr/bin/cc
[0.590s] -- Check for working C compiler: /usr/bin/cc -- works
[0.593s] -- Detecting C compiler ABI info
[0.694s] -- Detecting C compiler ABI info - done
[0.713s] -- Detecting C compile features
[0.714s] -- Detecting C compile features - done
[0.719s] -- Check for working CXX compiler: /usr/bin/c++
[0.844s] -- Check for working CXX compiler: /usr/bin/c++ -- works
[0.847s] -- Detecting CXX compiler ABI info
[0.999s] -- Detecting CXX compiler ABI info - done
[1.018s] -- Detecting CXX compile features
[1.018s] -- Detecting CXX compile features - done
[1.024s] -- Found ament_cmake: 0.9.12 (/opt/ros/foxy/share/ament_cmake/cmake)
[1.063s] -- Found PythonInterp: /usr/bin/python3 (found suitable version "3.8.10", minimum required is "3") 
[1.063s] -- Using PYTHON_EXECUTABLE: /usr/bin/python3
[1.390s] -- Found ament_lint_auto: 0.9.8 (/opt/ros/foxy/share/ament_lint_auto/cmake)
[1.459s] WARNING: Package name "gXX_prii3_WS" does not follow the naming conventions. It should start with a lower case letter and only contain lower case letters, digits, underscores, and dashes.
[1.513s] -- Added test 'copyright' to check source files copyright and LICENSE
[1.524s] -- Added test 'cppcheck' to perform static code analysis on C / C++ code
[1.524s] -- Configured cppcheck include dirs: 
[1.524s] -- Configured cppcheck exclude dirs and/or files: 
[1.534s] -- Added test 'cpplint' to check C / C++ code against the Google style
[1.534s] -- Configured cpplint exclude dirs and/or files: 
[1.536s] -- Added test 'flake8' to check Python code syntax and style conventions
[1.539s] -- Added test 'lint_cmake' to check CMake code style
[1.541s] -- Added test 'pep257' to check Python code against some of the style conventions in PEP 257
[1.551s] -- Added test 'uncrustify' to check C / C++ code style
[1.552s] -- Configured uncrustify additional arguments: 
[1.554s] -- Added test 'xmllint' to check XML markup files
[1.557s] -- Configuring done
[1.560s] -- Generating done
[1.562s] -- Build files have been written to: /home/rodrigo/Proyecto_III/g05_prii3/g05_prii3_WS/build/gXX_prii3_WS
[1.568s] Invoked command in '/home/rodrigo/Proyecto_III/g05_prii3/g05_prii3_WS/build/gXX_prii3_WS' returned '0': CMAKE_PREFIX_PATH=/opt/ros/foxy /usr/bin/cmake /home/rodrigo/Proyecto_III/g05_prii3/g05_prii3_WS -DCMAKE_INSTALL_PREFIX=/home/rodrigo/Proyecto_III/g05_prii3/g05_prii3_WS/install/gXX_prii3_WS
[1.572s] Invoking command in '/home/rodrigo/Proyecto_III/g05_prii3/g05_prii3_WS/build/gXX_prii3_WS': CMAKE_PREFIX_PATH=/opt/ros/foxy /usr/bin/cmake --build /home/rodrigo/Proyecto_III/g05_prii3/g05_prii3_WS/build/gXX_prii3_WS -- -j12 -l12
[1.629s] Invoked command in '/home/rodrigo/Proyecto_III/g05_prii3/g05_prii3_WS/build/gXX_prii3_WS' returned '0': CMAKE_PREFIX_PATH=/opt/ros/foxy /usr/bin/cmake --build /home/rodrigo/Proyecto_III/g05_prii3/g05_prii3_WS/build/gXX_prii3_WS -- -j12 -l12
[1.650s] Invoking command in '/home/rodrigo/Proyecto_III/g05_prii3/g05_prii3_WS/build/gXX_prii3_WS': CMAKE_PREFIX_PATH=/opt/ros/foxy /usr/bin/cmake --install /home/rodrigo/Proyecto_III/g05_prii3/g05_prii3_WS/build/gXX_prii3_WS
[1.661s] -- Install configuration: ""
[1.662s] -- Installing: /home/rodrigo/Proyecto_III/g05_prii3/g05_prii3_WS/install/gXX_prii3_WS/share/ament_index/resource_index/package_run_dependencies/gXX_prii3_WS
[1.662s] -- Installing: /home/rodrigo/Proyecto_III/g05_prii3/g05_prii3_WS/install/gXX_prii3_WS/share/ament_index/resource_index/parent_prefix_path/gXX_prii3_WS
[1.662s] -- Installing: /home/rodrigo/Proyecto_III/g05_prii3/g05_prii3_WS/install/gXX_prii3_WS/share/gXX_prii3_WS/environment/ament_prefix_path.sh
[1.663s] -- Installing: /home/rodrigo/Proyecto_III/g05_prii3/g05_prii3_WS/install/gXX_prii3_WS/share/gXX_prii3_WS/environment/ament_prefix_path.dsv
[1.663s] -- Installing: /home/rodrigo/Proyecto_III/g05_prii3/g05_prii3_WS/install/gXX_prii3_WS/share/gXX_prii3_WS/environment/path.sh
[1.663s] -- Installing: /home/rodrigo/Proyecto_III/g05_prii3/g05_prii3_WS/install/gXX_prii3_WS/share/gXX_prii3_WS/environment/path.dsv
[1.663s] -- Installing: /home/rodrigo/Proyecto_III/g05_prii3/g05_prii3_WS/install/gXX_prii3_WS/share/gXX_prii3_WS/local_setup.bash
[1.663s] -- Installing: /home/rodrigo/Proyecto_III/g05_prii3/g05_prii3_WS/install/gXX_prii3_WS/share/gXX_prii3_WS/local_setup.sh
[1.663s] -- Installing: /home/rodrigo/Proyecto_III/g05_prii3/g05_prii3_WS/install/gXX_prii3_WS/share/gXX_prii3_WS/local_setup.zsh
[1.664s] -- Installing: /home/rodrigo/Proyecto_III/g05_prii3/g05_prii3_WS/install/gXX_prii3_WS/share/gXX_prii3_WS/local_setup.dsv
[1.664s] -- Installing: /home/rodrigo/Proyecto_III/g05_prii3/g05_prii3_WS/install/gXX_prii3_WS/share/gXX_prii3_WS/package.dsv
[1.664s] -- Installing: /home/rodrigo/Proyecto_III/g05_prii3/g05_prii3_WS/install/gXX_prii3_WS/share/ament_index/resource_index/packages/gXX_prii3_WS
[1.664s] -- Installing: /home/rodrigo/Proyecto_III/g05_prii3/g05_prii3_WS/install/gXX_prii3_WS/share/gXX_prii3_WS/cmake/gXX_prii3_WSConfig.cmake
[1.664s] -- Installing: /home/rodrigo/Proyecto_III/g05_prii3/g05_prii3_WS/install/gXX_prii3_WS/share/gXX_prii3_WS/cmake/gXX_prii3_WSConfig-version.cmake
[1.665s] -- Installing: /home/rodrigo/Proyecto_III/g05_prii3/g05_prii3_WS/install/gXX_prii3_WS/share/gXX_prii3_WS/package.xml
[1.668s] Invoked command in '/home/rodrigo/Proyecto_III/g05_prii3/g05_prii3_WS/build/gXX_prii3_WS' returned '0': CMAKE_PREFIX_PATH=/opt/ros/foxy /usr/bin/cmake --install /home/rodrigo/Proyecto_III/g05_prii3/g05_prii3_WS/build/gXX_prii3_WS
